This is pdfTeX, Version 3.14159265-2.6-1.40.21 (TeX Live 2020/W32TeX) (INITEX)  3 OCT 2021 13:22
entering extended mode
 restricted \write18 enabled.
 %&-line parsing enabled.
 (c:/Users/olikin/CloudStation/Travail/cross/chronoHB-v1/chronoHB/texlive/2020/texmf-dist/web2c/cp227.tcx)
***pdflatex.ini

(c:/Users/olikin/CloudStation/Travail/cross/chronoHB-v1/chronoHB/texlive/2020/t
exmf-dist/tex/latex/latexconfig/pdflatex.ini
(c:/Users/olikin/CloudStation/Travail/cross/chronoHB-v1/chronoHB/texlive/2020/t
exmf-config/tex/generic/tex-ini-files/pdftexconfig.tex)

(c:/Users/olikin/CloudStation/Travail/cross/chronoHB-v1/chronoHB/texlive/2020/t
exmf-dist/tex/latex/base/latex.ltx
(c:/Users/olikin/CloudStation/Travail/cross/chronoHB-v1/chronoHB/texlive/2020/t
exmf-dist/tex/latex/base/texsys.cfg)
\openout15 = `texsys.aux'.


./texsys.aux found


\@currdir set to: ./.


Assuming \openin and \input 
have the same search path.


Defining UNIX/DOS style filename parser.

catcodes, registers,
\maxdimen=\dimen10
\hideskip=\skip10
\p@=\dimen11
\z@=\dimen12
\z@skip=\skip11
\voidb@x=\box10
 parameters,
\normalbaselineskip=\skip12
\normallineskip=\skip13
\normallineskiplimit=\dimen13
\interfootnotelinepenalty=\count23
\strutbox=\box11

LaTeX2e <2020-10-01> patch level 4

(c:/Users/olikin/CloudStation/Travail/cross/chronoHB-v1/chronoHB/texlive/2020/t
exmf-dist/tex/latex/l3kernel/expl3.ltx
(c:/Users/olikin/CloudStation/Travail/cross/chronoHB-v1/chronoHB/texlive/2020/t
exmf-dist/tex/latex/l3kernel/expl3-code.tex
Package: expl3 2021-02-18 L3 programming layer (code)
\c_max_int=\count24
\l_tmpa_int=\count25
\l_tmpb_int=\count26
\g_tmpa_int=\count27
\g_tmpb_int=\count28
\l__seq_internal_a_int=\count29
\l__seq_internal_b_int=\count30
\g__kernel_prg_map_int=\count31
\c__ior_term_noprompt_ior=\count32
\c_log_iow=\count33
\l_iow_line_count_int=\count34
\l__iow_line_target_int=\count35
\l__iow_one_indent_int=\count36
\l__iow_indent_int=\count37
\c_zero_dim=\dimen14
\c_max_dim=\dimen15
\l_tmpa_dim=\dimen16
\l_tmpb_dim=\dimen17
\g_tmpa_dim=\dimen18
\g_tmpb_dim=\dimen19
\c_zero_skip=\skip14
\c_max_skip=\skip15
\l_tmpa_skip=\skip16
\l_tmpb_skip=\skip17
\g_tmpa_skip=\skip18
\g_tmpb_skip=\skip19
\c_zero_muskip=\muskip10
\c_max_muskip=\muskip11
\l_tmpa_muskip=\muskip12
\l_tmpb_muskip=\muskip13
\g_tmpa_muskip=\muskip14
\g_tmpb_muskip=\muskip15
\l_keys_choice_int=\count38
\l__intarray_loop_int=\count39
\c__intarray_sp_dim=\dimen20
\g__intarray_font_int=\count40
\c__fp_leading_shift_int=\count41
\c__fp_middle_shift_int=\count42
\c__fp_trailing_shift_int=\count43
\c__fp_big_leading_shift_int=\count44
\c__fp_big_middle_shift_int=\count45
\c__fp_big_trailing_shift_int=\count46
\c__fp_Bigg_leading_shift_int=\count47
\c__fp_Bigg_middle_shift_int=\count48
\c__fp_Bigg_trailing_shift_int=\count49
\c__kernel_randint_max_int=\count50
\g__fp_array_int=\count51
\l__fp_array_loop_int=\count52
\g__cctab_allocate_int=\count53
\l__sort_length_int=\count54
\l__sort_min_int=\count55
\l__sort_top_int=\count56
\l__sort_max_int=\count57
\l__sort_true_max_int=\count58
\l__sort_block_int=\count59
\l__sort_begin_int=\count60
\l__sort_end_int=\count61
\l__sort_A_int=\count62
\l__sort_B_int=\count63
\l__sort_C_int=\count64
\c__str_replacement_char_int=\count65
\l__str_modulo_int=\count66
\l__tl_analysis_normal_int=\count67
\l__tl_analysis_index_int=\count68
\l__tl_analysis_nesting_int=\count69
\l__tl_analysis_type_int=\count70
\l__tl_peek_charcode_int=\count71
\l__regex_internal_a_int=\count72
\l__regex_internal_b_int=\count73
\l__regex_internal_c_int=\count74
\l__regex_balance_int=\count75
\l__regex_group_level_int=\count76
\l__regex_mode_int=\count77
\c__regex_cs_in_class_mode_int=\count78
\c__regex_cs_mode_int=\count79
\l__regex_catcodes_int=\count80
\l__regex_default_catcodes_int=\count81
\c__regex_catcode_D_int=\count82
\c__regex_catcode_S_int=\count83
\c__regex_catcode_L_int=\count84
\c__regex_catcode_O_int=\count85
\c__regex_catcode_A_int=\count86
\c__regex_all_catcodes_int=\count87
\l__regex_show_lines_int=\count88
\l__regex_min_state_int=\count89
\l__regex_max_state_int=\count90
\l__regex_left_state_int=\count91
\l__regex_right_state_int=\count92
\l__regex_capturing_group_int=\count93
\l__regex_min_pos_int=\count94
\l__regex_max_pos_int=\count95
\l__regex_curr_pos_int=\count96
\l__regex_start_pos_int=\count97
\l__regex_success_pos_int=\count98
\l__regex_curr_char_int=\count99
\l__regex_curr_catcode_int=\count100
\l__regex_last_char_int=\count101
\l__regex_last_char_success_int=\count102
\l__regex_case_changed_char_int=\count103
\l__regex_curr_state_int=\count104
\l__regex_step_int=\count105
\l__regex_min_thread_int=\count106
\l__regex_max_thread_int=\count107
\l__regex_replacement_csnames_int=\count108
\l__regex_match_count_int=\count109
\l__regex_min_submatch_int=\count110
\l__regex_submatch_int=\count111
\l__regex_zeroth_submatch_int=\count112
\g__regex_trace_regex_int=\count113
\c_empty_box=\box12
\l_tmpa_box=\box13
\l_tmpb_box=\box14
\g_tmpa_box=\box15
\g_tmpb_box=\box16
\l__box_top_dim=\dimen21
\l__box_bottom_dim=\dimen22
\l__box_left_dim=\dimen23
\l__box_right_dim=\dimen24
\l__box_top_new_dim=\dimen25
\l__box_bottom_new_dim=\dimen26
\l__box_left_new_dim=\dimen27
\l__box_right_new_dim=\dimen28
\l__box_internal_box=\box17
\l__color_internal_int=\count114
\g__color_model_int=\count115
\l__coffin_internal_box=\box18
\l__coffin_internal_dim=\dimen29
\l__coffin_offset_x_dim=\dimen30
\l__coffin_offset_y_dim=\dimen31
\l__coffin_x_dim=\dimen32
\l__coffin_y_dim=\dimen33
\l__coffin_x_prime_dim=\dimen34
\l__coffin_y_prime_dim=\dimen35
\c_empty_coffin=\box19
\l__coffin_aligned_coffin=\box20
\l__coffin_aligned_internal_coffin=\box21
\l_tmpa_coffin=\box22
\l_tmpb_coffin=\box23
\g_tmpa_coffin=\box24
\g_tmpb_coffin=\box25
\l__coffin_bounding_shift_dim=\dimen36
\l__coffin_left_corner_dim=\dimen37
\l__coffin_right_corner_dim=\dimen38
\l__coffin_bottom_corner_dim=\dimen39
\l__coffin_top_corner_dim=\dimen40
\l__coffin_scaled_total_height_dim=\dimen41
\l__coffin_scaled_width_dim=\dimen42
\c__coffin_empty_coffin=\box26
\l__coffin_display_coffin=\box27
\l__coffin_display_coord_coffin=\box28
\l__coffin_display_pole_coffin=\box29
\l__coffin_display_offset_dim=\dimen43
\l__coffin_display_x_dim=\dimen44
\l__coffin_display_y_dim=\dimen45
\g__char_data_ior=\read0

(c:/Users/olikin/CloudStation/Travail/cross/chronoHB-v1/chronoHB/texlive/2020/t
exmf-dist/tex/latex/l3kernel/l3deprecation.def
File: l3deprecation.def 2019-04-06 v L3 Deprecated functions
)))
(c:/Users/olikin/CloudStation/Travail/cross/chronoHB-v1/chronoHB/texlive/2020/t
exmf-dist/tex/latex/l3packages/xparse/xparse.ltx
(c:/Users/olikin/CloudStation/Travail/cross/chronoHB-v1/chronoHB/texlive/2020/t
exmf-dist/tex/latex/l3packages/xparse/xparse-generic.tex
\l__xparse_current_arg_int=\count116
\g__xparse_grabber_int=\count117
\l__xparse_m_args_int=\count118
\l__xparse_v_nesting_int=\count119
)) hacks,
\l__hook_labels_int=\count120

LaTeX3 Info: Defining command \NewHook with sig. 'm' on line 2633.


LaTeX3 Info: Defining command \NewReversedHook with sig. 'm' on line 2634.


LaTeX3 Info: Defining command \NewMirroredHookPair with sig. 'mm' on line
(LaTeX3)     2635.


LaTeX3 Info: Defining command \AddToHook with sig. 'mo+m' on line 2637.


LaTeX3 Info: Defining command \AddToHookNext with sig. 'm+m' on line 2639.


LaTeX3 Info: Defining command \RemoveFromHook with sig. 'mo' on line 2641.


LaTeX3 Info: Defining command \SetDefaultHookLabel with sig. 'm' on line 2687.


LaTeX3 Info: Defining command \DeclareDefaultHookLabel with sig. 'm' on line
(LaTeX3)     2701.


LaTeX3 Info: Defining command \PushDefaultHookLabel with sig. 'm' on line
(LaTeX3)     2703.


LaTeX3 Info: Defining command \PopDefaultHookLabel with sig. '' on line 2705.


LaTeX3 Info: Defining command \DeclareHookRule with sig. 'mmmm' on line 2719.


LaTeX3 Info: Defining command \DeclareDefaultHookRule with sig. 'mmm' on line
(LaTeX3)     2721.


LaTeX3 Info: Defining command \ClearHookRule with sig. 'mmm' on line 2724.

\@tempcnta=\count121
\@tempcntb=\count122
\@tempdima=\dimen46
\@tempdimb=\dimen47
\@tempdimc=\dimen48
\@tempboxa=\box30
\@tempskipa=\skip20
\@tempskipb=\skip21
\@temptokena=\toks10
\@flushglue=\skip22
 control,
par, spacing,
\@savsk=\dimen49
\@savsf=\count123
\smallskipamount=\skip23
\medskipamount=\skip24
\bigskipamount=\skip25
\fill=\skip26
 files,
\@inputcheck=\read1
\@unused=\write0
\@mainaux=\write1
\@partaux=\write2
\@clubpenalty=\count124
LaTeX Info: Redefining \IfFileExists on input line 3467.
 font encodings, lengths,
\everymath=\toks11
\everydisplay=\toks12
\series@check@toks=\toks13
\every@math@size=\toks14
\lower@bound=\dimen50
\upper@bound=\dimen51
\c@mv@normal=\count125
\c@mv@bold=\count126

====================================

Local config file fonttext.cfg used

====================================

(c:/Users/olikin/CloudStation/Travail/cross/chronoHB-v1/chronoHB/texlive/2020/t
exmf-dist/tex/latex/base/fonttext.cfg
File: fonttext.cfg 2020/08/01 v3.0i LaTeX Kernel (Uncustomised text font setup)


(c:/Users/olikin/CloudStation/Travail/cross/chronoHB-v1/chronoHB/texlive/2020/t
exmf-dist/tex/latex/base/fonttext.ltx
File: fonttext.ltx 2020/08/01 v3.0i LaTeX Kernel (Text font setup)

=== Don't modify this file, use a .cfg file instead ===


(c:/Users/olikin/CloudStation/Travail/cross/chronoHB-v1/chronoHB/texlive/2020/t
exmf-dist/tex/latex/base/omlenc.def
File: omlenc.def 2020/08/10 v2.0s Standard LaTeX file
)
(c:/Users/olikin/CloudStation/Travail/cross/chronoHB-v1/chronoHB/texlive/2020/t
exmf-dist/tex/latex/base/omsenc.def
File: omsenc.def 2020/08/10 v2.0s Standard LaTeX file
)
(c:/Users/olikin/CloudStation/Travail/cross/chronoHB-v1/chronoHB/texlive/2020/t
exmf-dist/tex/latex/base/ot1enc.def
File: ot1enc.def 2020/08/10 v2.0s Standard LaTeX file
)
(c:/Users/olikin/CloudStation/Travail/cross/chronoHB-v1/chronoHB/texlive/2020/t
exmf-dist/tex/latex/base/t1enc.def
File: t1enc.def 2020/08/10 v2.0s Standard LaTeX file
)
(c:/Users/olikin/CloudStation/Travail/cross/chronoHB-v1/chronoHB/texlive/2020/t
exmf-dist/tex/latex/base/ts1enc.def
File: ts1enc.def 2001/06/05 v3.0e (jk/car/fm) Standard LaTeX file
)
LaTeX Font Info:    Trying to load font information for TS1+cmr on input line 5
5.

(c:/Users/olikin/CloudStation/Travail/cross/chronoHB-v1/chronoHB/texlive/2020/t
exmf-dist/tex/latex/base/ts1cmr.fd
File: ts1cmr.fd 2019/12/16 v2.5j Standard LaTeX font definitions
)
(c:/Users/olikin/CloudStation/Travail/cross/chronoHB-v1/chronoHB/texlive/2020/t
exmf-dist/tex/latex/base/t1cmr.fd
File: t1cmr.fd 2019/12/16 v2.5j Standard LaTeX font definitions
)
(c:/Users/olikin/CloudStation/Travail/cross/chronoHB-v1/chronoHB/texlive/2020/t
exmf-dist/tex/latex/base/ot1cmr.fd
File: ot1cmr.fd 2019/12/16 v2.5j Standard LaTeX font definitions
)
(c:/Users/olikin/CloudStation/Travail/cross/chronoHB-v1/chronoHB/texlive/2020/t
exmf-dist/tex/latex/base/ot1cmss.fd
File: ot1cmss.fd 2019/12/16 v2.5j Standard LaTeX font definitions
)
(c:/Users/olikin/CloudStation/Travail/cross/chronoHB-v1/chronoHB/texlive/2020/t
exmf-dist/tex/latex/base/ot1cmtt.fd
File: ot1cmtt.fd 2019/12/16 v2.5j Standard LaTeX font definitions
)))
====================================

Local config file fontmath.cfg used

====================================

(c:/Users/olikin/CloudStation/Travail/cross/chronoHB-v1/chronoHB/texlive/2020/t
exmf-dist/tex/latex/base/fontmath.cfg
File: fontmath.cfg 2020/08/01 v3.0i LaTeX Kernel (Uncustomised math font setup)


(c:/Users/olikin/CloudStation/Travail/cross/chronoHB-v1/chronoHB/texlive/2020/t
exmf-dist/tex/latex/base/fontmath.ltx
File: fontmath.ltx 2020/08/01 v3.0i LaTeX Kernel (Math font setup)

=== Don't modify this file, use a .cfg file instead ===

LaTeX Font Info:    Redeclaring font encoding OML on input line 44.
LaTeX Font Info:    Redeclaring font encoding OMS on input line 45.

(c:/Users/olikin/CloudStation/Travail/cross/chronoHB-v1/chronoHB/texlive/2020/t
exmf-dist/tex/latex/base/omlcmm.fd
File: omlcmm.fd 2019/12/16 v2.5j Standard LaTeX font definitions
)
(c:/Users/olikin/CloudStation/Travail/cross/chronoHB-v1/chronoHB/texlive/2020/t
exmf-dist/tex/latex/base/omscmsy.fd
File: omscmsy.fd 2019/12/16 v2.5j Standard LaTeX font definitions
)
(c:/Users/olikin/CloudStation/Travail/cross/chronoHB-v1/chronoHB/texlive/2020/t
exmf-dist/tex/latex/base/omxcmex.fd
File: omxcmex.fd 2019/12/16 v2.5j Standard LaTeX font definitions
)
(c:/Users/olikin/CloudStation/Travail/cross/chronoHB-v1/chronoHB/texlive/2020/t
exmf-dist/tex/latex/base/ucmr.fd
File: ucmr.fd 2019/12/16 v2.5j Standard LaTeX font definitions
)
\symoperators=\mathgroup0
\symletters=\mathgroup1
\symsymbols=\mathgroup2
\symlargesymbols=\mathgroup3
LaTeX Font Info:    Overwriting symbol font `operators' in version `bold'
(Font)                  OT1/cmr/m/n --> OT1/cmr/bx/n on input line 63.
LaTeX Font Info:    Overwriting symbol font `letters' in version `bold'
(Font)                  OML/cmm/m/it --> OML/cmm/b/it on input line 64.
LaTeX Font Info:    Overwriting symbol font `symbols' in version `bold'
(Font)                  OMS/cmsy/m/n --> OMS/cmsy/b/n on input line 65.
LaTeX Font Info:    Overwriting math alphabet `\mathsf' in version `bold'
(Font)                  OT1/cmss/m/n --> OT1/cmss/bx/n on input line 73.
LaTeX Font Info:    Overwriting math alphabet `\mathit' in version `bold'
(Font)                  OT1/cmr/m/it --> OT1/cmr/bx/it on input line 74.
))
====================================

Local config file preload.cfg used

=====================================

(c:/Users/olikin/CloudStation/Travail/cross/chronoHB-v1/chronoHB/texlive/2020/t
exmf-dist/tex/latex/base/preload.cfg
File: preload.cfg 2020/08/01 v3.0i LaTeX Kernel (Uncustomised preload font setu
p)

(c:/Users/olikin/CloudStation/Travail/cross/chronoHB-v1/chronoHB/texlive/2020/t
exmf-dist/tex/latex/base/preload.ltx
File: preload.ltx 2014/09/29 v2.1g LaTeX Kernel (Font Preloading)
))
LaTeX Font Info:    Setting ? sub-encoding to TS1/9 on input line 7013.
LaTeX Font Info:    Setting ccr sub-encoding to TS1/0 on input line 7014.
LaTeX Font Info:    Setting cmbr sub-encoding to TS1/0 on input line 7015.
LaTeX Font Info:    Setting cmr sub-encoding to TS1/0 on input line 7016.
LaTeX Font Info:    Setting cmss sub-encoding to TS1/0 on input line 7017.
LaTeX Font Info:    Setting cmtl sub-encoding to TS1/0 on input line 7018.
LaTeX Font Info:    Setting cmtt sub-encoding to TS1/0 on input line 7019.
LaTeX Font Info:    Setting cmvtt sub-encoding to TS1/0 on input line 7020.
LaTeX Font Info:    Setting pxr sub-encoding to TS1/0 on input line 7021.
LaTeX Font Info:    Setting pxss sub-encoding to TS1/0 on input line 7022.
LaTeX Font Info:    Setting pxtt sub-encoding to TS1/0 on input line 7023.
LaTeX Font Info:    Setting qag sub-encoding to TS1/0 on input line 7024.
LaTeX Font Info:    Setting qbk sub-encoding to TS1/0 on input line 7025.
LaTeX Font Info:    Setting qcr sub-encoding to TS1/0 on input line 7026.
LaTeX Font Info:    Setting qcs sub-encoding to TS1/0 on input line 7027.
LaTeX Font Info:    Setting qhvc sub-encoding to TS1/0 on input line 7028.
LaTeX Font Info:    Setting qhv sub-encoding to TS1/0 on input line 7029.
LaTeX Font Info:    Setting qpl sub-encoding to TS1/0 on input line 7030.
LaTeX Font Info:    Setting qtm sub-encoding to TS1/0 on input line 7031.
LaTeX Font Info:    Setting qzc sub-encoding to TS1/0 on input line 7032.
LaTeX Font Info:    Setting txr sub-encoding to TS1/0 on input line 7033.
LaTeX Font Info:    Setting txss sub-encoding to TS1/0 on input line 7034.
LaTeX Font Info:    Setting txtt sub-encoding to TS1/0 on input line 7035.
LaTeX Font Info:    Setting lmr sub-encoding to TS1/1 on input line 7036.
LaTeX Font Info:    Setting lmdh sub-encoding to TS1/1 on input line 7037.
LaTeX Font Info:    Setting lmss sub-encoding to TS1/1 on input line 7038.
LaTeX Font Info:    Setting lmssq sub-encoding to TS1/1 on input line 7039.
LaTeX Font Info:    Setting lmvtt sub-encoding to TS1/1 on input line 7040.
LaTeX Font Info:    Setting lmtt sub-encoding to TS1/1 on input line 7041.
LaTeX Font Info:    Setting ptmx sub-encoding to TS1/2 on input line 7042.
LaTeX Font Info:    Setting ptmj sub-encoding to TS1/2 on input line 7043.
LaTeX Font Info:    Setting ul8 sub-encoding to TS1/2 on input line 7044.
LaTeX Font Info:    Setting bch sub-encoding to TS1/5 on input line 7045.
LaTeX Font Info:    Setting futj sub-encoding to TS1/5 on input line 7046.
LaTeX Font Info:    Setting futs sub-encoding to TS1/5 on input line 7047.
LaTeX Font Info:    Setting futx sub-encoding to TS1/5 on input line 7048.
LaTeX Font Info:    Setting pag sub-encoding to TS1/5 on input line 7049.
LaTeX Font Info:    Setting pbk sub-encoding to TS1/5 on input line 7050.
LaTeX Font Info:    Setting pcr sub-encoding to TS1/5 on input line 7051.
LaTeX Font Info:    Setting phv sub-encoding to TS1/5 on input line 7052.
LaTeX Font Info:    Setting pnc sub-encoding to TS1/5 on input line 7053.
LaTeX Font Info:    Setting pplj sub-encoding to TS1/5 on input line 7054.
LaTeX Font Info:    Setting pplx sub-encoding to TS1/5 on input line 7055.
LaTeX Font Info:    Setting ppl sub-encoding to TS1/5 on input line 7056.
LaTeX Font Info:    Setting ptm sub-encoding to TS1/5 on input line 7057.
LaTeX Font Info:    Setting pzc sub-encoding to TS1/5 on input line 7058.
LaTeX Font Info:    Setting ul9 sub-encoding to TS1/5 on input line 7059.
LaTeX Font Info:    Setting dayroms sub-encoding to TS1/6 on input line 7060.
LaTeX Font Info:    Setting dayrom sub-encoding to TS1/6 on input line 7061.
LaTeX Font Info:    Setting augie sub-encoding to TS1/8 on input line 7062.
LaTeX Font Info:    Setting put sub-encoding to TS1/8 on input line 7063.
LaTeX Font Info:    Setting uag sub-encoding to TS1/8 on input line 7064.
LaTeX Font Info:    Setting ugq sub-encoding to TS1/8 on input line 7065.
LaTeX Font Info:    Setting zi4 sub-encoding to TS1/9 on input line 7066.
LaTeX Font Info:    Setting hls sub-encoding to TS1/5 on input line 7067.
LaTeX Font Info:    Setting hlst sub-encoding to TS1/5 on input line 7068.
LaTeX Font Info:    Setting hlct sub-encoding to TS1/5 on input line 7069.
LaTeX Font Info:    Setting hlh sub-encoding to TS1/5 on input line 7070.
LaTeX Font Info:    Setting hlx sub-encoding to TS1/8 on input line 7071.
LaTeX Font Info:    Setting hlce sub-encoding to TS1/8 on input line 7072.
LaTeX Font Info:    Setting hlcn sub-encoding to TS1/8 on input line 7073.
LaTeX Font Info:    Setting hlcw sub-encoding to TS1/8 on input line 7074.
LaTeX Font Info:    Setting hlcf sub-encoding to TS1/8 on input line 7075.
LaTeX Font Info:    Setting lato-LF sub-encoding to TS1/0 on input line 7076.
LaTeX Font Info:    Setting lato-TLF sub-encoding to TS1/0 on input line 7076.
LaTeX Font Info:    Setting lato-OsF sub-encoding to TS1/0 on input line 7076.
LaTeX Font Info:    Setting lato-TOsF sub-encoding to TS1/0 on input line 7076.

LaTeX Font Info:    Setting opensans-LF sub-encoding to TS1/0 on input line 707
7.
LaTeX Font Info:    Setting opensans-TLF sub-encoding to TS1/0 on input line 70
77.
LaTeX Font Info:    Setting opensans-OsF sub-encoding to TS1/0 on input line 70
77.
LaTeX Font Info:    Setting opensans-TOsF sub-encoding to TS1/0 on input line 7
077.
LaTeX Font Info:    Setting cantarell-LF sub-encoding to TS1/0 on input line 70
78.
LaTeX Font Info:    Setting cantarell-TLF sub-encoding to TS1/0 on input line 7
078.
LaTeX Font Info:    Setting cantarell-OsF sub-encoding to TS1/0 on input line 7
078.
LaTeX Font Info:    Setting cantarell-TOsF sub-encoding to TS1/0 on input line 
7078.
LaTeX Font Info:    Setting fbb-LF sub-encoding to TS1/0 on input line 7079.
LaTeX Font Info:    Setting fbb-TLF sub-encoding to TS1/0 on input line 7079.
LaTeX Font Info:    Setting fbb-OsF sub-encoding to TS1/0 on input line 7079.
LaTeX Font Info:    Setting fbb-TOsF sub-encoding to TS1/0 on input line 7079.
LaTeX Font Info:    Setting tli sub-encoding to TS1/1 on input line 7080.
LaTeX Font Info:    Setting Alegreya-LF sub-encoding to TS1/2 on input line 708
1.
LaTeX Font Info:    Setting Alegreya-TLF sub-encoding to TS1/2 on input line 70
81.
LaTeX Font Info:    Setting Alegreya-OsF sub-encoding to TS1/2 on input line 70
81.
LaTeX Font Info:    Setting Alegreya-TOsF sub-encoding to TS1/2 on input line 7
081.
LaTeX Font Info:    Setting AlegreyaSans-LF sub-encoding to TS1/2 on input line
 7082.
LaTeX Font Info:    Setting AlegreyaSans-TLF sub-encoding to TS1/2 on input lin
e 7082.
LaTeX Font Info:    Setting AlegreyaSans-OsF sub-encoding to TS1/2 on input lin
e 7082.
LaTeX Font Info:    Setting AlegreyaSans-TOsF sub-encoding to TS1/2 on input li
ne 7082.
LaTeX Font Info:    Setting DejaVuSans-TLF sub-encoding to TS1/2 on input line 
7083.
LaTeX Font Info:    Setting DejaVuSansCondensed-TLF sub-encoding to TS1/2 on in
put line 7084.
LaTeX Font Info:    Setting DejaVuSansMono-TLF sub-encoding to TS1/2 on input l
ine 7085.
LaTeX Font Info:    Setting EBGaramond-LF sub-encoding to TS1/2 on input line 7
086.
LaTeX Font Info:    Setting EBGaramond-TLF sub-encoding to TS1/2 on input line 
7086.
LaTeX Font Info:    Setting EBGaramond-OsF sub-encoding to TS1/2 on input line 
7086.
LaTeX Font Info:    Setting EBGaramond-TOsF sub-encoding to TS1/2 on input line
 7086.
LaTeX Font Info:    Setting Tempora-TLF sub-encoding to TS1/2 on input line 708
7.
LaTeX Font Info:    Setting Tempora-TOsF sub-encoding to TS1/2 on input line 70
88.
LaTeX Font Info:    Setting Arimo-TLF sub-encoding to TS1/3 on input line 7089.

LaTeX Font Info:    Setting Carlito-LF sub-encoding to TS1/3 on input line 7090
.
LaTeX Font Info:    Setting Carlito-TLF sub-encoding to TS1/3 on input line 709
0.
LaTeX Font Info:    Setting Carlito-OsF sub-encoding to TS1/3 on input line 709
0.
LaTeX Font Info:    Setting Carlito-TOsF sub-encoding to TS1/3 on input line 70
90.
LaTeX Font Info:    Setting FiraSans-LF sub-encoding to TS1/3 on input line 709
1.
LaTeX Font Info:    Setting FiraSans-TLF sub-encoding to TS1/3 on input line 70
91.
LaTeX Font Info:    Setting FiraSans-OsF sub-encoding to TS1/3 on input line 70
91.
LaTeX Font Info:    Setting FiraSans-TOsF sub-encoding to TS1/3 on input line 7
091.
LaTeX Font Info:    Setting IBMPlexSans-TLF sub-encoding to TS1/3 on input line
 7092.
LaTeX Font Info:    Setting Merriweather-OsF sub-encoding to TS1/3 on input lin
e 7093.
LaTeX Font Info:    Setting Montserrat-LF sub-encoding to TS1/3 on input line 7
094.
LaTeX Font Info:    Setting Montserrat-TLF sub-encoding to TS1/3 on input line 
7094.
LaTeX Font Info:    Setting Montserrat-OsF sub-encoding to TS1/3 on input line 
7094.
LaTeX Font Info:    Setting Montserrat-TOsF sub-encoding to TS1/3 on input line
 7094.
LaTeX Font Info:    Setting MontserratAlternates-LF sub-encoding to TS1/3 on in
put line 7095.
LaTeX Font Info:    Setting MontserratAlternates-TLF sub-encoding to TS1/3 on i
nput line 7095.
LaTeX Font Info:    Setting MontserratAlternates-OsF sub-encoding to TS1/3 on i
nput line 7095.
LaTeX Font Info:    Setting MontserratAlternates-TOsF sub-encoding to TS1/3 on 
input line 7095.
LaTeX Font Info:    Setting SourceCodePro-TLF sub-encoding to TS1/3 on input li
ne 7096.
LaTeX Font Info:    Setting SourceCodePro-TOsF sub-encoding to TS1/3 on input l
ine 7097.
LaTeX Font Info:    Setting SourceSansPro-LF sub-encoding to TS1/3 on input lin
e 7098.
LaTeX Font Info:    Setting SourceSansPro-TLF sub-encoding to TS1/3 on input li
ne 7098.
LaTeX Font Info:    Setting SourceSansPro-OsF sub-encoding to TS1/3 on input li
ne 7098.
LaTeX Font Info:    Setting SourceSansPro-TOsF sub-encoding to TS1/3 on input l
ine 7098.
LaTeX Font Info:    Setting SourceSerifPro-LF sub-encoding to TS1/3 on input li
ne 7099.
LaTeX Font Info:    Setting SourceSerifPro-TLF sub-encoding to TS1/3 on input l
ine 7099.
LaTeX Font Info:    Setting SourceSerifPro-OsF sub-encoding to TS1/3 on input l
ine 7099.
LaTeX Font Info:    Setting SourceSerifPro-TOsF sub-encoding to TS1/3 on input 
line 7099.
LaTeX Font Info:    Setting Tinos-TLF sub-encoding to TS1/3 on input line 7100.

LaTeX Font Info:    Setting AccanthisADFStdNoThree-LF sub-encoding to TS1/4 on 
input line 7101.
LaTeX Font Info:    Setting Cabin-TLF sub-encoding to TS1/4 on input line 7102.

LaTeX Font Info:    Setting Caladea-TLF sub-encoding to TS1/4 on input line 710
3.
LaTeX Font Info:    Setting Chivo-LF sub-encoding to TS1/4 on input line 7104.
LaTeX Font Info:    Setting Chivo-TLF sub-encoding to TS1/4 on input line 7104.

LaTeX Font Info:    Setting Chivo-OsF sub-encoding to TS1/4 on input line 7104.

LaTeX Font Info:    Setting Chivo-TOsF sub-encoding to TS1/4 on input line 7104
.
LaTeX Font Info:    Setting ClearSans-TLF sub-encoding to TS1/4 on input line 7
105.
LaTeX Font Info:    Setting Coelacanth-LF sub-encoding to TS1/4 on input line 7
106.
LaTeX Font Info:    Setting CrimsonPro-LF sub-encoding to TS1/4 on input line 7
107.
LaTeX Font Info:    Setting CrimsonPro-TLF sub-encoding to TS1/4 on input line 
7107.
LaTeX Font Info:    Setting CrimsonPro-OsF sub-encoding to TS1/4 on input line 
7107.
LaTeX Font Info:    Setting CrimsonPro-TOsF sub-encoding to TS1/4 on input line
 7107.
LaTeX Font Info:    Setting FiraMono-TLF sub-encoding to TS1/4 on input line 71
08.
LaTeX Font Info:    Setting FiraMono-TOsF sub-encoding to TS1/4 on input line 7
109.
LaTeX Font Info:    Setting Go-TLF sub-encoding to TS1/4 on input line 7110.
LaTeX Font Info:    Setting GoMono-TLF sub-encoding to TS1/4 on input line 7111
.
LaTeX Font Info:    Setting InriaSans-LF sub-encoding to TS1/4 on input line 71
12.
LaTeX Font Info:    Setting InriaSans-TLF sub-encoding to TS1/4 on input line 7
112.
LaTeX Font Info:    Setting InriaSans-OsF sub-encoding to TS1/4 on input line 7
112.
LaTeX Font Info:    Setting InriaSans-TOsF sub-encoding to TS1/4 on input line 
7112.
LaTeX Font Info:    Setting InriaSerif-LF sub-encoding to TS1/4 on input line 7
113.
LaTeX Font Info:    Setting InriaSerif-TLF sub-encoding to TS1/4 on input line 
7113.
LaTeX Font Info:    Setting InriaSerif-OsF sub-encoding to TS1/4 on input line 
7113.
LaTeX Font Info:    Setting InriaSerif-TOsF sub-encoding to TS1/4 on input line
 7113.
LaTeX Font Info:    Setting LibertinusSans-LF sub-encoding to TS1/4 on input li
ne 7114.
LaTeX Font Info:    Setting LibertinusSans-TLF sub-encoding to TS1/4 on input l
ine 7114.
LaTeX Font Info:    Setting LibertinusSans-OsF sub-encoding to TS1/4 on input l
ine 7114.
LaTeX Font Info:    Setting LibertinusSans-TOsF sub-encoding to TS1/4 on input 
line 7114.
LaTeX Font Info:    Setting LibertinusSerif-LF sub-encoding to TS1/4 on input l
ine 7115.
LaTeX Font Info:    Setting LibertinusSerif-TLF sub-encoding to TS1/4 on input 
line 7115.
LaTeX Font Info:    Setting LibertinusSerif-OsF sub-encoding to TS1/4 on input 
line 7115.
LaTeX Font Info:    Setting LibertinusSerif-TOsF sub-encoding to TS1/4 on input
 line 7115.
LaTeX Font Info:    Setting LibreBodoni-TLF sub-encoding to TS1/4 on input line
 7116.
LaTeX Font Info:    Setting LibreFranklin-TLF sub-encoding to TS1/4 on input li
ne 7117.
LaTeX Font Info:    Setting LinguisticsPro-LF sub-encoding to TS1/4 on input li
ne 7118.
LaTeX Font Info:    Setting LinguisticsPro-OsF sub-encoding to TS1/4 on input l
ine 7119.
LaTeX Font Info:    Setting LinuxBiolinumT-LF sub-encoding to TS1/4 on input li
ne 7120.
LaTeX Font Info:    Setting LinuxBiolinumT-TLF sub-encoding to TS1/4 on input l
ine 7120.
LaTeX Font Info:    Setting LinuxBiolinumT-OsF sub-encoding to TS1/4 on input l
ine 7120.
LaTeX Font Info:    Setting LinuxBiolinumT-TOsF sub-encoding to TS1/4 on input 
line 7120.
LaTeX Font Info:    Setting LinuxLibertineT-LF sub-encoding to TS1/4 on input l
ine 7121.
LaTeX Font Info:    Setting LinuxLibertineT-TLF sub-encoding to TS1/4 on input 
line 7121.
LaTeX Font Info:    Setting LinuxLibertineT-OsF sub-encoding to TS1/4 on input 
line 7121.
LaTeX Font Info:    Setting LinuxLibertineT-TOsF sub-encoding to TS1/4 on input
 line 7121.
LaTeX Font Info:    Setting MerriweatherSans-OsF sub-encoding to TS1/4 on input
 line 7122.
LaTeX Font Info:    Setting MintSpirit-LF sub-encoding to TS1/4 on input line 7
123.
LaTeX Font Info:    Setting MintSpirit-TLF sub-encoding to TS1/4 on input line 
7123.
LaTeX Font Info:    Setting MintSpirit-OsF sub-encoding to TS1/4 on input line 
7123.
LaTeX Font Info:    Setting MintSpirit-TOsF sub-encoding to TS1/4 on input line
 7123.
LaTeX Font Info:    Setting MintSpiritNoTwo-LF sub-encoding to TS1/4 on input l
ine 7124.
LaTeX Font Info:    Setting MintSpiritNoTwo-TLF sub-encoding to TS1/4 on input 
line 7124.
LaTeX Font Info:    Setting MintSpiritNoTwo-OsF sub-encoding to TS1/4 on input 
line 7124.
LaTeX Font Info:    Setting MintSpiritNoTwo-TOsF sub-encoding to TS1/4 on input
 line 7124.
LaTeX Font Info:    Setting PTMono-TLF sub-encoding to TS1/4 on input line 7125
.
LaTeX Font Info:    Setting PTSans-TLF sub-encoding to TS1/4 on input line 7126
.
LaTeX Font Info:    Setting PTSansCaption-TLF sub-encoding to TS1/4 on input li
ne 7127.
LaTeX Font Info:    Setting PTSansNarrow-TLF sub-encoding to TS1/4 on input lin
e 7128.
LaTeX Font Info:    Setting PTSerif-TLF sub-encoding to TS1/4 on input line 712
9.
LaTeX Font Info:    Setting PTSerifCaption-TLF sub-encoding to TS1/4 on input l
ine 7130.
LaTeX Font Info:    Setting Raleway-TLF sub-encoding to TS1/4 on input line 713
1.
LaTeX Font Info:    Setting Raleway-TOsF sub-encoding to TS1/4 on input line 71
32.
LaTeX Font Info:    Setting Roboto-LF sub-encoding to TS1/4 on input line 7133.

LaTeX Font Info:    Setting Roboto-TLF sub-encoding to TS1/4 on input line 7133
.
LaTeX Font Info:    Setting Roboto-OsF sub-encoding to TS1/4 on input line 7133
.
LaTeX Font Info:    Setting Roboto-TOsF sub-encoding to TS1/4 on input line 713
3.
LaTeX Font Info:    Setting RobotoMono-TLF sub-encoding to TS1/4 on input line 
7134.
LaTeX Font Info:    Setting RobotoSlab-TLF sub-encoding to TS1/4 on input line 
7135.
LaTeX Font Info:    Setting Rosario-LF sub-encoding to TS1/4 on input line 7136
.
LaTeX Font Info:    Setting Rosario-TLF sub-encoding to TS1/4 on input line 713
6.
LaTeX Font Info:    Setting Rosario-OsF sub-encoding to TS1/4 on input line 713
6.
LaTeX Font Info:    Setting Rosario-TOsF sub-encoding to TS1/4 on input line 71
36.
LaTeX Font Info:    Setting SticksTooText-LF sub-encoding to TS1/4 on input lin
e 7137.
LaTeX Font Info:    Setting SticksTooText-TLF sub-encoding to TS1/4 on input li
ne 7137.
LaTeX Font Info:    Setting SticksTooText-OsF sub-encoding to TS1/4 on input li
ne 7137.
LaTeX Font Info:    Setting SticksTooText-TOsF sub-encoding to TS1/4 on input l
ine 7137.
LaTeX Font Info:    Setting UniversalisADFStd-LF sub-encoding to TS1/4 on input
 line 7138.
LaTeX Font Info:    Setting Almendra-OsF sub-encoding to TS1/5 on input line 71
39.
LaTeX Font Info:    Setting Baskervaldx-LF sub-encoding to TS1/5 on input line 
7140.
LaTeX Font Info:    Setting Baskervaldx-TLF sub-encoding to TS1/5 on input line
 7140.
LaTeX Font Info:    Setting Baskervaldx-OsF sub-encoding to TS1/5 on input line
 7140.
LaTeX Font Info:    Setting Baskervaldx-TOsF sub-encoding to TS1/5 on input lin
e 7140.
LaTeX Font Info:    Setting BaskervilleF-LF sub-encoding to TS1/5 on input line
 7141.
LaTeX Font Info:    Setting BaskervilleF-TLF sub-encoding to TS1/5 on input lin
e 7141.
LaTeX Font Info:    Setting BaskervilleF-OsF sub-encoding to TS1/5 on input lin
e 7141.
LaTeX Font Info:    Setting BaskervilleF-TOsF sub-encoding to TS1/5 on input li
ne 7141.
LaTeX Font Info:    Setting Bitter-TLF sub-encoding to TS1/5 on input line 7142
.
LaTeX Font Info:    Setting Cinzel-LF sub-encoding to TS1/5 on input line 7143.

LaTeX Font Info:    Setting CinzelDecorative-LF sub-encoding to TS1/5 on input 
line 7144.
LaTeX Font Info:    Setting DejaVuSerif-TLF sub-encoding to TS1/5 on input line
 7145.
LaTeX Font Info:    Setting DejaVuSerifCondensed-TLF sub-encoding to TS1/5 on i
nput line 7146.
LaTeX Font Info:    Setting GilliusADF-LF sub-encoding to TS1/5 on input line 7
147.
LaTeX Font Info:    Setting GilliusADFCond-LF sub-encoding to TS1/5 on input li
ne 7148.
LaTeX Font Info:    Setting GilliusADFNoTwo-LF sub-encoding to TS1/5 on input l
ine 7149.
LaTeX Font Info:    Setting GilliusADFNoTwoCond-LF sub-encoding to TS1/5 on inp
ut line 7150.
LaTeX Font Info:    Setting LobsterTwo-LF sub-encoding to TS1/5 on input line 7
151.
LaTeX Font Info:    Setting OldStandard-TLF sub-encoding to TS1/5 on input line
 7152.
LaTeX Font Info:    Setting PlayfairDisplay-TLF sub-encoding to TS1/5 on input 
line 7153.
LaTeX Font Info:    Setting PlayfairDisplay-TOsF sub-encoding to TS1/5 on input
 line 7154.
LaTeX Font Info:    Setting TheanoDidot-TLF sub-encoding to TS1/5 on input line
 7155.
LaTeX Font Info:    Setting TheanoDidot-TOsF sub-encoding to TS1/5 on input lin
e 7156.
LaTeX Font Info:    Setting TheanoModern-TLF sub-encoding to TS1/5 on input lin
e 7157.
LaTeX Font Info:    Setting TheanoModern-TOsF sub-encoding to TS1/5 on input li
ne 7158.
LaTeX Font Info:    Setting TheanoOldStyle-TLF sub-encoding to TS1/5 on input l
ine 7159.
LaTeX Font Info:    Setting TheanoOldStyle-TOsF sub-encoding to TS1/5 on input 
line 7160.
LaTeX Font Info:    Setting Crimson-TLF sub-encoding to TS1/6 on input line 716
1.
LaTeX Font Info:    Setting IBMPlexMono-TLF sub-encoding to TS1/6 on input line
 7162.
LaTeX Font Info:    Setting IBMPlexSerif-TLF sub-encoding to TS1/6 on input lin
e 7163.
LaTeX Font Info:    Setting LibertinusMono-TLF sub-encoding to TS1/6 on input l
ine 7164.
LaTeX Font Info:    Setting LibertinusSerifDisplay-LF sub-encoding to TS1/6 on 
input line 7165.
LaTeX Font Info:    Setting LinuxLibertineDisplayT-LF sub-encoding to TS1/6 on 
input line 7166.
LaTeX Font Info:    Setting LinuxLibertineDisplayT-TLF sub-encoding to TS1/6 on
 input line 7166.
LaTeX Font Info:    Setting LinuxLibertineDisplayT-OsF sub-encoding to TS1/6 on
 input line 7166.
LaTeX Font Info:    Setting LinuxLibertineDisplayT-TOsF sub-encoding to TS1/6 o
n input line 7166.
LaTeX Font Info:    Setting LinuxLibertineMonoT-LF sub-encoding to TS1/6 on inp
ut line 7167.
LaTeX Font Info:    Setting LinuxLibertineMonoT-TLF sub-encoding to TS1/6 on in
put line 7168.
LaTeX Font Info:    Setting Overlock-LF sub-encoding to TS1/6 on input line 716
9.
LaTeX Font Info:    Setting CormorantGaramond-LF sub-encoding to TS1/7 on input
 line 7170.
LaTeX Font Info:    Setting CormorantGaramond-TLF sub-encoding to TS1/7 on inpu
t line 7170.
LaTeX Font Info:    Setting CormorantGaramond-OsF sub-encoding to TS1/7 on inpu
t line 7170.
LaTeX Font Info:    Setting CormorantGaramond-TOsF sub-encoding to TS1/7 on inp
ut line 7170.
LaTeX Font Info:    Setting Heuristica-TLF sub-encoding to TS1/7 on input line 
7171.
LaTeX Font Info:    Setting Heuristica-TOsF sub-encoding to TS1/7 on input line
 7172.
LaTeX Font Info:    Setting IMFELLEnglish-TLF sub-encoding to TS1/7 on input li
ne 7173.
LaTeX Font Info:    Setting LibreBaskerville-TLF sub-encoding to TS1/7 on input
 line 7174.
LaTeX Font Info:    Setting LibreCaslon-LF sub-encoding to TS1/7 on input line 
7175.
LaTeX Font Info:    Setting LibreCaslon-TLF sub-encoding to TS1/7 on input line
 7175.
LaTeX Font Info:    Setting LibreCaslon-OsF sub-encoding to TS1/7 on input line
 7175.
LaTeX Font Info:    Setting LibreCaslon-TOsF sub-encoding to TS1/7 on input lin
e 7175.
LaTeX Font Info:    Setting Marcellus-LF sub-encoding to TS1/7 on input line 71
76.
LaTeX Font Info:    Setting NotoSans-LF sub-encoding to TS1/7 on input line 717
7.
LaTeX Font Info:    Setting NotoSans-TLF sub-encoding to TS1/7 on input line 71
77.
LaTeX Font Info:    Setting NotoSans-OsF sub-encoding to TS1/7 on input line 71
77.
LaTeX Font Info:    Setting NotoSans-TOsF sub-encoding to TS1/7 on input line 7
177.
LaTeX Font Info:    Setting NotoSansMono-TLF sub-encoding to TS1/7 on input lin
e 7178.
LaTeX Font Info:    Setting NotoSansMono-TOsF sub-encoding to TS1/7 on input li
ne 7179.
LaTeX Font Info:    Setting NotoSerif-LF sub-encoding to TS1/7 on input line 71
80.
LaTeX Font Info:    Setting NotoSerif-TLF sub-encoding to TS1/7 on input line 7
180.
LaTeX Font Info:    Setting NotoSerif-OsF sub-encoding to TS1/7 on input line 7
180.
LaTeX Font Info:    Setting NotoSerif-TOsF sub-encoding to TS1/7 on input line 
7180.
LaTeX Font Info:    Setting Quattrocento-TLF sub-encoding to TS1/7 on input lin
e 7181.
LaTeX Font Info:    Setting QuattrocentoSans-TLF sub-encoding to TS1/7 on input
 line 7182.
LaTeX Font Info:    Setting XCharter-TLF sub-encoding to TS1/7 on input line 71
83.
LaTeX Font Info:    Setting XCharter-TOsF sub-encoding to TS1/7 on input line 7
184.
LaTeX Font Info:    Setting erewhon-LF sub-encoding to TS1/7 on input line 7185
.
LaTeX Font Info:    Setting erewhon-TLF sub-encoding to TS1/7 on input line 718
5.
LaTeX Font Info:    Setting erewhon-OsF sub-encoding to TS1/7 on input line 718
5.
LaTeX Font Info:    Setting erewhon-TOsF sub-encoding to TS1/7 on input line 71
85.
LaTeX Font Info:    Setting ComicNeue-TLF sub-encoding to TS1/7 on input line 7
186.
LaTeX Font Info:    Setting ComicNeueAngular-TLF sub-encoding to TS1/7 on input
 line 7187.
LaTeX Font Info:    Setting Forum-LF sub-encoding to TS1/7 on input line 7188.
LaTeX Font Info:    Setting Cochineal-LF sub-encoding to TS1/8 on input line 71
89.
LaTeX Font Info:    Setting Cochineal-TLF sub-encoding to TS1/8 on input line 7
189.
LaTeX Font Info:    Setting Cochineal-OsF sub-encoding to TS1/8 on input line 7
189.
LaTeX Font Info:    Setting Cochineal-TOsF sub-encoding to TS1/8 on input line 
7189.
LaTeX Font Info:    Setting AlgolRevived-TLF sub-encoding to TS1/9 on input lin
e 7190.
 page nos., x-ref, environments, center,
\@rightskip=\skip27

verbatim,
\@verbvisiblespacebox=\box31
 math definitions,
\jot=\dimen52
\interdisplaylinepenalty=\count127
\rootbox=\box32
LaTeX Info: Redefining \: on input line 7680.
\c@equation=\count128
\@eqcnt=\count129
\@eqpen=\count130
\@centering=\skip28
\topsep=\skip29
\partopsep=\skip30
\itemsep=\skip31
\parsep=\skip32
\@topsep=\skip33
\@topsepadd=\skip34
\@outerparskip=\skip35
\leftmargin=\dimen53
\rightmargin=\dimen54
\listparindent=\dimen55
\itemindent=\dimen56
\labelwidth=\dimen57
\labelsep=\dimen58
\linewidth=\dimen59
\@totalleftmargin=\dimen60
\leftmargini=\dimen61
\leftmarginii=\dimen62
\leftmarginiii=\dimen63
\leftmarginiv=\dimen64
\leftmarginv=\dimen65
\leftmarginvi=\dimen66
\@listdepth=\count131
\@itempenalty=\count132
\@beginparpenalty=\count133
\@endparpenalty=\count134
\@labels=\box33
\par@deathcycles=\count135
\@enumdepth=\count136
\c@enumi=\count137
\c@enumii=\count138
\c@enumiii=\count139
\c@enumiv=\count140
\@itemdepth=\count141
 boxes,
\fboxrule=\dimen67
\fboxsep=\dimen68
\@mplistdepth=\count142
\@mpfootins=\insert254
LaTeX Info: Redefining \underline on input line 8314.
\@gtempa=\dimen69
\@gtempa=\dimen70
\@gtempa=\dimen71
\@gtempa=\dimen72
\@gtempa=\dimen73
\@gtempa=\dimen74
\@gtempa=\dimen75
\@gtempa=\dimen76
\@gtempa=\dimen77
\@gtempa=\dimen78
\@gtempa=\dimen79
\@gtempa=\dimen80
\@gtempa=\dimen81
\@gtempa=\dimen82
\@nxttabmar=\count143
\@curtabmar=\count144
\@curtab=\count145
\@hightab=\count146
\@tabpush=\count147
\@curline=\box34
\@curfield=\box35
\@tabfbox=\box36
\tabbingsep=\dimen83
\@chclass=\count148
\@lastchclass=\count149
\@chnum=\count150
\arraycolsep=\dimen84
\tabcolsep=\dimen85
\arrayrulewidth=\dimen86
\doublerulesep=\dimen87
\@arstrutbox=\box37
\@wholewidth=\dimen88
\@halfwidth=\dimen89
\unitlength=\dimen90
\@picbox=\box38
\@picht=\dimen91
\@ovxx=\dimen92
\@ovyy=\dimen93
\@ovdx=\dimen94
\@ovdy=\dimen95
\@ovro=\dimen96
\@ovri=\dimen97
\@xarg=\count151
\@yarg=\count152
\@yyarg=\count153
\@multicnt=\count154
\@xdim=\dimen98
\@ydim=\dimen99
\@linechar=\box39
\@linelen=\dimen100
\@clnwd=\dimen101
\@clnht=\dimen102
\@dashdim=\dimen103
\@dashbox=\box40
\@dashcnt=\count155
LaTeX Info: The control sequence `\linethickness' is already robust on input li
ne 9103.
LaTeX Info: The control sequence `\thinlines' is already robust on input line 9
109.
 title, sectioning,
\@secpenalty=\count156
\c@secnumdepth=\count157
\c@tocdepth=\count158
 contents, floats,
\@floatpenalty=\count159

footnotes,
\footins=\insert253
\c@footnote=\count160
\c@mpfootnote=\count161
\footnotesep=\dimen104
 index, bibliography,
\pkgcls@targetdate=\count162
\l_shipout_box=\box41
\l_shipout_box_ht_dim=\dimen105
\l_shipout_box_dp_dim=\dimen106
\l_shipout_box_wd_dim=\dimen107
\l_shipout_box_ht_plus_dp_dim=\dimen108
\l__shipout_tmp_box=\box42
\g_shipout_readonly_int=\count163
\g_shipout_totalpages_int=\count164
 output,
\bx@A=\insert252
\bx@B=\insert251
\bx@C=\insert250
\bx@D=\insert249
\bx@E=\insert248
\bx@F=\insert247
\bx@G=\insert246
\bx@H=\insert245
\bx@I=\insert244
\bx@J=\insert243
\bx@K=\insert242
\bx@L=\insert241
\bx@M=\insert240
\bx@N=\insert239
\bx@O=\insert238
\bx@P=\insert237
\bx@Q=\insert236
\bx@R=\insert235
\bx@S=\insert234
\bx@T=\insert233
\bx@U=\insert232
\bx@V=\insert231
\bx@W=\insert230
\bx@X=\insert229
\bx@Y=\insert228
\bx@Z=\insert227
\bx@AA=\insert226
\bx@BB=\insert225
\bx@CC=\insert224
\bx@DD=\insert223
\bx@EE=\insert222
\bx@FF=\insert221
\bx@GG=\insert220
\bx@HH=\insert219
\bx@II=\insert218
\bx@JJ=\insert217
\bx@KK=\insert216
\bx@LL=\insert215
\bx@MM=\insert214
\bx@NN=\insert213
\bx@OO=\insert212
\bx@PP=\insert211
\bx@QQ=\insert210
\bx@RR=\insert209
\bx@SS=\insert208
\bx@TT=\insert207
\bx@UU=\insert206
\bx@VV=\insert205
\bx@WW=\insert204
\bx@XX=\insert203
\bx@YY=\insert202
\bx@ZZ=\insert201
\topmargin=\dimen109
\oddsidemargin=\dimen110
\evensidemargin=\dimen111
\headheight=\dimen112
\headsep=\dimen113
\footskip=\dimen114
\textheight=\dimen115
\textwidth=\dimen116
\columnwidth=\dimen117
\columnsep=\dimen118
\columnseprule=\dimen119
\marginparwidth=\dimen120
\marginparsep=\dimen121
\marginparpush=\dimen122
\@begindvibox=\box43
\@maxdepth=\dimen123
\paperheight=\dimen124
\paperwidth=\dimen125
\col@number=\count165
\@topnum=\count166
\@toproom=\dimen126
\@dbltopnum=\count167
\@dbltoproom=\dimen127
\@botnum=\count168
\@botroom=\dimen128
\@colnum=\count169
\@textmin=\dimen129
\@fpmin=\dimen130
\@colht=\dimen131
\@colroom=\dimen132
\@pageht=\dimen133
\@pagedp=\dimen134
\@mparbottom=\dimen135
\@currtype=\count170
\@outputbox=\box44
\@leftcolumn=\box45
\@holdpg=\box46
\@kludgeins=\insert200
\@fpstype=\count171
\@reqcolroom=\dimen136
\@textfloatsheight=\dimen137
\c@topnumber=\count172
\c@bottomnumber=\count173
\c@totalnumber=\count174
\c@dbltopnumber=\count175
\floatsep=\skip36
\textfloatsep=\skip37
\intextsep=\skip38
\dblfloatsep=\skip39
\dbltextfloatsep=\skip40
\@fptop=\skip41
\@fpsep=\skip42
\@fpbot=\skip43
\@dblfptop=\skip44
\@dblfpsep=\skip45
\@dblfpbot=\skip46
\@lowpenalty=\count176
\@medpenalty=\count177
\@highpenalty=\count178

===========================================
Local configuration file hyphen.cfg used
===========================================

(c:/Users/olikin/CloudStation/Travail/cross/chronoHB-v1/chronoHB/texlive/2020/t
exmf-dist/tex/generic/babel/hyphen.cfg
File: hyphen.cfg 2021/02/22 3.54 Babel hyphens
\l@english=\language0

(c:/Users/olikin/CloudStation/Travail/cross/chronoHB-v1/chronoHB/texlive/2020/t
exmf-dist/tex/generic/hyphen/hyphen.tex)
\l@usenglish=\language0
\l@USenglish=\language0
\l@american=\language0
\l@dumylang=\language1

(c:/Users/olikin/CloudStation/Travail/cross/chronoHB-v1/chronoHB/texlive/2020/t
exmf-dist/tex/generic/hyphen/dumyhyph.tex)
\l@nohyphenation=\language2

(c:/Users/olikin/CloudStation/Travail/cross/chronoHB-v1/chronoHB/texlive/2020/t
exmf-dist/tex/generic/hyphen/zerohyph.tex))
(c:/Users/olikin/CloudStation/Travail/cross/chronoHB-v1/chronoHB/texlive/2020/t
exmf-dist/tex/latex/base/utf8.def
File: utf8.def 2019/11/14 v1.2k UTF-8 support for inputenc
Now handling font encoding OML ...
... no UTF-8 mapping file for font encoding OML
Now handling font encoding OMS ...
... processing UTF-8 mapping file for font encoding OMS

(c:/Users/olikin/CloudStation/Travail/cross/chronoHB-v1/chronoHB/texlive/2020/t
exmf-dist/tex/latex/base/omsenc.dfu
File: omsenc.dfu 2019/11/14 v1.2k UTF-8 support for inputenc
   defining Unicode char U+00A7 (decimal 167)
   defining Unicode char U+00B6 (decimal 182)
   defining Unicode char U+00B7 (decimal 183)
   defining Unicode char U+2020 (decimal 8224)
   defining Unicode char U+2021 (decimal 8225)
   defining Unicode char U+2022 (decimal 8226)
)
Now handling font encoding OT1 ...
... processing UTF-8 mapping file for font encoding OT1

(c:/Users/olikin/CloudStation/Travail/cross/chronoHB-v1/chronoHB/texlive/2020/t
exmf-dist/tex/latex/base/ot1enc.dfu
File: ot1enc.dfu 2019/11/14 v1.2k UTF-8 support for inputenc
   defining Unicode char U+00A0 (decimal 160)
   defining Unicode char U+00A1 (decimal 161)
   defining Unicode char U+00A3 (decimal 163)
   defining Unicode char U+00AD (decimal 173)
   defining Unicode char U+00B8 (decimal 184)
   defining Unicode char U+00BF (decimal 191)
   defining Unicode char U+00C5 (decimal 197)
   defining Unicode char U+00C6 (decimal 198)
   defining Unicode char U+00D8 (decimal 216)
   defining Unicode char U+00DF (decimal 223)
   defining Unicode char U+00E6 (decimal 230)
   defining Unicode char U+00EC (decimal 236)
   defining Unicode char U+00ED (decimal 237)
   defining Unicode char U+00EE (decimal 238)
   defining Unicode char U+00EF (decimal 239)
   defining Unicode char U+00F8 (decimal 248)
   defining Unicode char U+0131 (decimal 305)
   defining Unicode char U+0141 (decimal 321)
   defining Unicode char U+0142 (decimal 322)
   defining Unicode char U+0152 (decimal 338)
   defining Unicode char U+0153 (decimal 339)
   defining Unicode char U+0174 (decimal 372)
   defining Unicode char U+0175 (decimal 373)
   defining Unicode char U+0176 (decimal 374)
   defining Unicode char U+0177 (decimal 375)
   defining Unicode char U+0218 (decimal 536)
   defining Unicode char U+0219 (decimal 537)
   defining Unicode char U+021A (decimal 538)
   defining Unicode char U+021B (decimal 539)
   defining Unicode char U+0237 (decimal 567)
   defining Unicode char U+2013 (decimal 8211)
   defining Unicode char U+2014 (decimal 8212)
   defining Unicode char U+2018 (decimal 8216)
   defining Unicode char U+2019 (decimal 8217)
   defining Unicode char U+201C (decimal 8220)
   defining Unicode char U+201D (decimal 8221)
   defining Unicode char U+FB00 (decimal 64256)
   defining Unicode char U+FB01 (decimal 64257)
   defining Unicode char U+FB02 (decimal 64258)
   defining Unicode char U+FB03 (decimal 64259)
   defining Unicode char U+FB04 (decimal 64260)
   defining Unicode char U+FB05 (decimal 64261)
   defining Unicode char U+FB06 (decimal 64262)
)
Now handling font encoding T1 ...
... processing UTF-8 mapping file for font encoding T1

(c:/Users/olikin/CloudStation/Travail/cross/chronoHB-v1/chronoHB/texlive/2020/t
exmf-dist/tex/latex/base/t1enc.dfu
File: t1enc.dfu 2019/11/14 v1.2k UTF-8 support for inputenc
   defining Unicode char U+00A0 (decimal 160)
   defining Unicode char U+00A1 (decimal 161)
   defining Unicode char U+00A3 (decimal 163)
   defining Unicode char U+00AB (decimal 171)
   defining Unicode char U+00AD (decimal 173)
   defining Unicode char U+00BB (decimal 187)
   defining Unicode char U+00BF (decimal 191)
   defining Unicode char U+00C0 (decimal 192)
   defining Unicode char U+00C1 (decimal 193)
   defining Unicode char U+00C2 (decimal 194)
   defining Unicode char U+00C3 (decimal 195)
   defining Unicode char U+00C4 (decimal 196)
   defining Unicode char U+00C5 (decimal 197)
   defining Unicode char U+00C6 (decimal 198)
   defining Unicode char U+00C7 (decimal 199)
   defining Unicode char U+00C8 (decimal 200)
   defining Unicode char U+00C9 (decimal 201)
   defining Unicode char U+00CA (decimal 202)
   defining Unicode char U+00CB (decimal 203)
   defining Unicode char U+00CC (decimal 204)
   defining Unicode char U+00CD (decimal 205)
   defining Unicode char U+00CE (decimal 206)
   defining Unicode char U+00CF (decimal 207)
   defining Unicode char U+00D0 (decimal 208)
   defining Unicode char U+00D1 (decimal 209)
   defining Unicode char U+00D2 (decimal 210)
   defining Unicode char U+00D3 (decimal 211)
   defining Unicode char U+00D4 (decimal 212)
   defining Unicode char U+00D5 (decimal 213)
   defining Unicode char U+00D6 (decimal 214)
   defining Unicode char U+00D8 (decimal 216)
   defining Unicode char U+00D9 (decimal 217)
   defining Unicode char U+00DA (decimal 218)
   defining Unicode char U+00DB (decimal 219)
   defining Unicode char U+00DC (decimal 220)
   defining Unicode char U+00DD (decimal 221)
   defining Unicode char U+00DE (decimal 222)
   defining Unicode char U+00DF (decimal 223)
   defining Unicode char U+00E0 (decimal 224)
   defining Unicode char U+00E1 (decimal 225)
   defining Unicode char U+00E2 (decimal 226)
   defining Unicode char U+00E3 (decimal 227)
   defining Unicode char U+00E4 (decimal 228)
   defining Unicode char U+00E5 (decimal 229)
   defining Unicode char U+00E6 (decimal 230)
   defining Unicode char U+00E7 (decimal 231)
   defining Unicode char U+00E8 (decimal 232)
   defining Unicode char U+00E9 (decimal 233)
   defining Unicode char U+00EA (decimal 234)
   defining Unicode char U+00EB (decimal 235)
   defining Unicode char U+00EC (decimal 236)
   defining Unicode char U+00ED (decimal 237)
   defining Unicode char U+00EE (decimal 238)
   defining Unicode char U+00EF (decimal 239)
   defining Unicode char U+00F0 (decimal 240)
   defining Unicode char U+00F1 (decimal 241)
   defining Unicode char U+00F2 (decimal 242)
   defining Unicode char U+00F3 (decimal 243)
   defining Unicode char U+00F4 (decimal 244)
   defining Unicode char U+00F5 (decimal 245)
   defining Unicode char U+00F6 (decimal 246)
   defining Unicode char U+00F8 (decimal 248)
   defining Unicode char U+00F9 (decimal 249)
   defining Unicode char U+00FA (decimal 250)
   defining Unicode char U+00FB (decimal 251)
   defining Unicode char U+00FC (decimal 252)
   defining Unicode char U+00FD (decimal 253)
   defining Unicode char U+00FE (decimal 254)
   defining Unicode char U+00FF (decimal 255)
   defining Unicode char U+0100 (decimal 256)
   defining Unicode char U+0101 (decimal 257)
   defining Unicode char U+0102 (decimal 258)
   defining Unicode char U+0103 (decimal 259)
   defining Unicode char U+0104 (decimal 260)
   defining Unicode char U+0105 (decimal 261)
   defining Unicode char U+0106 (decimal 262)
   defining Unicode char U+0107 (decimal 263)
   defining Unicode char U+0108 (decimal 264)
   defining Unicode char U+0109 (decimal 265)
   defining Unicode char U+010A (decimal 266)
   defining Unicode char U+010B (decimal 267)
   defining Unicode char U+010C (decimal 268)
   defining Unicode char U+010D (decimal 269)
   defining Unicode char U+010E (decimal 270)
   defining Unicode char U+010F (decimal 271)
   defining Unicode char U+0110 (decimal 272)
   defining Unicode char U+0111 (decimal 273)
   defining Unicode char U+0112 (decimal 274)
   defining Unicode char U+0113 (decimal 275)
   defining Unicode char U+0114 (decimal 276)
   defining Unicode char U+0115 (decimal 277)
   defining Unicode char U+0116 (decimal 278)
   defining Unicode char U+0117 (decimal 279)
   defining Unicode char U+0118 (decimal 280)
   defining Unicode char U+0119 (decimal 281)
   defining Unicode char U+011A (decimal 282)
   defining Unicode char U+011B (decimal 283)
   defining Unicode char U+011C (decimal 284)
   defining Unicode char U+011D (decimal 285)
   defining Unicode char U+011E (decimal 286)
   defining Unicode char U+011F (decimal 287)
   defining Unicode char U+0120 (decimal 288)
   defining Unicode char U+0121 (decimal 289)
   defining Unicode char U+0122 (decimal 290)
   defining Unicode char U+0123 (decimal 291)
   defining Unicode char U+0124 (decimal 292)
   defining Unicode char U+0125 (decimal 293)
   defining Unicode char U+0128 (decimal 296)
   defining Unicode char U+0129 (decimal 297)
   defining Unicode char U+012A (decimal 298)
   defining Unicode char U+012B (decimal 299)
   defining Unicode char U+012C (decimal 300)
   defining Unicode char U+012D (decimal 301)
   defining Unicode char U+012E (decimal 302)
   defining Unicode char U+012F (decimal 303)
   defining Unicode char U+0130 (decimal 304)
   defining Unicode char U+0131 (decimal 305)
   defining Unicode char U+0132 (decimal 306)
   defining Unicode char U+0133 (decimal 307)
   defining Unicode char U+0134 (decimal 308)
   defining Unicode char U+0135 (decimal 309)
   defining Unicode char U+0136 (decimal 310)
   defining Unicode char U+0137 (decimal 311)
   defining Unicode char U+0139 (decimal 313)
   defining Unicode char U+013A (decimal 314)
   defining Unicode char U+013B (decimal 315)
   defining Unicode char U+013C (decimal 316)
   defining Unicode char U+013D (decimal 317)
   defining Unicode char U+013E (decimal 318)
   defining Unicode char U+0141 (decimal 321)
   defining Unicode char U+0142 (decimal 322)
   defining Unicode char U+0143 (decimal 323)
   defining Unicode char U+0144 (decimal 324)
   defining Unicode char U+0145 (decimal 325)
   defining Unicode char U+0146 (decimal 326)
   defining Unicode char U+0147 (decimal 327)
   defining Unicode char U+0148 (decimal 328)
   defining Unicode char U+014A (decimal 330)
   defining Unicode char U+014B (decimal 331)
   defining Unicode char U+014C (decimal 332)
   defining Unicode char U+014D (decimal 333)
   defining Unicode char U+014E (decimal 334)
   defining Unicode char U+014F (decimal 335)
   defining Unicode char U+0150 (decimal 336)
   defining Unicode char U+0151 (decimal 337)
   defining Unicode char U+0152 (decimal 338)
   defining Unicode char U+0153 (decimal 339)
   defining Unicode char U+0154 (decimal 340)
   defining Unicode char U+0155 (decimal 341)
   defining Unicode char U+0156 (decimal 342)
   defining Unicode char U+0157 (decimal 343)
   defining Unicode char U+0158 (decimal 344)
   defining Unicode char U+0159 (decimal 345)
   defining Unicode char U+015A (decimal 346)
   defining Unicode char U+015B (decimal 347)
   defining Unicode char U+015C (decimal 348)
   defining Unicode char U+015D (decimal 349)
   defining Unicode char U+015E (decimal 350)
   defining Unicode char U+015F (decimal 351)
   defining Unicode char U+0160 (decimal 352)
   defining Unicode char U+0161 (decimal 353)
   defining Unicode char U+0162 (decimal 354)
   defining Unicode char U+0163 (decimal 355)
   defining Unicode char U+0164 (decimal 356)
   defining Unicode char U+0165 (decimal 357)
   defining Unicode char U+0168 (decimal 360)
   defining Unicode char U+0169 (decimal 361)
   defining Unicode char U+016A (decimal 362)
   defining Unicode char U+016B (decimal 363)
   defining Unicode char U+016C (decimal 364)
   defining Unicode char U+016D (decimal 365)
   defining Unicode char U+016E (decimal 366)
   defining Unicode char U+016F (decimal 367)
   defining Unicode char U+0170 (decimal 368)
   defining Unicode char U+0171 (decimal 369)
   defining Unicode char U+0172 (decimal 370)
   defining Unicode char U+0173 (decimal 371)
   defining Unicode char U+0174 (decimal 372)
   defining Unicode char U+0175 (decimal 373)
   defining Unicode char U+0176 (decimal 374)
   defining Unicode char U+0177 (decimal 375)
   defining Unicode char U+0178 (decimal 376)
   defining Unicode char U+0179 (decimal 377)
   defining Unicode char U+017A (decimal 378)
   defining Unicode char U+017B (decimal 379)
   defining Unicode char U+017C (decimal 380)
   defining Unicode char U+017D (decimal 381)
   defining Unicode char U+017E (decimal 382)
   defining Unicode char U+01CD (decimal 461)
   defining Unicode char U+01CE (decimal 462)
   defining Unicode char U+01CF (decimal 463)
   defining Unicode char U+01D0 (decimal 464)
   defining Unicode char U+01D1 (decimal 465)
   defining Unicode char U+01D2 (decimal 466)
   defining Unicode char U+01D3 (decimal 467)
   defining Unicode char U+01D4 (decimal 468)
   defining Unicode char U+01E2 (decimal 482)
   defining Unicode char U+01E3 (decimal 483)
   defining Unicode char U+01E6 (decimal 486)
   defining Unicode char U+01E7 (decimal 487)
   defining Unicode char U+01E8 (decimal 488)
   defining Unicode char U+01E9 (decimal 489)
   defining Unicode char U+01EA (decimal 490)
   defining Unicode char U+01EB (decimal 491)
   defining Unicode char U+01F0 (decimal 496)
   defining Unicode char U+01F4 (decimal 500)
   defining Unicode char U+01F5 (decimal 501)
   defining Unicode char U+0218 (decimal 536)
   defining Unicode char U+0219 (decimal 537)
   defining Unicode char U+021A (decimal 538)
   defining Unicode char U+021B (decimal 539)
   defining Unicode char U+0232 (decimal 562)
   defining Unicode char U+0233 (decimal 563)
   defining Unicode char U+0237 (decimal 567)
   defining Unicode char U+02D9 (decimal 729)
   defining Unicode char U+02DB (decimal 731)
   defining Unicode char U+1E02 (decimal 7682)
   defining Unicode char U+1E03 (decimal 7683)
   defining Unicode char U+1E9E (decimal 7838)
   defining Unicode char U+200C (decimal 8204)
   defining Unicode char U+2010 (decimal 8208)
   defining Unicode char U+2011 (decimal 8209)
   defining Unicode char U+2012 (decimal 8210)
   defining Unicode char U+2013 (decimal 8211)
   defining Unicode char U+2014 (decimal 8212)
   defining Unicode char U+2015 (decimal 8213)
   defining Unicode char U+2018 (decimal 8216)
   defining Unicode char U+2019 (decimal 8217)
   defining Unicode char U+201A (decimal 8218)
   defining Unicode char U+201C (decimal 8220)
   defining Unicode char U+201D (decimal 8221)
   defining Unicode char U+201E (decimal 8222)
   defining Unicode char U+2030 (decimal 8240)
   defining Unicode char U+2031 (decimal 8241)
   defining Unicode char U+2039 (decimal 8249)
   defining Unicode char U+203A (decimal 8250)
   defining Unicode char U+2423 (decimal 9251)
   defining Unicode char U+1E20 (decimal 7712)
   defining Unicode char U+1E21 (decimal 7713)
   defining Unicode char U+FB00 (decimal 64256)
   defining Unicode char U+FB01 (decimal 64257)
   defining Unicode char U+FB02 (decimal 64258)
   defining Unicode char U+FB03 (decimal 64259)
   defining Unicode char U+FB04 (decimal 64260)
   defining Unicode char U+FB05 (decimal 64261)
   defining Unicode char U+FB06 (decimal 64262)
)
Now handling font encoding TS1 ...
... processing UTF-8 mapping file for font encoding TS1

(c:/Users/olikin/CloudStation/Travail/cross/chronoHB-v1/chronoHB/texlive/2020/t
exmf-dist/tex/latex/base/ts1enc.dfu
File: ts1enc.dfu 2019/11/14 v1.2k UTF-8 support for inputenc
   defining Unicode char U+00A2 (decimal 162)
   defining Unicode char U+00A3 (decimal 163)
   defining Unicode char U+00A4 (decimal 164)
   defining Unicode char U+00A5 (decimal 165)
   defining Unicode char U+00A6 (decimal 166)
   defining Unicode char U+00A7 (decimal 167)
   defining Unicode char U+00A8 (decimal 168)
   defining Unicode char U+00A9 (decimal 169)
   defining Unicode char U+00AA (decimal 170)
   defining Unicode char U+00AC (decimal 172)
   defining Unicode char U+00AE (decimal 174)
   defining Unicode char U+00AF (decimal 175)
   defining Unicode char U+00B0 (decimal 176)
   defining Unicode char U+00B1 (decimal 177)
   defining Unicode char U+00B2 (decimal 178)
   defining Unicode char U+00B3 (decimal 179)
   defining Unicode char U+00B4 (decimal 180)
   defining Unicode char U+00B5 (decimal 181)
   defining Unicode char U+00B6 (decimal 182)
   defining Unicode char U+00B7 (decimal 183)
   defining Unicode char U+00B9 (decimal 185)
   defining Unicode char U+00BA (decimal 186)
   defining Unicode char U+00BC (decimal 188)
   defining Unicode char U+00BD (decimal 189)
   defining Unicode char U+00BE (decimal 190)
   defining Unicode char U+00D7 (decimal 215)
   defining Unicode char U+00F7 (decimal 247)
   defining Unicode char U+0192 (decimal 402)
   defining Unicode char U+02C7 (decimal 711)
   defining Unicode char U+02D8 (decimal 728)
   defining Unicode char U+02DD (decimal 733)
   defining Unicode char U+0E3F (decimal 3647)
   defining Unicode char U+2016 (decimal 8214)
   defining Unicode char U+2020 (decimal 8224)
   defining Unicode char U+2021 (decimal 8225)
   defining Unicode char U+2022 (decimal 8226)
   defining Unicode char U+2030 (decimal 8240)
   defining Unicode char U+2031 (decimal 8241)
   defining Unicode char U+203B (decimal 8251)
   defining Unicode char U+203D (decimal 8253)
   defining Unicode char U+2044 (decimal 8260)
   defining Unicode char U+204E (decimal 8270)
   defining Unicode char U+2052 (decimal 8274)
   defining Unicode char U+20A1 (decimal 8353)
   defining Unicode char U+20A4 (decimal 8356)
   defining Unicode char U+20A6 (decimal 8358)
   defining Unicode char U+20A9 (decimal 8361)
   defining Unicode char U+20AB (decimal 8363)
   defining Unicode char U+20AC (decimal 8364)
   defining Unicode char U+20B1 (decimal 8369)
   defining Unicode char U+2103 (decimal 8451)
   defining Unicode char U+2116 (decimal 8470)
   defining Unicode char U+2117 (decimal 8471)
   defining Unicode char U+211E (decimal 8478)
   defining Unicode char U+2120 (decimal 8480)
   defining Unicode char U+2122 (decimal 8482)
   defining Unicode char U+2126 (decimal 8486)
   defining Unicode char U+2127 (decimal 8487)
   defining Unicode char U+212E (decimal 8494)
   defining Unicode char U+2190 (decimal 8592)
   defining Unicode char U+2191 (decimal 8593)
   defining Unicode char U+2192 (decimal 8594)
   defining Unicode char U+2193 (decimal 8595)
   defining Unicode char U+2329 (decimal 9001)
   defining Unicode char U+232A (decimal 9002)
   defining Unicode char U+2422 (decimal 9250)
   defining Unicode char U+25E6 (decimal 9702)
   defining Unicode char U+25EF (decimal 9711)
   defining Unicode char U+266A (decimal 9834)
   defining Unicode char U+27E8 (decimal 10216)
   defining Unicode char U+27E9 (decimal 10217)
   defining Unicode char U+FEFF (decimal 65279)
)
Now handling font encoding OMX ...
... no UTF-8 mapping file for font encoding OMX
Now handling font encoding U ...
... no UTF-8 mapping file for font encoding U
   defining Unicode char U+00A9 (decimal 169)
   defining Unicode char U+00AA (decimal 170)
   defining Unicode char U+00AE (decimal 174)
   defining Unicode char U+00BA (decimal 186)
   defining Unicode char U+02C6 (decimal 710)
   defining Unicode char U+02DC (decimal 732)
   defining Unicode char U+200C (decimal 8204)
   defining Unicode char U+2026 (decimal 8230)
   defining Unicode char U+2122 (decimal 8482)
   defining Unicode char U+2423 (decimal 9251)
   defining Unicode char U+FEFF (decimal 65279)
)
(c:/Users/olikin/CloudStation/Travail/cross/chronoHB-v1/chronoHB/texlive/2020/t
exmf-dist/tex/latex/firstaid/latex2e-first-aid-for-external-files.ltx
File: latex2e-first-aid-for-external-files.ltx 2020/12/14 v1.0i LaTeX kernel fi
xes to external files and packages
)
 ) )
Beginning to dump on file pdflatex.fmt
 (preloaded format=pdflatex 2021.10.3)
19029 strings of total length 347020
277761 memory locations dumped; current usage is 165&276244
17326 multiletter control sequences
\font\nullfont=nullfont
\font\c__fp_exp_intarray=cmr10 at 0.00002pt
\font\c__fp_trig_intarray=cmr10 at 0.00003pt
\font\c_initex_cctab=cmr10 at 0.00005pt
\font\c_other_cctab=cmr10 at 0.00006pt
\font\c_str_cctab=cmr10 at 0.00008pt
\font\g__regex_state_active_intarray=cmr10 at 0.00009pt
\font\g__regex_thread_info_intarray=cmr10 at 0.0001pt
\font\g__regex_submatch_prev_intarray=cmr10 at 0.00012pt
\font\g__regex_submatch_begin_intarray=cmr10 at 0.00014pt
\font\g__regex_submatch_end_intarray=cmr10 at 0.00015pt
\font\g__regex_balance_intarray=cmr10 at 0.00017pt
\font\OMX/cmex/m/n/10=cmex10
\font\tenln=line10
\font\tenlnw=linew10
\font\tencirc=lcircle10
\font\tencircw=lcirclew10
\font\OT1/cmr/m/n/5=cmr5
\font\OT1/cmr/m/n/7=cmr7
\font\OT1/cmr/m/n/10=cmr10
\font\OML/cmm/m/it/5=cmmi5
\font\OML/cmm/m/it/7=cmmi7
\font\OML/cmm/m/it/10=cmmi10
\font\OMS/cmsy/m/n/5=cmsy5
\font\OMS/cmsy/m/n/7=cmsy7
\font\OMS/cmsy/m/n/10=cmsy10
\font\c_code_cctab=cmr10 at 0.00018pt
\font\c_document_cctab=cmr10 at 0.0002pt
403423 words of font info for 27 preloaded fonts
14 hyphenation exceptions
Hyphenation trie of length 6081 has 183 ops out of 35111
  2 for language 1
  181 for language 0
0 words of pdfTeX memory
0 indirect objects
No pages of output.
PDF statistics:
 0 PDF objects out of 1000 (max. 8388607)
 0 named destinations out of 1000 (max. 500000)
 1 words of extra memory for PDF output out of 10000 (max. 10000000)

