[Sat Mar  6 15:29:56 2021] running mktexlsr
[Sat Mar  6 15:29:56 2021] success, output:
mktexlsr: Updating C:/Users/olikin/CloudStation/Travail/cross/chronoHB-v1/texlive/texmf-local/ls-R...
mktexlsr: Updated C:/Users/olikin/CloudStation/Travail/cross/chronoHB-v1/texlive/texmf-local/ls-R.
mktexlsr: Updating C:/Users/olikin/CloudStation/Travail/cross/chronoHB-v1/texlive/2020/texmf-config/ls-R...
mktexlsr: Updated C:/Users/olikin/CloudStation/Travail/cross/chronoHB-v1/texlive/2020/texmf-config/ls-R.
mktexlsr: Updating C:/Users/olikin/CloudStation/Travail/cross/chronoHB-v1/texlive/2020/texmf-var/ls-R...
mktexlsr: Updated C:/Users/olikin/CloudStation/Travail/cross/chronoHB-v1/texlive/2020/texmf-var/ls-R.
mktexlsr: Updating C:/Users/olikin/CloudStation/Travail/cross/chronoHB-v1/texlive/2020/texmf-dist/ls-R...
mktexlsr: Updated C:/Users/olikin/CloudStation/Travail/cross/chronoHB-v1/texlive/2020/texmf-dist/ls-R.
mktexlsr: Done.
--end of output of mktexlsr.

[Sat Mar  6 15:31:23 2021] running mktexlsr
[Sat Mar  6 15:31:23 2021] success, output:
mktexlsr: Updating C:/Users/olikin/CloudStation/Travail/cross/chronoHB-v1/texlive/texmf-local/ls-R...
mktexlsr: Updated C:/Users/olikin/CloudStation/Travail/cross/chronoHB-v1/texlive/texmf-local/ls-R.
mktexlsr: Updating C:/Users/olikin/CloudStation/Travail/cross/chronoHB-v1/texlive/2020/texmf-config/ls-R...
mktexlsr: Updated C:/Users/olikin/CloudStation/Travail/cross/chronoHB-v1/texlive/2020/texmf-config/ls-R.
mktexlsr: Updating C:/Users/olikin/CloudStation/Travail/cross/chronoHB-v1/texlive/2020/texmf-var/ls-R...
mktexlsr: Updated C:/Users/olikin/CloudStation/Travail/cross/chronoHB-v1/texlive/2020/texmf-var/ls-R.
mktexlsr: Updating C:/Users/olikin/CloudStation/Travail/cross/chronoHB-v1/texlive/2020/texmf-dist/ls-R...
mktexlsr: Updated C:/Users/olikin/CloudStation/Travail/cross/chronoHB-v1/texlive/2020/texmf-dist/ls-R.
mktexlsr: Done.
--end of output of mktexlsr.

[Sat Mar  6 15:32:13 2021] running mktexlsr
[Sat Mar  6 15:32:13 2021] success, output:
mktexlsr: Updating C:/Users/olikin/CloudStation/Travail/cross/chronoHB-v1/texlive/texmf-local/ls-R...
mktexlsr: Updated C:/Users/olikin/CloudStation/Travail/cross/chronoHB-v1/texlive/texmf-local/ls-R.
mktexlsr: Updating C:/Users/olikin/CloudStation/Travail/cross/chronoHB-v1/texlive/2020/texmf-config/ls-R...
mktexlsr: Updated C:/Users/olikin/CloudStation/Travail/cross/chronoHB-v1/texlive/2020/texmf-config/ls-R.
mktexlsr: Updating C:/Users/olikin/CloudStation/Travail/cross/chronoHB-v1/texlive/2020/texmf-var/ls-R...
mktexlsr: Updated C:/Users/olikin/CloudStation/Travail/cross/chronoHB-v1/texlive/2020/texmf-var/ls-R.
mktexlsr: Updating C:/Users/olikin/CloudStation/Travail/cross/chronoHB-v1/texlive/2020/texmf-dist/ls-R...
mktexlsr: Updated C:/Users/olikin/CloudStation/Travail/cross/chronoHB-v1/texlive/2020/texmf-dist/ls-R.
mktexlsr: Done.
--end of output of mktexlsr.

[Sat Mar  6 15:38:42 2021] running mktexlsr
[Sat Mar  6 15:38:42 2021] success, output:
mktexlsr: Updating C:/Users/olikin/CloudStation/Travail/cross/chronoHB-v1/texlive/texmf-local/ls-R...
mktexlsr: Updated C:/Users/olikin/CloudStation/Travail/cross/chronoHB-v1/texlive/texmf-local/ls-R.
mktexlsr: Updating C:/Users/olikin/CloudStation/Travail/cross/chronoHB-v1/texlive/2020/texmf-config/ls-R...
mktexlsr: Updated C:/Users/olikin/CloudStation/Travail/cross/chronoHB-v1/texlive/2020/texmf-config/ls-R.
mktexlsr: Updating C:/Users/olikin/CloudStation/Travail/cross/chronoHB-v1/texlive/2020/texmf-var/ls-R...
mktexlsr: Updated C:/Users/olikin/CloudStation/Travail/cross/chronoHB-v1/texlive/2020/texmf-var/ls-R.
mktexlsr: Updating C:/Users/olikin/CloudStation/Travail/cross/chronoHB-v1/texlive/2020/texmf-dist/ls-R...
mktexlsr: Updated C:/Users/olikin/CloudStation/Travail/cross/chronoHB-v1/texlive/2020/texmf-dist/ls-R.
mktexlsr: Done.
--end of output of mktexlsr.

[Sat Mar  6 15:44:12 2021] running mktexlsr
[Sat Mar  6 15:44:12 2021] success, output:
mktexlsr: Updating C:/Users/olikin/CloudStation/Travail/cross/chronoHB-v1/texlive/texmf-local/ls-R...
mktexlsr: Updated C:/Users/olikin/CloudStation/Travail/cross/chronoHB-v1/texlive/texmf-local/ls-R.
mktexlsr: Updating C:/Users/olikin/CloudStation/Travail/cross/chronoHB-v1/texlive/2020/texmf-config/ls-R...
mktexlsr: Updated C:/Users/olikin/CloudStation/Travail/cross/chronoHB-v1/texlive/2020/texmf-config/ls-R.
mktexlsr: Updating C:/Users/olikin/CloudStation/Travail/cross/chronoHB-v1/texlive/2020/texmf-var/ls-R...
mktexlsr: Updated C:/Users/olikin/CloudStation/Travail/cross/chronoHB-v1/texlive/2020/texmf-var/ls-R.
mktexlsr: Updating C:/Users/olikin/CloudStation/Travail/cross/chronoHB-v1/texlive/2020/texmf-dist/ls-R...
mktexlsr: Updated C:/Users/olikin/CloudStation/Travail/cross/chronoHB-v1/texlive/2020/texmf-dist/ls-R.
mktexlsr: Done.
--end of output of mktexlsr.

[Sat Mar  6 15:44:26 2021] running mktexlsr
[Sat Mar  6 15:44:26 2021] success, output:
mktexlsr: Updating C:/Users/olikin/CloudStation/Travail/cross/chronoHB-v1/texlive/texmf-local/ls-R...
mktexlsr: Updated C:/Users/olikin/CloudStation/Travail/cross/chronoHB-v1/texlive/texmf-local/ls-R.
mktexlsr: Updating C:/Users/olikin/CloudStation/Travail/cross/chronoHB-v1/texlive/2020/texmf-config/ls-R...
mktexlsr: Updated C:/Users/olikin/CloudStation/Travail/cross/chronoHB-v1/texlive/2020/texmf-config/ls-R.
mktexlsr: Updating C:/Users/olikin/CloudStation/Travail/cross/chronoHB-v1/texlive/2020/texmf-var/ls-R...
mktexlsr: Updated C:/Users/olikin/CloudStation/Travail/cross/chronoHB-v1/texlive/2020/texmf-var/ls-R.
mktexlsr: Updating C:/Users/olikin/CloudStation/Travail/cross/chronoHB-v1/texlive/2020/texmf-dist/ls-R...
mktexlsr: Updated C:/Users/olikin/CloudStation/Travail/cross/chronoHB-v1/texlive/2020/texmf-dist/ls-R.
mktexlsr: Done.
--end of output of mktexlsr.

[Sat Mar  6 17:36:23 2021] running mktexlsr
[Sat Mar  6 17:36:23 2021] success, output:
mktexlsr: Updating C:/Users/olikin/CloudStation/Travail/cross/chronoHB-v1/texlive/texmf-local/ls-R...
mktexlsr: Updated C:/Users/olikin/CloudStation/Travail/cross/chronoHB-v1/texlive/texmf-local/ls-R.
mktexlsr: Updating C:/Users/olikin/CloudStation/Travail/cross/chronoHB-v1/texlive/2020/texmf-config/ls-R...
mktexlsr: Updated C:/Users/olikin/CloudStation/Travail/cross/chronoHB-v1/texlive/2020/texmf-config/ls-R.
mktexlsr: Updating C:/Users/olikin/CloudStation/Travail/cross/chronoHB-v1/texlive/2020/texmf-var/ls-R...
mktexlsr: Updated C:/Users/olikin/CloudStation/Travail/cross/chronoHB-v1/texlive/2020/texmf-var/ls-R.
mktexlsr: Updating C:/Users/olikin/CloudStation/Travail/cross/chronoHB-v1/texlive/2020/texmf-dist/ls-R...
mktexlsr: Updated C:/Users/olikin/CloudStation/Travail/cross/chronoHB-v1/texlive/2020/texmf-dist/ls-R.
mktexlsr: Done.
--end of output of mktexlsr.

[Sat Mar  6 17:44:11 2021] running mktexlsr
[Sat Mar  6 17:44:12 2021] success, output:
mktexlsr: Updating C:/Users/olikin/CloudStation/Travail/cross/chronoHB-v1/texlive/texmf-local/ls-R...
mktexlsr: Updated C:/Users/olikin/CloudStation/Travail/cross/chronoHB-v1/texlive/texmf-local/ls-R.
mktexlsr: Updating C:/Users/olikin/CloudStation/Travail/cross/chronoHB-v1/texlive/2020/texmf-config/ls-R...
mktexlsr: Updated C:/Users/olikin/CloudStation/Travail/cross/chronoHB-v1/texlive/2020/texmf-config/ls-R.
mktexlsr: Updating C:/Users/olikin/CloudStation/Travail/cross/chronoHB-v1/texlive/2020/texmf-var/ls-R...
mktexlsr: Updated C:/Users/olikin/CloudStation/Travail/cross/chronoHB-v1/texlive/2020/texmf-var/ls-R.
mktexlsr: Updating C:/Users/olikin/CloudStation/Travail/cross/chronoHB-v1/texlive/2020/texmf-dist/ls-R...
mktexlsr: Updated C:/Users/olikin/CloudStation/Travail/cross/chronoHB-v1/texlive/2020/texmf-dist/ls-R.
mktexlsr: Done.
--end of output of mktexlsr.

[Sat Mar  6 17:44:33 2021] running mktexlsr
[Sat Mar  6 17:44:33 2021] success, output:
mktexlsr: Updating C:/Users/olikin/CloudStation/Travail/cross/chronoHB-v1/texlive/texmf-local/ls-R...
mktexlsr: Updated C:/Users/olikin/CloudStation/Travail/cross/chronoHB-v1/texlive/texmf-local/ls-R.
mktexlsr: Updating C:/Users/olikin/CloudStation/Travail/cross/chronoHB-v1/texlive/2020/texmf-config/ls-R...
mktexlsr: Updated C:/Users/olikin/CloudStation/Travail/cross/chronoHB-v1/texlive/2020/texmf-config/ls-R.
mktexlsr: Updating C:/Users/olikin/CloudStation/Travail/cross/chronoHB-v1/texlive/2020/texmf-var/ls-R...
mktexlsr: Updated C:/Users/olikin/CloudStation/Travail/cross/chronoHB-v1/texlive/2020/texmf-var/ls-R.
mktexlsr: Updating C:/Users/olikin/CloudStation/Travail/cross/chronoHB-v1/texlive/2020/texmf-dist/ls-R...
mktexlsr: Updated C:/Users/olikin/CloudStation/Travail/cross/chronoHB-v1/texlive/2020/texmf-dist/ls-R.
mktexlsr: Done.
--end of output of mktexlsr.

[Sun Oct  3 13:20:38 2021] running mktexlsr
[Sun Oct  3 13:20:38 2021] success, output:
mktexlsr: Updating C:/Users/olikin/CloudStation/Travail/cross/chronoHB-v1/chronoHB/texlive/texmf-local/ls-R...
mktexlsr: Updated C:/Users/olikin/CloudStation/Travail/cross/chronoHB-v1/chronoHB/texlive/texmf-local/ls-R.
mktexlsr: Updating C:/Users/olikin/CloudStation/Travail/cross/chronoHB-v1/chronoHB/texlive/2020/texmf-config/ls-R...
mktexlsr: Updated C:/Users/olikin/CloudStation/Travail/cross/chronoHB-v1/chronoHB/texlive/2020/texmf-config/ls-R.
mktexlsr: Updating C:/Users/olikin/CloudStation/Travail/cross/chronoHB-v1/chronoHB/texlive/2020/texmf-var/ls-R...
mktexlsr: Updated C:/Users/olikin/CloudStation/Travail/cross/chronoHB-v1/chronoHB/texlive/2020/texmf-var/ls-R.
mktexlsr: Updating C:/Users/olikin/CloudStation/Travail/cross/chronoHB-v1/chronoHB/texlive/2020/texmf-dist/ls-R...
mktexlsr: Updated C:/Users/olikin/CloudStation/Travail/cross/chronoHB-v1/chronoHB/texlive/2020/texmf-dist/ls-R.
mktexlsr: Done.
--end of output of mktexlsr.

[Sun Oct  3 13:20:38 2021] running fmtutil-sys --no-error-if-no-engine=luajithbtex,luajittex,mfluajit --all
[Sun Oct  3 13:20:52 2021] success, output:
fmtutil: fmtutil is using the following fmtutil.cnf files (in precedence order):
fmtutil:   c:/users/olikin/cloudstation/travail/cross/chronohb-v1/chronohb/texlive/2020/texmf-dist/web2c/fmtutil.cnf
fmtutil: fmtutil is using the following fmtutil.cnf file for writing changes:
fmtutil:   c:/users/olikin/cloudstation/travail/cross/chronohb-v1/chronohb/texlive/2020/texmf-config/web2c/fmtutil.cnf
fmtutil [INFO]: writing formats under c:/users/olikin/cloudstation/travail/cross/chronohb-v1/chronohb/texlive/2020/texmf-var/web2c
fmtutil [INFO]: --- remaking pdftex with pdftex
fmtutil: running `pdftex -ini   -jobname=pdftex -progname=pdftex -translate-file=cp227.tcx *pdfetex.ini' ...
This is pdfTeX, Version 3.14159265-2.6-1.40.21 (TeX Live 2020/W32TeX) (INITEX)
 restricted \write18 enabled.
 (c:/Users/olikin/CloudStation/Travail/cross/chronoHB-v1/chronoHB/texlive/2020/texmf-dist/web2c/cp227.tcx)
entering extended mode

(c:/Users/olikin/CloudStation/Travail/cross/chronoHB-v1/chronoHB/texlive/2020/t
exmf-dist/tex/plain/config/pdfetex.ini
(c:/Users/olikin/CloudStation/Travail/cross/chronoHB-v1/chronoHB/texlive/2020/t
exmf-config/tex/generic/tex-ini-files/pdftexconfig.tex)
(c:/Users/olikin/CloudStation/Travail/cross/chronoHB-v1/chronoHB/texlive/2020/t
exmf-dist/tex/plain/etex/etex.src
(c:/Users/olikin/CloudStation/Travail/cross/chronoHB-v1/chronoHB/texlive/2020/t
exmf-dist/tex/plain/base/plain.tex Preloading the plain format: codes,
registers, parameters, fonts, more fonts, macros, math definitions,
output routines, hyphenation
(c:/Users/olikin/CloudStation/Travail/cross/chronoHB-v1/chronoHB/texlive/2020/t
exmf-dist/tex/generic/hyphen/hyphen.tex
[skipping from \patterns to end-of-file...]))
(c:/Users/olikin/CloudStation/Travail/cross/chronoHB-v1/chronoHB/texlive/2020/t
exmf-dist/tex/plain/etex/etexdefs.lib Skipping module "grouptypes";
Loading module "interactionmodes"; Skipping module "nodetypes";
Skipping module "iftypes";)
(c:/Users/olikin/CloudStation/Travail/cross/chronoHB-v1/chronoHB/texlive/2020/t
exmf-var/tex/generic/config/language.def
(c:/Users/olikin/CloudStation/Travail/cross/chronoHB-v1/chronoHB/texlive/2020/t
exmf-dist/tex/generic/hyphen/hyphen.tex))
Augmenting the Plain TeX definitions: \tracingall;
Adding new e-TeX definitions: \eTeX, \loggingall, \tracingnone,
register allocation; extended register allocation; 
Recycling: \addlanguage, \@nswer (not defined), \@sk, \b@dresponsetrue,
\b@dresponsefalse, \ch@ckforyn, \mayber@cycle, \et@xabort, \et@xbuf,
\et@xfmtsrc, \et@xfilehdr, \et@xinf, \et@xpatterns, \l@ngdefnfile, \n@xt,
\p@rse (not defined), \pr@mpt (not defined), \pr@mptloop (not defined),
\forcer@cycle, \usef@llback, \usef@llbacktrue, \usef@llbackfalse, 
Retaining: \et@xerr, \et@xinput, \et@xlibhdr, \et@xmsg, \et@xtoks, \et@xwarn,
\et@xl@@d, \et@xl@ad, \et@xload, \et@xlang, \et@xhash, \eTeX, \etexhdrchk,
\etexstatus, \module, \uselanguage, \r@tain, \r@cycle,)
(c:/Users/olikin/CloudStation/Travail/cross/chronoHB-v1/chronoHB/texlive/2020/t
exmf-dist/tex/plain/config/pdftexmagfix.tex) )
Beginning to dump on file pdftex.fmt
 (preloaded format=pdftex 2021.10.3)
2906 strings of total length 44707
7960 memory locations dumped; current usage is 203&7321
1266 multiletter control sequences
\font\nullfont=nullfont
\font\tenrm=cmr10
\font\preloaded=cmr9
\font\preloaded=cmr8
\font\sevenrm=cmr7
\font\preloaded=cmr6
\font\fiverm=cmr5
\font\teni=cmmi10
\font\preloaded=cmmi9
\font\preloaded=cmmi8
\font\seveni=cmmi7
\font\preloaded=cmmi6
\font\fivei=cmmi5
\font\tensy=cmsy10
\font\preloaded=cmsy9
\font\preloaded=cmsy8
\font\sevensy=cmsy7
\font\preloaded=cmsy6
\font\fivesy=cmsy5
\font\tenex=cmex10
\font\preloaded=cmss10
\font\preloaded=cmssq8
\font\preloaded=cmssi10
\font\preloaded=cmssqi8
\font\tenbf=cmbx10
\font\preloaded=cmbx9
\font\preloaded=cmbx8
\font\sevenbf=cmbx7
\font\preloaded=cmbx6
\font\fivebf=cmbx5
\font\tentt=cmtt10
\font\preloaded=cmtt9
\font\preloaded=cmtt8
\font\preloaded=cmsltt10
\font\tensl=cmsl10
\font\preloaded=cmsl9
\font\preloaded=cmsl8
\font\tenit=cmti10
\font\preloaded=cmti9
\font\preloaded=cmti8
\font\preloaded=cmti7
\font\preloaded=cmu10
\font\preloaded=cmmib10
\font\preloaded=cmbsy10
\font\preloaded=cmcsc10
\font\preloaded=cmssbx10
\font\preloaded=cmdunh10
\font\preloaded=cmr7 at 14.51799pt
\font\preloaded=cmtt10 at 14.4pt
\font\preloaded=cmssbx10 at 14.4pt
\font\preloaded=manfnt
14787 words of font info for 50 preloaded fonts
14 hyphenation exceptions
Hyphenation trie of length 6075 has 181 ops out of 35111
  181 for language 0
0 words of pdfTeX memory
0 indirect objects
No pages of output.
Transcript written on pdftex.log.
fmtutil [INFO]: log file copied to: c:/users/olikin/cloudstation/travail/cross/chronohb-v1/chronohb/texlive/2020/texmf-var/web2c/pdftex/pdftex.log
fmtutil [INFO]: c:/users/olikin/cloudstation/travail/cross/chronohb-v1/chronohb/texlive/2020/texmf-var/web2c/pdftex/pdftex.fmt installed.
fmtutil [INFO]: --- remaking luahbtex with luahbtex
fmtutil: running `luahbtex -ini   -jobname=luahbtex -progname=luahbtex luatex.ini' ...
This is LuaHBTeX, Version 1.12.0 (TeX Live 2020/W32TeX)  (INITEX)
 restricted system commands enabled.

(c:/Users/olikin/CloudStation/Travail/cross/chronoHB-v1/chronoHB/texlive/2020/t
exmf-dist/tex/generic/tex-ini-files/luatex.ini
(c:/Users/olikin/CloudStation/Travail/cross/chronoHB-v1/chronoHB/texlive/2020/t
exmf-dist/tex/generic/tex-ini-files/luatexconfig.tex
(c:/Users/olikin/CloudStation/Travail/cross/chronoHB-v1/chronoHB/texlive/2020/t
exmf-config/tex/generic/tex-ini-files/pdftexconfig.tex))
(c:/Users/olikin/CloudStation/Travail/cross/chronoHB-v1/chronoHB/texlive/2020/t
exmf-dist/tex/generic/config/luatexiniconfig.tex)
(c:/Users/olikin/CloudStation/Travail/cross/chronoHB-v1/chronoHB/texlive/2020/t
exmf-dist/tex/generic/unicode-data/load-unicode-data.tex 
load-unicode-data.tex v1.14 (2020-10-24)
Reading Unicode data
# UnicodeData-13.0.0.txt
# Modified 2020-03-12 11:00:00 GMT [JAW]
)
(c:/Users/olikin/CloudStation/Travail/cross/chronoHB-v1/chronoHB/texlive/2020/t
exmf-dist/tex/luatex/hyph-utf8/etex.src
(c:/Users/olikin/CloudStation/Travail/cross/chronoHB-v1/chronoHB/texlive/2020/t
exmf-dist/tex/plain/base/plain.tex Preloading the plain format: codes,
registers, parameters, fonts, more fonts, macros, math definitions,
output routines, hyphenation
(c:/Users/olikin/CloudStation/Travail/cross/chronoHB-v1/chronoHB/texlive/2020/t
exmf-dist/tex/generic/hyphen/hyphen.tex
[skipping from \patterns to end-of-file...]))
(c:/Users/olikin/CloudStation/Travail/cross/chronoHB-v1/chronoHB/texlive/2020/t
exmf-dist/tex/plain/etex/etexdefs.lib Skipping module "grouptypes";
Loading module "interactionmodes"; Skipping module "nodetypes";
Skipping module "iftypes";)
(c:/Users/olikin/CloudStation/Travail/cross/chronoHB-v1/chronoHB/texlive/2020/t
exmf-var/tex/generic/config/language.def
(c:/Users/olikin/CloudStation/Travail/cross/chronoHB-v1/chronoHB/texlive/2020/t
exmf-dist/tex/generic/hyphen/hyphen.tex))
Augmenting the Plain TeX definitions: \tracingall;
Adding new e-TeX definitions: \eTeX, \loggingall, \tracingnone,
register allocation; extended register allocation; 
Recycling: \addlanguage, \@nswer (not defined), \@sk, \b@dresponsetrue,
\b@dresponsefalse, \ch@ckforyn, \mayber@cycle, \et@xabort, \et@xbuf,
\et@xfmtsrc, \et@xfilehdr, \et@xinf, \et@xpatterns, \l@ngdefnfile, \n@xt,
\p@rse (not defined), \pr@mpt (not defined), \pr@mptloop (not defined),
\forcer@cycle, \usef@llback, \usef@llbacktrue, \usef@llbackfalse, 
Retaining: \et@xerr, \et@xinput, \et@xlibhdr, \et@xmsg, \et@xtoks, \et@xwarn,
\et@xl@@d, \et@xl@ad, \et@xload, \et@xlang, \et@xhash, \eTeX, \etexhdrchk,
\etexstatus, \module, \uselanguage, \r@tain, \r@cycle,))
Beginning to dump on file luahbtex.fmt
 (format=luahbtex 2021.10.3)
3354 strings using 10205 bytes
68807 memory locations dumped; current usage is 149&7700
1869 multiletter control sequences
\font\nullfont=nullfont
\font\tenrm=cmr10
\font\preloaded=cmr9
\font\preloaded=cmr8
\font\sevenrm=cmr7
\font\preloaded=cmr6
\font\fiverm=cmr5
\font\teni=cmmi10
\font\preloaded=cmmi9
\font\preloaded=cmmi8
\font\seveni=cmmi7
\font\preloaded=cmmi6
\font\fivei=cmmi5
\font\tensy=cmsy10
\font\preloaded=cmsy9
\font\preloaded=cmsy8
\font\sevensy=cmsy7
\font\preloaded=cmsy6
\font\fivesy=cmsy5
\font\tenex=cmex10
\font\preloaded=cmss10
\font\preloaded=cmssq8
\font\preloaded=cmssi10
\font\preloaded=cmssqi8
\font\tenbf=cmbx10
\font\preloaded=cmbx9
\font\preloaded=cmbx8
\font\sevenbf=cmbx7
\font\preloaded=cmbx6
\font\fivebf=cmbx5
\font\tentt=cmtt10
\font\preloaded=cmtt9
\font\preloaded=cmtt8
\font\preloaded=cmsltt10
\font\tensl=cmsl10
\font\preloaded=cmsl9
\font\preloaded=cmsl8
\font\tenit=cmti10
\font\preloaded=cmti9
\font\preloaded=cmti8
\font\preloaded=cmti7
\font\preloaded=cmu10
\font\preloaded=cmmib10
\font\preloaded=cmbsy10
\font\preloaded=cmcsc10
\font\preloaded=cmssbx10
\font\preloaded=cmdunh10
\font\preloaded=cmr7 at 14.51799pt
\font\preloaded=cmtt10 at 14.4pt
\font\preloaded=cmssbx10 at 14.4pt
\font\preloaded=manfnt
50 preloaded fonts
warning  (pdf backend): no pages of output.
Transcript written on luahbtex.log.
fmtutil [INFO]: log file copied to: c:/users/olikin/cloudstation/travail/cross/chronohb-v1/chronohb/texlive/2020/texmf-var/web2c/luahbtex/luahbtex.log
fmtutil [INFO]: c:/users/olikin/cloudstation/travail/cross/chronohb-v1/chronohb/texlive/2020/texmf-var/web2c/luahbtex/luahbtex.fmt installed.
fmtutil [INFO]: --- remaking luatex with luatex
fmtutil: running `luatex -ini   -jobname=luatex -progname=luatex luatex.ini' ...
This is LuaTeX, Version 1.12.0 (TeX Live 2020/W32TeX)  (INITEX)
 restricted system commands enabled.

(c:/Users/olikin/CloudStation/Travail/cross/chronoHB-v1/chronoHB/texlive/2020/t
exmf-dist/tex/generic/tex-ini-files/luatex.ini
(c:/Users/olikin/CloudStation/Travail/cross/chronoHB-v1/chronoHB/texlive/2020/t
exmf-dist/tex/generic/tex-ini-files/luatexconfig.tex
(c:/Users/olikin/CloudStation/Travail/cross/chronoHB-v1/chronoHB/texlive/2020/t
exmf-config/tex/generic/tex-ini-files/pdftexconfig.tex))
(c:/Users/olikin/CloudStation/Travail/cross/chronoHB-v1/chronoHB/texlive/2020/t
exmf-dist/tex/generic/config/luatexiniconfig.tex)
(c:/Users/olikin/CloudStation/Travail/cross/chronoHB-v1/chronoHB/texlive/2020/t
exmf-dist/tex/generic/unicode-data/load-unicode-data.tex 
load-unicode-data.tex v1.14 (2020-10-24)
Reading Unicode data
# UnicodeData-13.0.0.txt
# Modified 2020-03-12 11:00:00 GMT [JAW]
)
(c:/Users/olikin/CloudStation/Travail/cross/chronoHB-v1/chronoHB/texlive/2020/t
exmf-dist/tex/luatex/hyph-utf8/etex.src
(c:/Users/olikin/CloudStation/Travail/cross/chronoHB-v1/chronoHB/texlive/2020/t
exmf-dist/tex/plain/base/plain.tex Preloading the plain format: codes,
registers, parameters, fonts, more fonts, macros, math definitions,
output routines, hyphenation
(c:/Users/olikin/CloudStation/Travail/cross/chronoHB-v1/chronoHB/texlive/2020/t
exmf-dist/tex/generic/hyphen/hyphen.tex
[skipping from \patterns to end-of-file...]))
(c:/Users/olikin/CloudStation/Travail/cross/chronoHB-v1/chronoHB/texlive/2020/t
exmf-dist/tex/plain/etex/etexdefs.lib Skipping module "grouptypes";
Loading module "interactionmodes"; Skipping module "nodetypes";
Skipping module "iftypes";)
(c:/Users/olikin/CloudStation/Travail/cross/chronoHB-v1/chronoHB/texlive/2020/t
exmf-var/tex/generic/config/language.def
(c:/Users/olikin/CloudStation/Travail/cross/chronoHB-v1/chronoHB/texlive/2020/t
exmf-dist/tex/generic/hyphen/hyphen.tex))
Augmenting the Plain TeX definitions: \tracingall;
Adding new e-TeX definitions: \eTeX, \loggingall, \tracingnone,
register allocation; extended register allocation; 
Recycling: \addlanguage, \@nswer (not defined), \@sk, \b@dresponsetrue,
\b@dresponsefalse, \ch@ckforyn, \mayber@cycle, \et@xabort, \et@xbuf,
\et@xfmtsrc, \et@xfilehdr, \et@xinf, \et@xpatterns, \l@ngdefnfile, \n@xt,
\p@rse (not defined), \pr@mpt (not defined), \pr@mptloop (not defined),
\forcer@cycle, \usef@llback, \usef@llbacktrue, \usef@llbackfalse, 
Retaining: \et@xerr, \et@xinput, \et@xlibhdr, \et@xmsg, \et@xtoks, \et@xwarn,
\et@xl@@d, \et@xl@ad, \et@xload, \et@xlang, \et@xhash, \eTeX, \etexhdrchk,
\etexstatus, \module, \uselanguage, \r@tain, \r@cycle,))
Beginning to dump on file luatex.fmt
 (format=luatex 2021.10.3)
3354 strings using 10201 bytes
68807 memory locations dumped; current usage is 149&7700
1869 multiletter control sequences
\font\nullfont=nullfont
\font\tenrm=cmr10
\font\preloaded=cmr9
\font\preloaded=cmr8
\font\sevenrm=cmr7
\font\preloaded=cmr6
\font\fiverm=cmr5
\font\teni=cmmi10
\font\preloaded=cmmi9
\font\preloaded=cmmi8
\font\seveni=cmmi7
\font\preloaded=cmmi6
\font\fivei=cmmi5
\font\tensy=cmsy10
\font\preloaded=cmsy9
\font\preloaded=cmsy8
\font\sevensy=cmsy7
\font\preloaded=cmsy6
\font\fivesy=cmsy5
\font\tenex=cmex10
\font\preloaded=cmss10
\font\preloaded=cmssq8
\font\preloaded=cmssi10
\font\preloaded=cmssqi8
\font\tenbf=cmbx10
\font\preloaded=cmbx9
\font\preloaded=cmbx8
\font\sevenbf=cmbx7
\font\preloaded=cmbx6
\font\fivebf=cmbx5
\font\tentt=cmtt10
\font\preloaded=cmtt9
\font\preloaded=cmtt8
\font\preloaded=cmsltt10
\font\tensl=cmsl10
\font\preloaded=cmsl9
\font\preloaded=cmsl8
\font\tenit=cmti10
\font\preloaded=cmti9
\font\preloaded=cmti8
\font\preloaded=cmti7
\font\preloaded=cmu10
\font\preloaded=cmmib10
\font\preloaded=cmbsy10
\font\preloaded=cmcsc10
\font\preloaded=cmssbx10
\font\preloaded=cmdunh10
\font\preloaded=cmr7 at 14.51799pt
\font\preloaded=cmtt10 at 14.4pt
\font\preloaded=cmssbx10 at 14.4pt
\font\preloaded=manfnt
50 preloaded fonts
warning  (pdf backend): no pages of output.
Transcript written on luatex.log.
fmtutil [INFO]: log file copied to: c:/users/olikin/cloudstation/travail/cross/chronohb-v1/chronohb/texlive/2020/texmf-var/web2c/luatex/luatex.log
fmtutil [INFO]: c:/users/olikin/cloudstation/travail/cross/chronohb-v1/chronohb/texlive/2020/texmf-var/web2c/luatex/luatex.fmt installed.
fmtutil [INFO]: --- remaking tex with tex
fmtutil: running `tex -ini   -jobname=tex -progname=tex tex.ini' ...
This is TeX, Version 3.14159265 (TeX Live 2020/W32TeX) (INITEX)

(c:/Users/olikin/CloudStation/Travail/cross/chronoHB-v1/chronoHB/texlive/2020/t
exmf-dist/tex/plain/config/tex.ini
(c:/Users/olikin/CloudStation/Travail/cross/chronoHB-v1/chronoHB/texlive/2020/t
exmf-dist/tex/plain/base/plain.tex Preloading the plain format: codes,
registers, parameters, fonts, more fonts, macros, math definitions,
output routines, hyphenation
(c:/Users/olikin/CloudStation/Travail/cross/chronoHB-v1/chronoHB/texlive/2020/t
exmf-dist/tex/generic/hyphen/hyphen.tex)) )
Beginning to dump on file tex.fmt
 (preloaded format=tex 2021.10.3)
2027 strings of total length 29818
4990 memory locations dumped; current usage is 110&4877
926 multiletter control sequences
\font\nullfont=nullfont
\font\tenrm=cmr10
\font\preloaded=cmr9
\font\preloaded=cmr8
\font\sevenrm=cmr7
\font\preloaded=cmr6
\font\fiverm=cmr5
\font\teni=cmmi10
\font\preloaded=cmmi9
\font\preloaded=cmmi8
\font\seveni=cmmi7
\font\preloaded=cmmi6
\font\fivei=cmmi5
\font\tensy=cmsy10
\font\preloaded=cmsy9
\font\preloaded=cmsy8
\font\sevensy=cmsy7
\font\preloaded=cmsy6
\font\fivesy=cmsy5
\font\tenex=cmex10
\font\preloaded=cmss10
\font\preloaded=cmssq8
\font\preloaded=cmssi10
\font\preloaded=cmssqi8
\font\tenbf=cmbx10
\font\preloaded=cmbx9
\font\preloaded=cmbx8
\font\sevenbf=cmbx7
\font\preloaded=cmbx6
\font\fivebf=cmbx5
\font\tentt=cmtt10
\font\preloaded=cmtt9
\font\preloaded=cmtt8
\font\preloaded=cmsltt10
\font\tensl=cmsl10
\font\preloaded=cmsl9
\font\preloaded=cmsl8
\font\tenit=cmti10
\font\preloaded=cmti9
\font\preloaded=cmti8
\font\preloaded=cmti7
\font\preloaded=cmu10
\font\preloaded=cmmib10
\font\preloaded=cmbsy10
\font\preloaded=cmcsc10
\font\preloaded=cmssbx10
\font\preloaded=cmdunh10
\font\preloaded=cmr7 at 14.51799pt
\font\preloaded=cmtt10 at 14.4pt
\font\preloaded=cmssbx10 at 14.4pt
\font\preloaded=manfnt
14787 words of font info for 50 preloaded fonts
14 hyphenation exceptions
Hyphenation trie of length 6075 has 181 ops out of 35111
  181 for language 0
No pages of output.
Transcript written on tex.log.
fmtutil [INFO]: log file copied to: c:/users/olikin/cloudstation/travail/cross/chronohb-v1/chronohb/texlive/2020/texmf-var/web2c/tex/tex.log
fmtutil [INFO]: c:/users/olikin/cloudstation/travail/cross/chronohb-v1/chronohb/texlive/2020/texmf-var/web2c/tex/tex.fmt installed.
fmtutil [INFO]: --- remaking mf with mf-nowin
fmtutil: running `mf-nowin -ini   -jobname=mf -progname=mf -translate-file=cp227.tcx mf.ini' ...
This is METAFONT, Version 2.7182818 (TeX Live 2020/W32TeX) (INIMF)
(c:/Users/olikin/CloudStation/Travail/cross/chronoHB-v1/chronoHB/texlive/2020/texmf-dist/web2c/cp227.tcx)

(c:/Users/olikin/CloudStation/Travail/cross/chronoHB-v1/chronoHB/texlive/2020/t
exmf-dist/metafont/config/mf.ini
(c:/Users/olikin/CloudStation/Travail/cross/chronoHB-v1/chronoHB/texlive/2020/t
exmf-dist/metafont/base/plain.mf
Preloading the plain base, version 2.71: preliminaries,
 basic constants and mathematical macros,
 macros for converting from device-independent units to pixels,
 macros and tables for various modes of operation,
 macros for drawing and filling,
 macros for proof labels and rules,
 macros for character and font administration,
and a few last-minute items.)
(c:/Users/olikin/CloudStation/Travail/cross/chronoHB-v1/chronoHB/texlive/2020/t
exmf-dist/fonts/source/public/modes/modes.mf) )
Beginning to dump on file mf.base
 (preloaded base=mf 2021.10.3)
2237 strings of total length 30558
11955 memory locations dumped; current usage is 3679&7916
1011 symbolic tokens
Transcript written on mf.log.
fmtutil [INFO]: log file copied to: c:/users/olikin/cloudstation/travail/cross/chronohb-v1/chronohb/texlive/2020/texmf-var/web2c/metafont/mf.log
fmtutil [INFO]: c:/users/olikin/cloudstation/travail/cross/chronohb-v1/chronohb/texlive/2020/texmf-var/web2c/metafont/mf.base installed.
fmtutil [INFO]: --- remaking pdflatex with pdftex
fmtutil: running `pdftex -ini   -jobname=pdflatex -progname=pdflatex -translate-file=cp227.tcx *pdflatex.ini' ...
This is pdfTeX, Version 3.14159265-2.6-1.40.21 (TeX Live 2020/W32TeX) (INITEX)
 restricted \write18 enabled.
 (c:/Users/olikin/CloudStation/Travail/cross/chronoHB-v1/chronoHB/texlive/2020/texmf-dist/web2c/cp227.tcx)
entering extended mode

(c:/Users/olikin/CloudStation/Travail/cross/chronoHB-v1/chronoHB/texlive/2020/t
exmf-dist/tex/latex/latexconfig/pdflatex.ini
(c:/Users/olikin/CloudStation/Travail/cross/chronoHB-v1/chronoHB/texlive/2020/t
exmf-config/tex/generic/tex-ini-files/pdftexconfig.tex)

(c:/Users/olikin/CloudStation/Travail/cross/chronoHB-v1/chronoHB/texlive/2020/t
exmf-dist/tex/latex/base/latex.ltx
(c:/Users/olikin/CloudStation/Travail/cross/chronoHB-v1/chronoHB/texlive/2020/t
exmf-dist/tex/latex/base/texsys.cfg)
./texsys.aux found


\@currdir set to: ./.


Assuming \openin and \input 
have the same search path.


Defining UNIX/DOS style filename parser.

catcodes, registers, parameters,
LaTeX2e <2020-10-01> patch level 4

(c:/Users/olikin/CloudStation/Travail/cross/chronoHB-v1/chronoHB/texlive/2020/t
exmf-dist/tex/latex/l3kernel/expl3.ltx
(c:/Users/olikin/CloudStation/Travail/cross/chronoHB-v1/chronoHB/texlive/2020/t
exmf-dist/tex/latex/l3kernel/expl3-code.tex
(c:/Users/olikin/CloudStation/Travail/cross/chronoHB-v1/chronoHB/texlive/2020/t
exmf-dist/tex/latex/l3kernel/l3deprecation.def)))
(c:/Users/olikin/CloudStation/Travail/cross/chronoHB-v1/chronoHB/texlive/2020/t
exmf-dist/tex/latex/l3packages/xparse/xparse.ltx
(c:/Users/olikin/CloudStation/Travail/cross/chronoHB-v1/chronoHB/texlive/2020/t
exmf-dist/tex/latex/l3packages/xparse/xparse-generic.tex)) hacks, control,
par, spacing, files, font encodings, lengths,
====================================

Local config file fonttext.cfg used

====================================

(c:/Users/olikin/CloudStation/Travail/cross/chronoHB-v1/chronoHB/texlive/2020/t
exmf-dist/tex/latex/base/fonttext.cfg
(c:/Users/olikin/CloudStation/Travail/cross/chronoHB-v1/chronoHB/texlive/2020/t
exmf-dist/tex/latex/base/fonttext.ltx
=== Don't modify this file, use a .cfg file instead ===


(c:/Users/olikin/CloudStation/Travail/cross/chronoHB-v1/chronoHB/texlive/2020/t
exmf-dist/tex/latex/base/omlenc.def)
(c:/Users/olikin/CloudStation/Travail/cross/chronoHB-v1/chronoHB/texlive/2020/t
exmf-dist/tex/latex/base/omsenc.def)
(c:/Users/olikin/CloudStation/Travail/cross/chronoHB-v1/chronoHB/texlive/2020/t
exmf-dist/tex/latex/base/ot1enc.def)
(c:/Users/olikin/CloudStation/Travail/cross/chronoHB-v1/chronoHB/texlive/2020/t
exmf-dist/tex/latex/base/t1enc.def)
(c:/Users/olikin/CloudStation/Travail/cross/chronoHB-v1/chronoHB/texlive/2020/t
exmf-dist/tex/latex/base/ts1enc.def)
(c:/Users/olikin/CloudStation/Travail/cross/chronoHB-v1/chronoHB/texlive/2020/t
exmf-dist/tex/latex/base/ts1cmr.fd)
(c:/Users/olikin/CloudStation/Travail/cross/chronoHB-v1/chronoHB/texlive/2020/t
exmf-dist/tex/latex/base/t1cmr.fd)
(c:/Users/olikin/CloudStation/Travail/cross/chronoHB-v1/chronoHB/texlive/2020/t
exmf-dist/tex/latex/base/ot1cmr.fd)
(c:/Users/olikin/CloudStation/Travail/cross/chronoHB-v1/chronoHB/texlive/2020/t
exmf-dist/tex/latex/base/ot1cmss.fd)
(c:/Users/olikin/CloudStation/Travail/cross/chronoHB-v1/chronoHB/texlive/2020/t
exmf-dist/tex/latex/base/ot1cmtt.fd)))
====================================

Local config file fontmath.cfg used

====================================

(c:/Users/olikin/CloudStation/Travail/cross/chronoHB-v1/chronoHB/texlive/2020/t
exmf-dist/tex/latex/base/fontmath.cfg
(c:/Users/olikin/CloudStation/Travail/cross/chronoHB-v1/chronoHB/texlive/2020/t
exmf-dist/tex/latex/base/fontmath.ltx
=== Don't modify this file, use a .cfg file instead ===


(c:/Users/olikin/CloudStation/Travail/cross/chronoHB-v1/chronoHB/texlive/2020/t
exmf-dist/tex/latex/base/omlcmm.fd)
(c:/Users/olikin/CloudStation/Travail/cross/chronoHB-v1/chronoHB/texlive/2020/t
exmf-dist/tex/latex/base/omscmsy.fd)
(c:/Users/olikin/CloudStation/Travail/cross/chronoHB-v1/chronoHB/texlive/2020/t
exmf-dist/tex/latex/base/omxcmex.fd)
(c:/Users/olikin/CloudStation/Travail/cross/chronoHB-v1/chronoHB/texlive/2020/t
exmf-dist/tex/latex/base/ucmr.fd)))
====================================

Local config file preload.cfg used

=====================================

(c:/Users/olikin/CloudStation/Travail/cross/chronoHB-v1/chronoHB/texlive/2020/t
exmf-dist/tex/latex/base/preload.cfg
(c:/Users/olikin/CloudStation/Travail/cross/chronoHB-v1/chronoHB/texlive/2020/t
exmf-dist/tex/latex/base/preload.ltx)) page nos., x-ref, environments, center,
verbatim, math definitions, boxes, title, sectioning, contents, floats,
footnotes, index, bibliography, output,
===========================================
Local configuration file hyphen.cfg used
===========================================

(c:/Users/olikin/CloudStation/Travail/cross/chronoHB-v1/chronoHB/texlive/2020/t
exmf-dist/tex/generic/babel/hyphen.cfg
(c:/Users/olikin/CloudStation/Travail/cross/chronoHB-v1/chronoHB/texlive/2020/t
exmf-dist/tex/generic/hyphen/hyphen.tex)
(c:/Users/olikin/CloudStation/Travail/cross/chronoHB-v1/chronoHB/texlive/2020/t
exmf-dist/tex/generic/hyphen/dumyhyph.tex)
(c:/Users/olikin/CloudStation/Travail/cross/chronoHB-v1/chronoHB/texlive/2020/t
exmf-dist/tex/generic/hyphen/zerohyph.tex))
(c:/Users/olikin/CloudStation/Travail/cross/chronoHB-v1/chronoHB/texlive/2020/t
exmf-dist/tex/latex/base/utf8.def
(c:/Users/olikin/CloudStation/Travail/cross/chronoHB-v1/chronoHB/texlive/2020/t
exmf-dist/tex/latex/base/omsenc.dfu)
(c:/Users/olikin/CloudStation/Travail/cross/chronoHB-v1/chronoHB/texlive/2020/t
exmf-dist/tex/latex/base/ot1enc.dfu)
(c:/Users/olikin/CloudStation/Travail/cross/chronoHB-v1/chronoHB/texlive/2020/t
exmf-dist/tex/latex/base/t1enc.dfu)
(c:/Users/olikin/CloudStation/Travail/cross/chronoHB-v1/chronoHB/texlive/2020/t
exmf-dist/tex/latex/base/ts1enc.dfu))
(c:/Users/olikin/CloudStation/Travail/cross/chronoHB-v1/chronoHB/texlive/2020/t
exmf-dist/tex/latex/firstaid/latex2e-first-aid-for-external-files.ltx)
 ) )
Beginning to dump on file pdflatex.fmt
 (preloaded format=pdflatex 2021.10.3)
19029 strings of total length 347020
277761 memory locations dumped; current usage is 165&276244
17326 multiletter control sequences
\font\nullfont=nullfont
\font\c__fp_exp_intarray=cmr10 at 0.00002pt
\font\c__fp_trig_intarray=cmr10 at 0.00003pt
\font\c_initex_cctab=cmr10 at 0.00005pt
\font\c_other_cctab=cmr10 at 0.00006pt
\font\c_str_cctab=cmr10 at 0.00008pt
\font\g__regex_state_active_intarray=cmr10 at 0.00009pt
\font\g__regex_thread_info_intarray=cmr10 at 0.0001pt
\font\g__regex_submatch_prev_intarray=cmr10 at 0.00012pt
\font\g__regex_submatch_begin_intarray=cmr10 at 0.00014pt
\font\g__regex_submatch_end_intarray=cmr10 at 0.00015pt
\font\g__regex_balance_intarray=cmr10 at 0.00017pt
\font\OMX/cmex/m/n/10=cmex10
\font\tenln=line10
\font\tenlnw=linew10
\font\tencirc=lcircle10
\font\tencircw=lcirclew10
\font\OT1/cmr/m/n/5=cmr5
\font\OT1/cmr/m/n/7=cmr7
\font\OT1/cmr/m/n/10=cmr10
\font\OML/cmm/m/it/5=cmmi5
\font\OML/cmm/m/it/7=cmmi7
\font\OML/cmm/m/it/10=cmmi10
\font\OMS/cmsy/m/n/5=cmsy5
\font\OMS/cmsy/m/n/7=cmsy7
\font\OMS/cmsy/m/n/10=cmsy10
\font\c_code_cctab=cmr10 at 0.00018pt
\font\c_document_cctab=cmr10 at 0.0002pt
403423 words of font info for 27 preloaded fonts
14 hyphenation exceptions
Hyphenation trie of length 6081 has 183 ops out of 35111
  2 for language 1
  181 for language 0
0 words of pdfTeX memory
0 indirect objects
No pages of output.
Transcript written on pdflatex.log.
fmtutil [INFO]: log file copied to: c:/users/olikin/cloudstation/travail/cross/chronohb-v1/chronohb/texlive/2020/texmf-var/web2c/pdftex/pdflatex.log
fmtutil [INFO]: c:/users/olikin/cloudstation/travail/cross/chronohb-v1/chronohb/texlive/2020/texmf-var/web2c/pdftex/pdflatex.fmt installed.
fmtutil [INFO]: --- remaking dviluatex with luatex
fmtutil: running `luatex -ini   -jobname=dviluatex -progname=dviluatex dviluatex.ini' ...
This is LuaTeX, Version 1.12.0 (TeX Live 2020/W32TeX)  (INITEX)
 restricted system commands enabled.

(c:/Users/olikin/CloudStation/Travail/cross/chronoHB-v1/chronoHB/texlive/2020/t
exmf-dist/tex/generic/tex-ini-files/dviluatex.ini
(c:/Users/olikin/CloudStation/Travail/cross/chronoHB-v1/chronoHB/texlive/2020/t
exmf-dist/tex/generic/tex-ini-files/luatex.ini
(c:/Users/olikin/CloudStation/Travail/cross/chronoHB-v1/chronoHB/texlive/2020/t
exmf-dist/tex/generic/tex-ini-files/luatexconfig.tex
(c:/Users/olikin/CloudStation/Travail/cross/chronoHB-v1/chronoHB/texlive/2020/t
exmf-config/tex/generic/tex-ini-files/pdftexconfig.tex))
(c:/Users/olikin/CloudStation/Travail/cross/chronoHB-v1/chronoHB/texlive/2020/t
exmf-dist/tex/generic/config/luatexiniconfig.tex)
(c:/Users/olikin/CloudStation/Travail/cross/chronoHB-v1/chronoHB/texlive/2020/t
exmf-dist/tex/generic/unicode-data/load-unicode-data.tex 
load-unicode-data.tex v1.14 (2020-10-24)
Reading Unicode data
# UnicodeData-13.0.0.txt
# Modified 2020-03-12 11:00:00 GMT [JAW]
)
(c:/Users/olikin/CloudStation/Travail/cross/chronoHB-v1/chronoHB/texlive/2020/t
exmf-dist/tex/luatex/hyph-utf8/etex.src
(c:/Users/olikin/CloudStation/Travail/cross/chronoHB-v1/chronoHB/texlive/2020/t
exmf-dist/tex/plain/base/plain.tex Preloading the plain format: codes,
registers, parameters, fonts, more fonts, macros, math definitions,
output routines, hyphenation
(c:/Users/olikin/CloudStation/Travail/cross/chronoHB-v1/chronoHB/texlive/2020/t
exmf-dist/tex/generic/hyphen/hyphen.tex
[skipping from \patterns to end-of-file...]))
(c:/Users/olikin/CloudStation/Travail/cross/chronoHB-v1/chronoHB/texlive/2020/t
exmf-dist/tex/plain/etex/etexdefs.lib Skipping module "grouptypes";
Loading module "interactionmodes"; Skipping module "nodetypes";
Skipping module "iftypes";)
(c:/Users/olikin/CloudStation/Travail/cross/chronoHB-v1/chronoHB/texlive/2020/t
exmf-var/tex/generic/config/language.def
(c:/Users/olikin/CloudStation/Travail/cross/chronoHB-v1/chronoHB/texlive/2020/t
exmf-dist/tex/generic/hyphen/hyphen.tex))
Augmenting the Plain TeX definitions: \tracingall;
Adding new e-TeX definitions: \eTeX, \loggingall, \tracingnone,
register allocation; extended register allocation; 
Recycling: \addlanguage, \@nswer (not defined), \@sk, \b@dresponsetrue,
\b@dresponsefalse, \ch@ckforyn, \mayber@cycle, \et@xabort, \et@xbuf,
\et@xfmtsrc, \et@xfilehdr, \et@xinf, \et@xpatterns, \l@ngdefnfile, \n@xt,
\p@rse (not defined), \pr@mpt (not defined), \pr@mptloop (not defined),
\forcer@cycle, \usef@llback, \usef@llbacktrue, \usef@llbackfalse, 
Retaining: \et@xerr, \et@xinput, \et@xlibhdr, \et@xmsg, \et@xtoks, \et@xwarn,
\et@xl@@d, \et@xl@ad, \et@xload, \et@xlang, \et@xhash, \eTeX, \etexhdrchk,
\etexstatus, \module, \uselanguage, \r@tain, \r@cycle,)))
Beginning to dump on file dviluatex.fmt
 (format=dviluatex 2021.10.3)
3359 strings using 10220 bytes
68807 memory locations dumped; current usage is 149&7700
1869 multiletter control sequences
\font\nullfont=nullfont
\font\tenrm=cmr10
\font\preloaded=cmr9
\font\preloaded=cmr8
\font\sevenrm=cmr7
\font\preloaded=cmr6
\font\fiverm=cmr5
\font\teni=cmmi10
\font\preloaded=cmmi9
\font\preloaded=cmmi8
\font\seveni=cmmi7
\font\preloaded=cmmi6
\font\fivei=cmmi5
\font\tensy=cmsy10
\font\preloaded=cmsy9
\font\preloaded=cmsy8
\font\sevensy=cmsy7
\font\preloaded=cmsy6
\font\fivesy=cmsy5
\font\tenex=cmex10
\font\preloaded=cmss10
\font\preloaded=cmssq8
\font\preloaded=cmssi10
\font\preloaded=cmssqi8
\font\tenbf=cmbx10
\font\preloaded=cmbx9
\font\preloaded=cmbx8
\font\sevenbf=cmbx7
\font\preloaded=cmbx6
\font\fivebf=cmbx5
\font\tentt=cmtt10
\font\preloaded=cmtt9
\font\preloaded=cmtt8
\font\preloaded=cmsltt10
\font\tensl=cmsl10
\font\preloaded=cmsl9
\font\preloaded=cmsl8
\font\tenit=cmti10
\font\preloaded=cmti9
\font\preloaded=cmti8
\font\preloaded=cmti7
\font\preloaded=cmu10
\font\preloaded=cmmib10
\font\preloaded=cmbsy10
\font\preloaded=cmcsc10
\font\preloaded=cmssbx10
\font\preloaded=cmdunh10
\font\preloaded=cmr7 at 14.51799pt
\font\preloaded=cmtt10 at 14.4pt
\font\preloaded=cmssbx10 at 14.4pt
\font\preloaded=manfnt
50 preloaded fonts
No pages of output.
Transcript written on dviluatex.log.
fmtutil [INFO]: log file copied to: c:/users/olikin/cloudstation/travail/cross/chronohb-v1/chronohb/texlive/2020/texmf-var/web2c/luatex/dviluatex.log
fmtutil [INFO]: c:/users/olikin/cloudstation/travail/cross/chronohb-v1/chronohb/texlive/2020/texmf-var/web2c/luatex/dviluatex.fmt installed.
fmtutil [INFO]: --- remaking latex with pdftex
fmtutil: running `pdftex -ini   -jobname=latex -progname=latex -translate-file=cp227.tcx *latex.ini' ...
This is pdfTeX, Version 3.14159265-2.6-1.40.21 (TeX Live 2020/W32TeX) (INITEX)
 restricted \write18 enabled.
 (c:/Users/olikin/CloudStation/Travail/cross/chronoHB-v1/chronoHB/texlive/2020/texmf-dist/web2c/cp227.tcx)
entering extended mode

(c:/Users/olikin/CloudStation/Travail/cross/chronoHB-v1/chronoHB/texlive/2020/t
exmf-dist/tex/latex/latexconfig/latex.ini
(c:/Users/olikin/CloudStation/Travail/cross/chronoHB-v1/chronoHB/texlive/2020/t
exmf-config/tex/generic/tex-ini-files/pdftexconfig.tex)

(c:/Users/olikin/CloudStation/Travail/cross/chronoHB-v1/chronoHB/texlive/2020/t
exmf-dist/tex/latex/base/latex.ltx
(c:/Users/olikin/CloudStation/Travail/cross/chronoHB-v1/chronoHB/texlive/2020/t
exmf-dist/tex/latex/base/texsys.cfg)
./texsys.aux found


\@currdir set to: ./.


Assuming \openin and \input 
have the same search path.


Defining UNIX/DOS style filename parser.

catcodes, registers, parameters,
LaTeX2e <2020-10-01> patch level 4

(c:/Users/olikin/CloudStation/Travail/cross/chronoHB-v1/chronoHB/texlive/2020/t
exmf-dist/tex/latex/l3kernel/expl3.ltx
(c:/Users/olikin/CloudStation/Travail/cross/chronoHB-v1/chronoHB/texlive/2020/t
exmf-dist/tex/latex/l3kernel/expl3-code.tex
(c:/Users/olikin/CloudStation/Travail/cross/chronoHB-v1/chronoHB/texlive/2020/t
exmf-dist/tex/latex/l3kernel/l3deprecation.def)))
(c:/Users/olikin/CloudStation/Travail/cross/chronoHB-v1/chronoHB/texlive/2020/t
exmf-dist/tex/latex/l3packages/xparse/xparse.ltx
(c:/Users/olikin/CloudStation/Travail/cross/chronoHB-v1/chronoHB/texlive/2020/t
exmf-dist/tex/latex/l3packages/xparse/xparse-generic.tex)) hacks, control,
par, spacing, files, font encodings, lengths,
====================================

Local config file fonttext.cfg used

====================================

(c:/Users/olikin/CloudStation/Travail/cross/chronoHB-v1/chronoHB/texlive/2020/t
exmf-dist/tex/latex/base/fonttext.cfg
(c:/Users/olikin/CloudStation/Travail/cross/chronoHB-v1/chronoHB/texlive/2020/t
exmf-dist/tex/latex/base/fonttext.ltx
=== Don't modify this file, use a .cfg file instead ===


(c:/Users/olikin/CloudStation/Travail/cross/chronoHB-v1/chronoHB/texlive/2020/t
exmf-dist/tex/latex/base/omlenc.def)
(c:/Users/olikin/CloudStation/Travail/cross/chronoHB-v1/chronoHB/texlive/2020/t
exmf-dist/tex/latex/base/omsenc.def)
(c:/Users/olikin/CloudStation/Travail/cross/chronoHB-v1/chronoHB/texlive/2020/t
exmf-dist/tex/latex/base/ot1enc.def)
(c:/Users/olikin/CloudStation/Travail/cross/chronoHB-v1/chronoHB/texlive/2020/t
exmf-dist/tex/latex/base/t1enc.def)
(c:/Users/olikin/CloudStation/Travail/cross/chronoHB-v1/chronoHB/texlive/2020/t
exmf-dist/tex/latex/base/ts1enc.def)
(c:/Users/olikin/CloudStation/Travail/cross/chronoHB-v1/chronoHB/texlive/2020/t
exmf-dist/tex/latex/base/ts1cmr.fd)
(c:/Users/olikin/CloudStation/Travail/cross/chronoHB-v1/chronoHB/texlive/2020/t
exmf-dist/tex/latex/base/t1cmr.fd)
(c:/Users/olikin/CloudStation/Travail/cross/chronoHB-v1/chronoHB/texlive/2020/t
exmf-dist/tex/latex/base/ot1cmr.fd)
(c:/Users/olikin/CloudStation/Travail/cross/chronoHB-v1/chronoHB/texlive/2020/t
exmf-dist/tex/latex/base/ot1cmss.fd)
(c:/Users/olikin/CloudStation/Travail/cross/chronoHB-v1/chronoHB/texlive/2020/t
exmf-dist/tex/latex/base/ot1cmtt.fd)))
====================================

Local config file fontmath.cfg used

====================================

(c:/Users/olikin/CloudStation/Travail/cross/chronoHB-v1/chronoHB/texlive/2020/t
exmf-dist/tex/latex/base/fontmath.cfg
(c:/Users/olikin/CloudStation/Travail/cross/chronoHB-v1/chronoHB/texlive/2020/t
exmf-dist/tex/latex/base/fontmath.ltx
=== Don't modify this file, use a .cfg file instead ===


(c:/Users/olikin/CloudStation/Travail/cross/chronoHB-v1/chronoHB/texlive/2020/t
exmf-dist/tex/latex/base/omlcmm.fd)
(c:/Users/olikin/CloudStation/Travail/cross/chronoHB-v1/chronoHB/texlive/2020/t
exmf-dist/tex/latex/base/omscmsy.fd)
(c:/Users/olikin/CloudStation/Travail/cross/chronoHB-v1/chronoHB/texlive/2020/t
exmf-dist/tex/latex/base/omxcmex.fd)
(c:/Users/olikin/CloudStation/Travail/cross/chronoHB-v1/chronoHB/texlive/2020/t
exmf-dist/tex/latex/base/ucmr.fd)))
====================================

Local config file preload.cfg used

=====================================

(c:/Users/olikin/CloudStation/Travail/cross/chronoHB-v1/chronoHB/texlive/2020/t
exmf-dist/tex/latex/base/preload.cfg
(c:/Users/olikin/CloudStation/Travail/cross/chronoHB-v1/chronoHB/texlive/2020/t
exmf-dist/tex/latex/base/preload.ltx)) page nos., x-ref, environments, center,
verbatim, math definitions, boxes, title, sectioning, contents, floats,
footnotes, index, bibliography, output,
===========================================
Local configuration file hyphen.cfg used
===========================================

(c:/Users/olikin/CloudStation/Travail/cross/chronoHB-v1/chronoHB/texlive/2020/t
exmf-dist/tex/generic/babel/hyphen.cfg
(c:/Users/olikin/CloudStation/Travail/cross/chronoHB-v1/chronoHB/texlive/2020/t
exmf-dist/tex/generic/hyphen/hyphen.tex)
(c:/Users/olikin/CloudStation/Travail/cross/chronoHB-v1/chronoHB/texlive/2020/t
exmf-dist/tex/generic/hyphen/dumyhyph.tex)
(c:/Users/olikin/CloudStation/Travail/cross/chronoHB-v1/chronoHB/texlive/2020/t
exmf-dist/tex/generic/hyphen/zerohyph.tex))
(c:/Users/olikin/CloudStation/Travail/cross/chronoHB-v1/chronoHB/texlive/2020/t
exmf-dist/tex/latex/base/utf8.def
(c:/Users/olikin/CloudStation/Travail/cross/chronoHB-v1/chronoHB/texlive/2020/t
exmf-dist/tex/latex/base/omsenc.dfu)
(c:/Users/olikin/CloudStation/Travail/cross/chronoHB-v1/chronoHB/texlive/2020/t
exmf-dist/tex/latex/base/ot1enc.dfu)
(c:/Users/olikin/CloudStation/Travail/cross/chronoHB-v1/chronoHB/texlive/2020/t
exmf-dist/tex/latex/base/t1enc.dfu)
(c:/Users/olikin/CloudStation/Travail/cross/chronoHB-v1/chronoHB/texlive/2020/t
exmf-dist/tex/latex/base/ts1enc.dfu))
(c:/Users/olikin/CloudStation/Travail/cross/chronoHB-v1/chronoHB/texlive/2020/t
exmf-dist/tex/latex/firstaid/latex2e-first-aid-for-external-files.ltx)
 ) )
Beginning to dump on file latex.fmt
 (preloaded format=latex 2021.10.3)
19028 strings of total length 346994
277755 memory locations dumped; current usage is 165&276238
17326 multiletter control sequences
\font\nullfont=nullfont
\font\c__fp_exp_intarray=cmr10 at 0.00002pt
\font\c__fp_trig_intarray=cmr10 at 0.00003pt
\font\c_initex_cctab=cmr10 at 0.00005pt
\font\c_other_cctab=cmr10 at 0.00006pt
\font\c_str_cctab=cmr10 at 0.00008pt
\font\g__regex_state_active_intarray=cmr10 at 0.00009pt
\font\g__regex_thread_info_intarray=cmr10 at 0.0001pt
\font\g__regex_submatch_prev_intarray=cmr10 at 0.00012pt
\font\g__regex_submatch_begin_intarray=cmr10 at 0.00014pt
\font\g__regex_submatch_end_intarray=cmr10 at 0.00015pt
\font\g__regex_balance_intarray=cmr10 at 0.00017pt
\font\OMX/cmex/m/n/10=cmex10
\font\tenln=line10
\font\tenlnw=linew10
\font\tencirc=lcircle10
\font\tencircw=lcirclew10
\font\OT1/cmr/m/n/5=cmr5
\font\OT1/cmr/m/n/7=cmr7
\font\OT1/cmr/m/n/10=cmr10
\font\OML/cmm/m/it/5=cmmi5
\font\OML/cmm/m/it/7=cmmi7
\font\OML/cmm/m/it/10=cmmi10
\font\OMS/cmsy/m/n/5=cmsy5
\font\OMS/cmsy/m/n/7=cmsy7
\font\OMS/cmsy/m/n/10=cmsy10
\font\c_code_cctab=cmr10 at 0.00018pt
\font\c_document_cctab=cmr10 at 0.0002pt
403423 words of font info for 27 preloaded fonts
14 hyphenation exceptions
Hyphenation trie of length 6081 has 183 ops out of 35111
  2 for language 1
  181 for language 0
0 words of pdfTeX memory
0 indirect objects
No pages of output.
Transcript written on latex.log.
fmtutil [INFO]: log file copied to: c:/users/olikin/cloudstation/travail/cross/chronohb-v1/chronohb/texlive/2020/texmf-var/web2c/pdftex/latex.log
fmtutil [INFO]: c:/users/olikin/cloudstation/travail/cross/chronohb-v1/chronohb/texlive/2020/texmf-var/web2c/pdftex/latex.fmt installed.
fmtutil [INFO]: --- remaking pdfetex with pdftex
fmtutil: running `pdftex -ini   -jobname=pdfetex -progname=pdfetex -translate-file=cp227.tcx *pdfetex.ini' ...
This is pdfTeX, Version 3.14159265-2.6-1.40.21 (TeX Live 2020/W32TeX) (INITEX)
 restricted \write18 enabled.
 (c:/Users/olikin/CloudStation/Travail/cross/chronoHB-v1/chronoHB/texlive/2020/texmf-dist/web2c/cp227.tcx)
entering extended mode

(c:/Users/olikin/CloudStation/Travail/cross/chronoHB-v1/chronoHB/texlive/2020/t
exmf-dist/tex/plain/config/pdfetex.ini
(c:/Users/olikin/CloudStation/Travail/cross/chronoHB-v1/chronoHB/texlive/2020/t
exmf-config/tex/generic/tex-ini-files/pdftexconfig.tex)
(c:/Users/olikin/CloudStation/Travail/cross/chronoHB-v1/chronoHB/texlive/2020/t
exmf-dist/tex/plain/etex/etex.src
(c:/Users/olikin/CloudStation/Travail/cross/chronoHB-v1/chronoHB/texlive/2020/t
exmf-dist/tex/plain/base/plain.tex Preloading the plain format: codes,
registers, parameters, fonts, more fonts, macros, math definitions,
output routines, hyphenation
(c:/Users/olikin/CloudStation/Travail/cross/chronoHB-v1/chronoHB/texlive/2020/t
exmf-dist/tex/generic/hyphen/hyphen.tex
[skipping from \patterns to end-of-file...]))
(c:/Users/olikin/CloudStation/Travail/cross/chronoHB-v1/chronoHB/texlive/2020/t
exmf-dist/tex/plain/etex/etexdefs.lib Skipping module "grouptypes";
Loading module "interactionmodes"; Skipping module "nodetypes";
Skipping module "iftypes";)
(c:/Users/olikin/CloudStation/Travail/cross/chronoHB-v1/chronoHB/texlive/2020/t
exmf-var/tex/generic/config/language.def
(c:/Users/olikin/CloudStation/Travail/cross/chronoHB-v1/chronoHB/texlive/2020/t
exmf-dist/tex/generic/hyphen/hyphen.tex))
Augmenting the Plain TeX definitions: \tracingall;
Adding new e-TeX definitions: \eTeX, \loggingall, \tracingnone,
register allocation; extended register allocation; 
Recycling: \addlanguage, \@nswer (not defined), \@sk, \b@dresponsetrue,
\b@dresponsefalse, \ch@ckforyn, \mayber@cycle, \et@xabort, \et@xbuf,
\et@xfmtsrc, \et@xfilehdr, \et@xinf, \et@xpatterns, \l@ngdefnfile, \n@xt,
\p@rse (not defined), \pr@mpt (not defined), \pr@mptloop (not defined),
\forcer@cycle, \usef@llback, \usef@llbacktrue, \usef@llbackfalse, 
Retaining: \et@xerr, \et@xinput, \et@xlibhdr, \et@xmsg, \et@xtoks, \et@xwarn,
\et@xl@@d, \et@xl@ad, \et@xload, \et@xlang, \et@xhash, \eTeX, \etexhdrchk,
\etexstatus, \module, \uselanguage, \r@tain, \r@cycle,)
(c:/Users/olikin/CloudStation/Travail/cross/chronoHB-v1/chronoHB/texlive/2020/t
exmf-dist/tex/plain/config/pdftexmagfix.tex) )
Beginning to dump on file pdfetex.fmt
 (preloaded format=pdfetex 2021.10.3)
2906 strings of total length 44710
7960 memory locations dumped; current usage is 203&7321
1266 multiletter control sequences
\font\nullfont=nullfont
\font\tenrm=cmr10
\font\preloaded=cmr9
\font\preloaded=cmr8
\font\sevenrm=cmr7
\font\preloaded=cmr6
\font\fiverm=cmr5
\font\teni=cmmi10
\font\preloaded=cmmi9
\font\preloaded=cmmi8
\font\seveni=cmmi7
\font\preloaded=cmmi6
\font\fivei=cmmi5
\font\tensy=cmsy10
\font\preloaded=cmsy9
\font\preloaded=cmsy8
\font\sevensy=cmsy7
\font\preloaded=cmsy6
\font\fivesy=cmsy5
\font\tenex=cmex10
\font\preloaded=cmss10
\font\preloaded=cmssq8
\font\preloaded=cmssi10
\font\preloaded=cmssqi8
\font\tenbf=cmbx10
\font\preloaded=cmbx9
\font\preloaded=cmbx8
\font\sevenbf=cmbx7
\font\preloaded=cmbx6
\font\fivebf=cmbx5
\font\tentt=cmtt10
\font\preloaded=cmtt9
\font\preloaded=cmtt8
\font\preloaded=cmsltt10
\font\tensl=cmsl10
\font\preloaded=cmsl9
\font\preloaded=cmsl8
\font\tenit=cmti10
\font\preloaded=cmti9
\font\preloaded=cmti8
\font\preloaded=cmti7
\font\preloaded=cmu10
\font\preloaded=cmmib10
\font\preloaded=cmbsy10
\font\preloaded=cmcsc10
\font\preloaded=cmssbx10
\font\preloaded=cmdunh10
\font\preloaded=cmr7 at 14.51799pt
\font\preloaded=cmtt10 at 14.4pt
\font\preloaded=cmssbx10 at 14.4pt
\font\preloaded=manfnt
14787 words of font info for 50 preloaded fonts
14 hyphenation exceptions
Hyphenation trie of length 6075 has 181 ops out of 35111
  181 for language 0
0 words of pdfTeX memory
0 indirect objects
No pages of output.
Transcript written on pdfetex.log.
fmtutil [INFO]: log file copied to: c:/users/olikin/cloudstation/travail/cross/chronohb-v1/chronohb/texlive/2020/texmf-var/web2c/pdftex/pdfetex.log
fmtutil [INFO]: c:/users/olikin/cloudstation/travail/cross/chronohb-v1/chronohb/texlive/2020/texmf-var/web2c/pdftex/pdfetex.fmt installed.
fmtutil [INFO]: --- remaking mptopdf with pdftex
fmtutil: running `pdftex -ini   -jobname=mptopdf -progname=context -translate-file=cp227.tcx mptopdf.tex' ...
This is pdfTeX, Version 3.14159265-2.6-1.40.21 (TeX Live 2020/W32TeX) (INITEX)
 restricted \write18 enabled.
 (c:/Users/olikin/CloudStation/Travail/cross/chronoHB-v1/chronoHB/texlive/2020/texmf-dist/web2c/cp227.tcx)

(c:/Users/olikin/CloudStation/Travail/cross/chronoHB-v1/chronoHB/texlive/2020/t
exmf-dist/tex/generic/context/mptopdf/mptopdf.tex
(c:/Users/olikin/CloudStation/Travail/cross/chronoHB-v1/chronoHB/texlive/2020/t
exmf-dist/tex/context/base/mkii/syst-tex.mkii
(c:/Users/olikin/CloudStation/Travail/cross/chronoHB-v1/chronoHB/texlive/2020/t
exmf-dist/tex/plain/base/plain.tex Preloading the plain format: codes,
registers, parameters, fonts,
skipping \font in plain
skipping \font in plain
skipping \font in plain
skipping \font in plain
skipping \font in plain
skipping \font in plain
skipping \font in plain
skipping \font in plain
skipping \font in plain
skipping \font in plain
skipping \font in plain
skipping \font in plain
skipping \font in plain
skipping \font in plain
skipping \font in plain
skipping \font in plain
skipping \font in plain
skipping \font in plain
skipping \font in plain
skipping \font in plain
skipping \font in plain
skipping \font in plain
skipping \font in plain
skipping \font in plain
skipping \font in plain
skipping \font in plain
skipping \font in plain
skipping \font in plain
skipping \font in plain
skipping \font in plain
skipping \font in plain
skipping \font in plain
skipping \font in plain
skipping \font in plain
skipping \font in plain
skipping \font in plain
skipping \font in plain
skipping \font in plain
skipping \font in plain
skipping \font in plain
more fonts,
skipping \font in plain
skipping \font in plain
skipping \font in plain
skipping \font in plain
skipping \font in plain
skipping \font in plain
skipping scaled \font in plain
skipping scaled \font in plain
skipping scaled \font in plain
skipping \font in plain
skipping \skewchar in plain
skipping \skewchar in plain
skipping \skewchar in plain
skipping \skewchar in plain
skipping \skewchar in plain
skipping \skewchar in plain
skipping \textfont in plain
skipping \scriptfont in plain
skipping \scriptscriptfont in plain
skipping \textfont in plain
skipping \scriptfont in plain
skipping \scriptscriptfont in plain
skipping \textfont in plain
skipping \scriptfont in plain
skipping \scriptscriptfont in plain
skipping \textfont in plain
skipping \scriptfont in plain
skipping \scriptscriptfont in plain
skipping \textfont in plain
skipping \textfont in plain
skipping \textfont in plain
skipping \scriptfont in plain
skipping \scriptscriptfont in plain
skipping \textfont in plain
macros, math definitions,
skipping used \tenex in plain
output routines, hyphenation
skipping \input in plain
skipping \tenrm in plain
))
(c:/Users/olikin/CloudStation/Travail/cross/chronoHB-v1/chronoHB/texlive/2020/t
exmf-dist/tex/context/base/mkii/supp-mis.mkii
loading : ConTeXt Support Macros / Miscellaneous (2004.10.26)
)
(c:/Users/olikin/CloudStation/Travail/cross/chronoHB-v1/chronoHB/texlive/2020/t
exmf-dist/tex/context/base/mkii/supp-pdf.mkii
loading : ConTeXt Support Macros / PDF
)
(c:/Users/olikin/CloudStation/Travail/cross/chronoHB-v1/chronoHB/texlive/2020/t
exmf-dist/tex/context/base/mkii/supp-mpe.mkii
loading : ConTeXt Support Macros / MPS extensions
) )
Beginning to dump on file mptopdf.fmt
 (preloaded format=mptopdf 2021.10.3)
3301 strings of total length 49900
13893 memory locations dumped; current usage is 116&13746
1666 multiletter control sequences
\font\nullfont=nullfont
0 words of font info for 0 preloaded fonts
0 hyphenation exceptions
Hyphenation trie of length 256 has 0 ops out of 35111
0 words of pdfTeX memory
0 indirect objects
No pages of output.
Transcript written on mptopdf.log.
fmtutil [INFO]: log file copied to: c:/users/olikin/cloudstation/travail/cross/chronohb-v1/chronohb/texlive/2020/texmf-var/web2c/pdftex/mptopdf.log
fmtutil [INFO]: c:/users/olikin/cloudstation/travail/cross/chronohb-v1/chronohb/texlive/2020/texmf-var/web2c/pdftex/mptopdf.fmt installed.
fmtutil [INFO]: --- remaking lualatex with luahbtex
fmtutil: running `luahbtex -ini   -jobname=lualatex -progname=lualatex lualatex.ini' ...
This is LuaHBTeX, Version 1.12.0 (TeX Live 2020/W32TeX)  (INITEX)
 restricted system commands enabled.

(c:/Users/olikin/CloudStation/Travail/cross/chronoHB-v1/chronoHB/texlive/2020/t
exmf-dist/tex/generic/tex-ini-files/lualatex.ini
(c:/Users/olikin/CloudStation/Travail/cross/chronoHB-v1/chronoHB/texlive/2020/t
exmf-dist/tex/generic/tex-ini-files/luatexconfig.tex
(c:/Users/olikin/CloudStation/Travail/cross/chronoHB-v1/chronoHB/texlive/2020/t
exmf-config/tex/generic/tex-ini-files/pdftexconfig.tex))
(c:/Users/olikin/CloudStation/Travail/cross/chronoHB-v1/chronoHB/texlive/2020/t
exmf-dist/tex/latex/base/latex.ltx
(c:/Users/olikin/CloudStation/Travail/cross/chronoHB-v1/chronoHB/texlive/2020/t
exmf-dist/tex/latex/base/texsys.cfg)
./texsys.aux found


\@currdir set to: ./.


Assuming \openin and \input 
have the same search path.


Defining UNIX/DOS style filename parser.

catcodes, registers, parameters,
LaTeX2e <2020-10-01> patch level 4

(c:/Users/olikin/CloudStation/Travail/cross/chronoHB-v1/chronoHB/texlive/2020/t
exmf-dist/tex/latex/l3kernel/expl3.ltx
(c:/Users/olikin/CloudStation/Travail/cross/chronoHB-v1/chronoHB/texlive/2020/t
exmf-dist/tex/latex/l3kernel/expl3-code.tex
(c:/Users/olikin/CloudStation/Travail/cross/chronoHB-v1/chronoHB/texlive/2020/t
exmf-dist/tex/latex/l3kernel/l3deprecation.def)))
(c:/Users/olikin/CloudStation/Travail/cross/chronoHB-v1/chronoHB/texlive/2020/t
exmf-dist/tex/latex/l3packages/xparse/xparse.ltx
(c:/Users/olikin/CloudStation/Travail/cross/chronoHB-v1/chronoHB/texlive/2020/t
exmf-dist/tex/latex/l3packages/xparse/xparse-generic.tex)) hacks, control,
par, spacing, files, font encodings, lengths,
====================================

Local config file fonttext.cfg used

====================================

(c:/Users/olikin/CloudStation/Travail/cross/chronoHB-v1/chronoHB/texlive/2020/t
exmf-dist/tex/latex/base/fonttext.cfg
(c:/Users/olikin/CloudStation/Travail/cross/chronoHB-v1/chronoHB/texlive/2020/t
exmf-dist/tex/latex/base/fonttext.ltx
=== Don't modify this file, use a .cfg file instead ===


(c:/Users/olikin/CloudStation/Travail/cross/chronoHB-v1/chronoHB/texlive/2020/t
exmf-dist/tex/latex/base/omlenc.def)
(c:/Users/olikin/CloudStation/Travail/cross/chronoHB-v1/chronoHB/texlive/2020/t
exmf-dist/tex/latex/base/omsenc.def)
(c:/Users/olikin/CloudStation/Travail/cross/chronoHB-v1/chronoHB/texlive/2020/t
exmf-dist/tex/latex/base/ot1enc.def)
(c:/Users/olikin/CloudStation/Travail/cross/chronoHB-v1/chronoHB/texlive/2020/t
exmf-dist/tex/latex/base/t1enc.def)
(c:/Users/olikin/CloudStation/Travail/cross/chronoHB-v1/chronoHB/texlive/2020/t
exmf-dist/tex/latex/base/ts1enc.def)
(c:/Users/olikin/CloudStation/Travail/cross/chronoHB-v1/chronoHB/texlive/2020/t
exmf-dist/tex/latex/base/tuenc.def)
(c:/Users/olikin/CloudStation/Travail/cross/chronoHB-v1/chronoHB/texlive/2020/t
exmf-dist/tex/latex/base/tulmr.fd)
(c:/Users/olikin/CloudStation/Travail/cross/chronoHB-v1/chronoHB/texlive/2020/t
exmf-dist/tex/latex/base/tulmss.fd)
(c:/Users/olikin/CloudStation/Travail/cross/chronoHB-v1/chronoHB/texlive/2020/t
exmf-dist/tex/latex/base/tulmtt.fd)
(c:/Users/olikin/CloudStation/Travail/cross/chronoHB-v1/chronoHB/texlive/2020/t
exmf-dist/tex/latex/lm/ts1lmr.fd)
(c:/Users/olikin/CloudStation/Travail/cross/chronoHB-v1/chronoHB/texlive/2020/t
exmf-dist/tex/latex/base/t1cmr.fd)
(c:/Users/olikin/CloudStation/Travail/cross/chronoHB-v1/chronoHB/texlive/2020/t
exmf-dist/tex/latex/base/ot1cmr.fd)
(c:/Users/olikin/CloudStation/Travail/cross/chronoHB-v1/chronoHB/texlive/2020/t
exmf-dist/tex/latex/base/ot1cmss.fd)
(c:/Users/olikin/CloudStation/Travail/cross/chronoHB-v1/chronoHB/texlive/2020/t
exmf-dist/tex/latex/base/ot1cmtt.fd)))
====================================

Local config file fontmath.cfg used

====================================

(c:/Users/olikin/CloudStation/Travail/cross/chronoHB-v1/chronoHB/texlive/2020/t
exmf-dist/tex/latex/base/fontmath.cfg
(c:/Users/olikin/CloudStation/Travail/cross/chronoHB-v1/chronoHB/texlive/2020/t
exmf-dist/tex/latex/base/fontmath.ltx
=== Don't modify this file, use a .cfg file instead ===


(c:/Users/olikin/CloudStation/Travail/cross/chronoHB-v1/chronoHB/texlive/2020/t
exmf-dist/tex/latex/base/omlcmm.fd)
(c:/Users/olikin/CloudStation/Travail/cross/chronoHB-v1/chronoHB/texlive/2020/t
exmf-dist/tex/latex/base/omscmsy.fd)
(c:/Users/olikin/CloudStation/Travail/cross/chronoHB-v1/chronoHB/texlive/2020/t
exmf-dist/tex/latex/base/omxcmex.fd)
(c:/Users/olikin/CloudStation/Travail/cross/chronoHB-v1/chronoHB/texlive/2020/t
exmf-dist/tex/latex/base/ucmr.fd)))
====================================

Local config file preload.cfg used

=====================================

(c:/Users/olikin/CloudStation/Travail/cross/chronoHB-v1/chronoHB/texlive/2020/t
exmf-dist/tex/latex/base/preload.cfg
(c:/Users/olikin/CloudStation/Travail/cross/chronoHB-v1/chronoHB/texlive/2020/t
exmf-dist/tex/latex/base/preload.ltx)) page nos., x-ref, environments, center,
verbatim, math definitions, boxes, title, sectioning, contents, floats,
footnotes, index, bibliography, output,  Unicode character data,
(c:/Users/olikin/CloudStation/Travail/cross/chronoHB-v1/chronoHB/texlive/2020/t
exmf-dist/tex/generic/unicode-data/load-unicode-data.tex 
load-unicode-data.tex v1.14 (2020-10-24)
Reading Unicode data
# UnicodeData-13.0.0.txt
# Modified 2020-03-12 11:00:00 GMT [JAW]
)
===========================================
Local configuration file hyphen.cfg used
===========================================

(c:/Users/olikin/CloudStation/Travail/cross/chronoHB-v1/chronoHB/texlive/2020/t
exmf-dist/tex/generic/babel/hyphen.cfg
(c:/Users/olikin/CloudStation/Travail/cross/chronoHB-v1/chronoHB/texlive/2020/t
exmf-dist/tex/generic/babel/luababel.def)
(c:/Users/olikin/CloudStation/Travail/cross/chronoHB-v1/chronoHB/texlive/2020/t
exmf-dist/tex/generic/hyphen/hyphen.tex))
(c:/Users/olikin/CloudStation/Travail/cross/chronoHB-v1/chronoHB/texlive/2020/t
exmf-dist/tex/latex/firstaid/latex2e-first-aid-for-external-files.ltx)
))
Beginning to dump on file lualatex.fmt
 (format=lualatex 2021.10.3)
21457 strings using 351465 bytes
684463 memory locations dumped; current usage is 204&313315
20074 multiletter control sequences
\font\nullfont=nullfont
\font\c__fp_exp_intarray=cmr10 at 0.00002pt
\font\c__fp_trig_intarray=cmr10 at 0.00003pt
\font\g__regex_state_active_intarray=cmr10 at 0.00005pt
\font\g__regex_thread_info_intarray=cmr10 at 0.00006pt
\font\g__regex_submatch_prev_intarray=cmr10 at 0.00008pt
\font\g__regex_submatch_begin_intarray=cmr10 at 0.00009pt
\font\g__regex_submatch_end_intarray=cmr10 at 0.0001pt
\font\g__regex_balance_intarray=cmr10 at 0.00012pt
\font\OMX/cmex/m/n/10=cmex10
\font\tenln=line10
\font\tenlnw=linew10
\font\tencirc=lcircle10
\font\tencircw=lcirclew10
\font\OT1/cmr/m/n/5=cmr5
\font\OT1/cmr/m/n/7=cmr7
\font\OT1/cmr/m/n/10=cmr10
\font\OML/cmm/m/it/5=cmmi5
\font\OML/cmm/m/it/7=cmmi7
\font\OML/cmm/m/it/10=cmmi10
\font\OMS/cmsy/m/n/5=cmsy5
\font\OMS/cmsy/m/n/7=cmsy7
\font\OMS/cmsy/m/n/10=cmsy10
22 preloaded fonts
warning  (pdf backend): no pages of output.
Transcript written on lualatex.log.
fmtutil [INFO]: log file copied to: c:/users/olikin/cloudstation/travail/cross/chronohb-v1/chronohb/texlive/2020/texmf-var/web2c/luahbtex/lualatex.log
fmtutil [INFO]: c:/users/olikin/cloudstation/travail/cross/chronohb-v1/chronohb/texlive/2020/texmf-var/web2c/luahbtex/lualatex.fmt installed.
fmtutil [INFO]: --- remaking etex with pdftex
fmtutil: running `pdftex -ini   -jobname=etex -progname=etex -translate-file=cp227.tcx *etex.ini' ...
This is pdfTeX, Version 3.14159265-2.6-1.40.21 (TeX Live 2020/W32TeX) (INITEX)
 restricted \write18 enabled.
 (c:/Users/olikin/CloudStation/Travail/cross/chronoHB-v1/chronoHB/texlive/2020/texmf-dist/web2c/cp227.tcx)
entering extended mode

(c:/Users/olikin/CloudStation/Travail/cross/chronoHB-v1/chronoHB/texlive/2020/t
exmf-dist/tex/plain/config/etex.ini
(c:/Users/olikin/CloudStation/Travail/cross/chronoHB-v1/chronoHB/texlive/2020/t
exmf-dist/tex/plain/etex/etex.src
(c:/Users/olikin/CloudStation/Travail/cross/chronoHB-v1/chronoHB/texlive/2020/t
exmf-dist/tex/plain/base/plain.tex Preloading the plain format: codes,
registers, parameters, fonts, more fonts, macros, math definitions,
output routines, hyphenation
(c:/Users/olikin/CloudStation/Travail/cross/chronoHB-v1/chronoHB/texlive/2020/t
exmf-dist/tex/generic/hyphen/hyphen.tex
[skipping from \patterns to end-of-file...]))
(c:/Users/olikin/CloudStation/Travail/cross/chronoHB-v1/chronoHB/texlive/2020/t
exmf-dist/tex/plain/etex/etexdefs.lib Skipping module "grouptypes";
Loading module "interactionmodes"; Skipping module "nodetypes";
Skipping module "iftypes";)
(c:/Users/olikin/CloudStation/Travail/cross/chronoHB-v1/chronoHB/texlive/2020/t
exmf-var/tex/generic/config/language.def
(c:/Users/olikin/CloudStation/Travail/cross/chronoHB-v1/chronoHB/texlive/2020/t
exmf-dist/tex/generic/hyphen/hyphen.tex))
Augmenting the Plain TeX definitions: \tracingall;
Adding new e-TeX definitions: \eTeX, \loggingall, \tracingnone,
register allocation; extended register allocation; 
Recycling: \addlanguage, \@nswer (not defined), \@sk, \b@dresponsetrue,
\b@dresponsefalse, \ch@ckforyn, \mayber@cycle, \et@xabort, \et@xbuf,
\et@xfmtsrc, \et@xfilehdr, \et@xinf, \et@xpatterns, \l@ngdefnfile, \n@xt,
\p@rse (not defined), \pr@mpt (not defined), \pr@mptloop (not defined),
\forcer@cycle, \usef@llback, \usef@llbacktrue, \usef@llbackfalse, 
Retaining: \et@xerr, \et@xinput, \et@xlibhdr, \et@xmsg, \et@xtoks, \et@xwarn,
\et@xl@@d, \et@xl@ad, \et@xload, \et@xlang, \et@xhash, \eTeX, \etexhdrchk,
\etexstatus, \module, \uselanguage, \r@tain, \r@cycle,) )
Beginning to dump on file etex.fmt
 (preloaded format=etex 2021.10.3)
2896 strings of total length 44013
7960 memory locations dumped; current usage is 203&7290
1264 multiletter control sequences
\font\nullfont=nullfont
\font\tenrm=cmr10
\font\preloaded=cmr9
\font\preloaded=cmr8
\font\sevenrm=cmr7
\font\preloaded=cmr6
\font\fiverm=cmr5
\font\teni=cmmi10
\font\preloaded=cmmi9
\font\preloaded=cmmi8
\font\seveni=cmmi7
\font\preloaded=cmmi6
\font\fivei=cmmi5
\font\tensy=cmsy10
\font\preloaded=cmsy9
\font\preloaded=cmsy8
\font\sevensy=cmsy7
\font\preloaded=cmsy6
\font\fivesy=cmsy5
\font\tenex=cmex10
\font\preloaded=cmss10
\font\preloaded=cmssq8
\font\preloaded=cmssi10
\font\preloaded=cmssqi8
\font\tenbf=cmbx10
\font\preloaded=cmbx9
\font\preloaded=cmbx8
\font\sevenbf=cmbx7
\font\preloaded=cmbx6
\font\fivebf=cmbx5
\font\tentt=cmtt10
\font\preloaded=cmtt9
\font\preloaded=cmtt8
\font\preloaded=cmsltt10
\font\tensl=cmsl10
\font\preloaded=cmsl9
\font\preloaded=cmsl8
\font\tenit=cmti10
\font\preloaded=cmti9
\font\preloaded=cmti8
\font\preloaded=cmti7
\font\preloaded=cmu10
\font\preloaded=cmmib10
\font\preloaded=cmbsy10
\font\preloaded=cmcsc10
\font\preloaded=cmssbx10
\font\preloaded=cmdunh10
\font\preloaded=cmr7 at 14.51799pt
\font\preloaded=cmtt10 at 14.4pt
\font\preloaded=cmssbx10 at 14.4pt
\font\preloaded=manfnt
14787 words of font info for 50 preloaded fonts
14 hyphenation exceptions
Hyphenation trie of length 6075 has 181 ops out of 35111
  181 for language 0
0 words of pdfTeX memory
0 indirect objects
No pages of output.
Transcript written on etex.log.
fmtutil [INFO]: log file copied to: c:/users/olikin/cloudstation/travail/cross/chronohb-v1/chronohb/texlive/2020/texmf-var/web2c/pdftex/etex.log
fmtutil [INFO]: c:/users/olikin/cloudstation/travail/cross/chronohb-v1/chronohb/texlive/2020/texmf-var/web2c/pdftex/etex.fmt installed.
fmtutil [INFO]: --- remaking dvilualatex with luatex
fmtutil: running `luatex -ini   -jobname=dvilualatex -progname=dvilualatex dvilualatex.ini' ...
This is LuaTeX, Version 1.12.0 (TeX Live 2020/W32TeX)  (INITEX)
 restricted system commands enabled.

(c:/Users/olikin/CloudStation/Travail/cross/chronoHB-v1/chronoHB/texlive/2020/t
exmf-dist/tex/generic/tex-ini-files/dvilualatex.ini
(c:/Users/olikin/CloudStation/Travail/cross/chronoHB-v1/chronoHB/texlive/2020/t
exmf-dist/tex/generic/tex-ini-files/lualatex.ini
(c:/Users/olikin/CloudStation/Travail/cross/chronoHB-v1/chronoHB/texlive/2020/t
exmf-dist/tex/generic/tex-ini-files/luatexconfig.tex
(c:/Users/olikin/CloudStation/Travail/cross/chronoHB-v1/chronoHB/texlive/2020/t
exmf-config/tex/generic/tex-ini-files/pdftexconfig.tex))
(c:/Users/olikin/CloudStation/Travail/cross/chronoHB-v1/chronoHB/texlive/2020/t
exmf-dist/tex/latex/base/latex.ltx
(c:/Users/olikin/CloudStation/Travail/cross/chronoHB-v1/chronoHB/texlive/2020/t
exmf-dist/tex/latex/base/texsys.cfg)
./texsys.aux found


\@currdir set to: ./.


Assuming \openin and \input 
have the same search path.


Defining UNIX/DOS style filename parser.

catcodes, registers, parameters,
LaTeX2e <2020-10-01> patch level 4

(c:/Users/olikin/CloudStation/Travail/cross/chronoHB-v1/chronoHB/texlive/2020/t
exmf-dist/tex/latex/l3kernel/expl3.ltx
(c:/Users/olikin/CloudStation/Travail/cross/chronoHB-v1/chronoHB/texlive/2020/t
exmf-dist/tex/latex/l3kernel/expl3-code.tex
(c:/Users/olikin/CloudStation/Travail/cross/chronoHB-v1/chronoHB/texlive/2020/t
exmf-dist/tex/latex/l3kernel/l3deprecation.def)))
(c:/Users/olikin/CloudStation/Travail/cross/chronoHB-v1/chronoHB/texlive/2020/t
exmf-dist/tex/latex/l3packages/xparse/xparse.ltx
(c:/Users/olikin/CloudStation/Travail/cross/chronoHB-v1/chronoHB/texlive/2020/t
exmf-dist/tex/latex/l3packages/xparse/xparse-generic.tex)) hacks, control,
par, spacing, files, font encodings, lengths,
====================================

Local config file fonttext.cfg used

====================================

(c:/Users/olikin/CloudStation/Travail/cross/chronoHB-v1/chronoHB/texlive/2020/t
exmf-dist/tex/latex/base/fonttext.cfg
(c:/Users/olikin/CloudStation/Travail/cross/chronoHB-v1/chronoHB/texlive/2020/t
exmf-dist/tex/latex/base/fonttext.ltx
=== Don't modify this file, use a .cfg file instead ===


(c:/Users/olikin/CloudStation/Travail/cross/chronoHB-v1/chronoHB/texlive/2020/t
exmf-dist/tex/latex/base/omlenc.def)
(c:/Users/olikin/CloudStation/Travail/cross/chronoHB-v1/chronoHB/texlive/2020/t
exmf-dist/tex/latex/base/omsenc.def)
(c:/Users/olikin/CloudStation/Travail/cross/chronoHB-v1/chronoHB/texlive/2020/t
exmf-dist/tex/latex/base/ot1enc.def)
(c:/Users/olikin/CloudStation/Travail/cross/chronoHB-v1/chronoHB/texlive/2020/t
exmf-dist/tex/latex/base/t1enc.def)
(c:/Users/olikin/CloudStation/Travail/cross/chronoHB-v1/chronoHB/texlive/2020/t
exmf-dist/tex/latex/base/ts1enc.def)
(c:/Users/olikin/CloudStation/Travail/cross/chronoHB-v1/chronoHB/texlive/2020/t
exmf-dist/tex/latex/base/tuenc.def)
(c:/Users/olikin/CloudStation/Travail/cross/chronoHB-v1/chronoHB/texlive/2020/t
exmf-dist/tex/latex/base/tulmr.fd)
(c:/Users/olikin/CloudStation/Travail/cross/chronoHB-v1/chronoHB/texlive/2020/t
exmf-dist/tex/latex/base/tulmss.fd)
(c:/Users/olikin/CloudStation/Travail/cross/chronoHB-v1/chronoHB/texlive/2020/t
exmf-dist/tex/latex/base/tulmtt.fd)
(c:/Users/olikin/CloudStation/Travail/cross/chronoHB-v1/chronoHB/texlive/2020/t
exmf-dist/tex/latex/lm/ts1lmr.fd)
(c:/Users/olikin/CloudStation/Travail/cross/chronoHB-v1/chronoHB/texlive/2020/t
exmf-dist/tex/latex/base/t1cmr.fd)
(c:/Users/olikin/CloudStation/Travail/cross/chronoHB-v1/chronoHB/texlive/2020/t
exmf-dist/tex/latex/base/ot1cmr.fd)
(c:/Users/olikin/CloudStation/Travail/cross/chronoHB-v1/chronoHB/texlive/2020/t
exmf-dist/tex/latex/base/ot1cmss.fd)
(c:/Users/olikin/CloudStation/Travail/cross/chronoHB-v1/chronoHB/texlive/2020/t
exmf-dist/tex/latex/base/ot1cmtt.fd)))
====================================

Local config file fontmath.cfg used

====================================

(c:/Users/olikin/CloudStation/Travail/cross/chronoHB-v1/chronoHB/texlive/2020/t
exmf-dist/tex/latex/base/fontmath.cfg
(c:/Users/olikin/CloudStation/Travail/cross/chronoHB-v1/chronoHB/texlive/2020/t
exmf-dist/tex/latex/base/fontmath.ltx
=== Don't modify this file, use a .cfg file instead ===


(c:/Users/olikin/CloudStation/Travail/cross/chronoHB-v1/chronoHB/texlive/2020/t
exmf-dist/tex/latex/base/omlcmm.fd)
(c:/Users/olikin/CloudStation/Travail/cross/chronoHB-v1/chronoHB/texlive/2020/t
exmf-dist/tex/latex/base/omscmsy.fd)
(c:/Users/olikin/CloudStation/Travail/cross/chronoHB-v1/chronoHB/texlive/2020/t
exmf-dist/tex/latex/base/omxcmex.fd)
(c:/Users/olikin/CloudStation/Travail/cross/chronoHB-v1/chronoHB/texlive/2020/t
exmf-dist/tex/latex/base/ucmr.fd)))
====================================

Local config file preload.cfg used

=====================================

(c:/Users/olikin/CloudStation/Travail/cross/chronoHB-v1/chronoHB/texlive/2020/t
exmf-dist/tex/latex/base/preload.cfg
(c:/Users/olikin/CloudStation/Travail/cross/chronoHB-v1/chronoHB/texlive/2020/t
exmf-dist/tex/latex/base/preload.ltx)) page nos., x-ref, environments, center,
verbatim, math definitions, boxes, title, sectioning, contents, floats,
footnotes, index, bibliography, output,  Unicode character data,
(c:/Users/olikin/CloudStation/Travail/cross/chronoHB-v1/chronoHB/texlive/2020/t
exmf-dist/tex/generic/unicode-data/load-unicode-data.tex 
load-unicode-data.tex v1.14 (2020-10-24)
Reading Unicode data
# UnicodeData-13.0.0.txt
# Modified 2020-03-12 11:00:00 GMT [JAW]
)
===========================================
Local configuration file hyphen.cfg used
===========================================

(c:/Users/olikin/CloudStation/Travail/cross/chronoHB-v1/chronoHB/texlive/2020/t
exmf-dist/tex/generic/babel/hyphen.cfg
(c:/Users/olikin/CloudStation/Travail/cross/chronoHB-v1/chronoHB/texlive/2020/t
exmf-dist/tex/generic/babel/luababel.def)
(c:/Users/olikin/CloudStation/Travail/cross/chronoHB-v1/chronoHB/texlive/2020/t
exmf-dist/tex/generic/hyphen/hyphen.tex))
(c:/Users/olikin/CloudStation/Travail/cross/chronoHB-v1/chronoHB/texlive/2020/t
exmf-dist/tex/latex/firstaid/latex2e-first-aid-for-external-files.ltx)
)))
Beginning to dump on file dvilualatex.fmt
 (format=dvilualatex 2021.10.3)
21462 strings using 351489 bytes
684471 memory locations dumped; current usage is 204&313319
20074 multiletter control sequences
\font\nullfont=nullfont
\font\c__fp_exp_intarray=cmr10 at 0.00002pt
\font\c__fp_trig_intarray=cmr10 at 0.00003pt
\font\g__regex_state_active_intarray=cmr10 at 0.00005pt
\font\g__regex_thread_info_intarray=cmr10 at 0.00006pt
\font\g__regex_submatch_prev_intarray=cmr10 at 0.00008pt
\font\g__regex_submatch_begin_intarray=cmr10 at 0.00009pt
\font\g__regex_submatch_end_intarray=cmr10 at 0.0001pt
\font\g__regex_balance_intarray=cmr10 at 0.00012pt
\font\OMX/cmex/m/n/10=cmex10
\font\tenln=line10
\font\tenlnw=linew10
\font\tencirc=lcircle10
\font\tencircw=lcirclew10
\font\OT1/cmr/m/n/5=cmr5
\font\OT1/cmr/m/n/7=cmr7
\font\OT1/cmr/m/n/10=cmr10
\font\OML/cmm/m/it/5=cmmi5
\font\OML/cmm/m/it/7=cmmi7
\font\OML/cmm/m/it/10=cmmi10
\font\OMS/cmsy/m/n/5=cmsy5
\font\OMS/cmsy/m/n/7=cmsy7
\font\OMS/cmsy/m/n/10=cmsy10
22 preloaded fonts
No pages of output.
Transcript written on dvilualatex.log.
fmtutil [INFO]: log file copied to: c:/users/olikin/cloudstation/travail/cross/chronohb-v1/chronohb/texlive/2020/texmf-var/web2c/luatex/dvilualatex.log
fmtutil [INFO]: c:/users/olikin/cloudstation/travail/cross/chronohb-v1/chronohb/texlive/2020/texmf-var/web2c/luatex/dvilualatex.fmt installed.
fmtutil [INFO]: successfully rebuilt formats: 13
fmtutil [INFO]: total formats: 13
fmtutil [INFO]: exiting with status 0
--end of output of fmtutil-sys --no-error-if-no-engine=luajithbtex,luajittex,mfluajit --all.

[Sun Nov 21 23:30:24 2021] running mktexlsr
[Sun Nov 21 23:30:24 2021] success, output:

--end of output of mktexlsr.

[Sun Nov 21 23:30:26 2021] running updmap-sys
[Sun Nov 21 23:30:26 2021] success, output:

--end of output of updmap-sys.

