[Sat Mar  6 15:29:56 2021] install: multirow
[Sat Mar  6 15:31:23 2021] install: tabulary
[Sat Mar  6 15:32:13 2021] install: booktabs
[Sat Mar  6 15:38:42 2021] install: etoolbox
[Sat Mar  6 15:44:12 2021] remove: multirow
[Sat Mar  6 15:44:26 2021] install: multirow
[Sat Mar  6 17:36:23 2021] install: xcolor
[Sat Mar  6 17:44:11 2021] remove: xcolor
[Sat Mar  6 17:44:33 2021] install: xcolor
[Sun Nov 21 23:28:44 2021] remove: collection-basic
[Sun Nov 21 23:28:44 2021] remove: collection-latex
[Sun Nov 21 23:28:44 2021] remove: collection-wintools
[Sun Nov 21 23:28:45 2021] remove: ae
[Sun Nov 21 23:28:46 2021] remove: amscls
[Sun Nov 21 23:28:50 2021] remove: amsfonts
[Sun Nov 21 23:28:50 2021] remove: amsmath
[Sun Nov 21 23:28:50 2021] remove: atbegshi
[Sun Nov 21 23:28:50 2021] remove: atveryend
[Sun Nov 21 23:28:51 2021] remove: auxhook
[Sun Nov 21 23:28:55 2021] remove: babel
[Sun Nov 21 23:28:55 2021] remove: babel-english
[Sun Nov 21 23:28:56 2021] remove: babelbib
[Sun Nov 21 23:28:56 2021] remove: bibtex
[Sun Nov 21 23:28:56 2021] remove: bibtex.win32
[Sun Nov 21 23:28:56 2021] remove: bigintcalc
[Sun Nov 21 23:28:57 2021] remove: bitset
[Sun Nov 21 23:28:57 2021] remove: bookmark
[Sun Nov 21 23:28:57 2021] remove: carlisle
[Sun Nov 21 23:28:59 2021] remove: cm
[Sun Nov 21 23:28:59 2021] remove: colorprofiles
[Sun Nov 21 23:28:59 2021] remove: colortbl
[Sun Nov 21 23:28:59 2021] remove: dehyph
[Sun Nov 21 23:29:01 2021] remove: dviout.win32
[Sun Nov 21 23:29:02 2021] remove: dvipdfmx
[Sun Nov 21 23:29:02 2021] remove: dvipdfmx.win32
[Sun Nov 21 23:29:03 2021] remove: dvips
[Sun Nov 21 23:29:03 2021] remove: dvips.win32
[Sun Nov 21 23:29:11 2021] remove: ec
[Sun Nov 21 23:29:12 2021] remove: enctex
[Sun Nov 21 23:29:12 2021] remove: epstopdf-pkg
[Sun Nov 21 23:29:12 2021] remove: etex
[Sun Nov 21 23:29:12 2021] remove: etex-pkg
[Sun Nov 21 23:29:12 2021] remove: etexcmds
[Sun Nov 21 23:29:13 2021] remove: etoolbox
[Sun Nov 21 23:29:13 2021] remove: everyshi
[Sun Nov 21 23:29:13 2021] remove: fancyhdr
[Sun Nov 21 23:29:13 2021] remove: firstaid
[Sun Nov 21 23:29:13 2021] remove: fix2col
[Sun Nov 21 23:29:13 2021] remove: geometry
[Sun Nov 21 23:29:14 2021] remove: gettitlestring
[Sun Nov 21 23:29:14 2021] remove: glyphlist
[Sun Nov 21 23:29:14 2021] remove: graphics
[Sun Nov 21 23:29:14 2021] remove: graphics-cfg
[Sun Nov 21 23:29:14 2021] remove: graphics-def
[Sun Nov 21 23:29:14 2021] remove: grfext
[Sun Nov 21 23:29:15 2021] remove: hopatch
[Sun Nov 21 23:29:15 2021] remove: hycolor
[Sun Nov 21 23:29:15 2021] remove: hyperref
[Sun Nov 21 23:29:16 2021] remove: hyph-utf8
[Sun Nov 21 23:29:16 2021] remove: hyphen-base
[Sun Nov 21 23:29:16 2021] remove: hyphenex
[Sun Nov 21 23:29:17 2021] remove: ifplatform
[Sun Nov 21 23:29:17 2021] remove: iftex
[Sun Nov 21 23:29:17 2021] remove: infwarerr
[Sun Nov 21 23:29:17 2021] remove: intcalc
[Sun Nov 21 23:29:17 2021] remove: knuth-lib
[Sun Nov 21 23:29:18 2021] remove: knuth-local
[Sun Nov 21 23:29:18 2021] remove: kpathsea
[Sun Nov 21 23:29:18 2021] remove: kpathsea.win32
[Sun Nov 21 23:29:18 2021] remove: kvdefinekeys
[Sun Nov 21 23:29:19 2021] remove: kvoptions
[Sun Nov 21 23:29:19 2021] remove: kvsetkeys
[Sun Nov 21 23:29:19 2021] remove: l3backend
[Sun Nov 21 23:29:20 2021] remove: l3kernel
[Sun Nov 21 23:29:21 2021] remove: l3packages
[Sun Nov 21 23:29:25 2021] remove: latex
[Sun Nov 21 23:29:25 2021] remove: latex-bin
[Sun Nov 21 23:29:25 2021] remove: latex-bin.win32
[Sun Nov 21 23:29:26 2021] remove: latex-fonts
[Sun Nov 21 23:29:26 2021] remove: latexconfig
[Sun Nov 21 23:29:26 2021] remove: letltxmacro
[Sun Nov 21 23:29:36 2021] remove: lm
[Sun Nov 21 23:29:36 2021] remove: ltxcmds
[Sun Nov 21 23:29:36 2021] remove: ltxmisc
[Sun Nov 21 23:29:36 2021] remove: lua-alt-getopt
[Sun Nov 21 23:29:37 2021] remove: luahbtex
[Sun Nov 21 23:29:37 2021] remove: luahbtex.win32
[Sun Nov 21 23:29:37 2021] remove: lualibs
[Sun Nov 21 23:29:38 2021] remove: luaotfload
[Sun Nov 21 23:29:39 2021] remove: luaotfload.win32
[Sun Nov 21 23:29:39 2021] remove: luatex
[Sun Nov 21 23:29:40 2021] remove: luatex.win32
[Sun Nov 21 23:29:40 2021] remove: makeindex
[Sun Nov 21 23:29:40 2021] remove: makeindex.win32
[Sun Nov 21 23:29:40 2021] remove: metafont
[Sun Nov 21 23:29:40 2021] remove: metafont.win32
[Sun Nov 21 23:29:41 2021] remove: mflogo
[Sun Nov 21 23:29:41 2021] remove: mfnfss
[Sun Nov 21 23:29:41 2021] remove: mfware
[Sun Nov 21 23:29:41 2021] remove: mfware.win32
[Sun Nov 21 23:29:41 2021] remove: modes
[Sun Nov 21 23:29:42 2021] remove: mptopdf
[Sun Nov 21 23:29:42 2021] remove: mptopdf.win32
[Sun Nov 21 23:29:42 2021] remove: multirow
[Sun Nov 21 23:29:42 2021] remove: natbib
[Sun Nov 21 23:29:44 2021] remove: oberdiek
[Sun Nov 21 23:29:44 2021] remove: pagesel
[Sun Nov 21 23:29:44 2021] remove: pdfescape
[Sun Nov 21 23:29:45 2021] remove: pdftex
[Sun Nov 21 23:29:45 2021] remove: pdftex.win32
[Sun Nov 21 23:29:45 2021] remove: pdftexcmds
[Sun Nov 21 23:29:45 2021] remove: plain
[Sun Nov 21 23:29:45 2021] remove: pslatex
[Sun Nov 21 23:29:46 2021] remove: psnfss
[Sun Nov 21 23:29:46 2021] remove: pspicture
[Sun Nov 21 23:29:46 2021] remove: refcount
[Sun Nov 21 23:29:47 2021] remove: rerunfilecheck
[Sun Nov 21 23:29:47 2021] remove: scheme-basic
[Sun Nov 21 23:29:47 2021] remove: scheme-infraonly
[Sun Nov 21 23:29:47 2021] remove: scheme-minimal
[Sun Nov 21 23:29:47 2021] remove: stringenc
[Sun Nov 21 23:29:47 2021] remove: symbol
[Sun Nov 21 23:29:47 2021] remove: tabulary
[Sun Nov 21 23:29:48 2021] remove: tex
[Sun Nov 21 23:29:48 2021] remove: tex-ini-files
[Sun Nov 21 23:29:48 2021] remove: tex.win32
[Sun Nov 21 23:29:48 2021] remove: texlive-common
[Sun Nov 21 23:29:48 2021] remove: texlive-docindex
[Sun Nov 21 23:29:49 2021] remove: texlive-en
[Sun Nov 21 23:29:50 2021] remove: texlive-msg-translations
[Sun Nov 21 23:29:50 2021] remove: texlive-scripts
[Sun Nov 21 23:29:51 2021] remove: texlive-scripts.win32
[Sun Nov 21 23:29:55 2021] remove: tlgs.win32
[Sun Nov 21 23:30:10 2021] remove: tlperl.win32
[Sun Nov 21 23:30:11 2021] remove: tlpsv.win32
[Sun Nov 21 23:30:11 2021] remove: tlshell
[Sun Nov 21 23:30:18 2021] remove: tlshell.win32
[Sun Nov 21 23:30:19 2021] remove: tools
[Sun Nov 21 23:30:19 2021] remove: unicode-data
[Sun Nov 21 23:30:19 2021] remove: uniquecounter
[Sun Nov 21 23:30:19 2021] remove: url
[Sun Nov 21 23:30:23 2021] remove: wintools.win32
[Sun Nov 21 23:30:24 2021] remove: xdvi
[Sun Nov 21 23:30:24 2021] remove: zapfding
