This is METAFONT, Version 2.7182818 (TeX Live 2020/W32TeX) (INIMF)  3 OCT 2021 13:22
(c:/Users/olikin/CloudStation/Travail/cross/chronoHB-v1/chronoHB/texlive/2020/texmf-dist/web2c/cp227.tcx)
**mf.ini

(c:/Users/olikin/CloudStation/Travail/cross/chronoHB-v1/chronoHB/texlive/2020/t
exmf-dist/metafont/config/mf.ini
(c:/Users/olikin/CloudStation/Travail/cross/chronoHB-v1/chronoHB/texlive/2020/t
exmf-dist/metafont/base/plain.mf
Preloading the plain base, version 2.71: preliminaries,
 basic constants and mathematical macros,
 macros for converting from device-independent units to pixels,
 macros and tables for various modes of operation,
 macros for drawing and filling,
 macros for proof labels and rules,
 macros for character and font administration,
and a few last-minute items.)
(c:/Users/olikin/CloudStation/Travail/cross/chronoHB-v1/chronoHB/texlive/2020/t
exmf-dist/fonts/source/public/modes/modes.mf) )
Beginning to dump on file mf.base
 (preloaded base=mf 2021.10.3)
2237 strings of total length 30558
11955 memory locations dumped; current usage is 3679&7916
1011 symbolic tokens
