This is LuaHBTeX, Version 1.12.0 (TeX Live 2020/W32TeX)  (format=lualatex 2021.10.3)  17 NOV 2021 22:12
 restricted system commands enabled.
**dobble/dobble.tex
(./dobble/dobble.tex
LaTeX2e <2020-10-01> patch level 4
Lua module: luaotfload 2021-01-08 3.17 Lua based OpenType font support
Lua module: lualibs 2020-12-30 2.73 ConTeXt Lua standard libraries.
Lua module: lualibs-extended 2020-12-30 2.73 ConTeXt Lua libraries -- extended c
ollection.
luaotfload | conf : Root cache directory is "C:/Users/olikin/CloudStation/Travai
l/cross/chronoHB-devel/chronoHB/texlive/2020/texmf-var/luatex-cache/generic/name
s".
luaotfload | init : Loading fontloader "fontloader-2021-01-07.lua" from kpse-res
olved path "c:/Users/olikin/CloudStation/Travail/cross/chronoHB-devel/chronoHB/t
exlive/2020/texmf-dist/tex/luatex/luaotfload/fontloader-2021-01-07.lua".
Lua-only attribute luaotfload@noligature = 1
Lua-only attribute luaotfload@syllabe = 2
luaotfload | init : Context OpenType loader version 0x1.8e76c8b439581p+1
Inserting `luaotfload.node_processor' at position 1 in `pre_linebreak_filter'.
Inserting `luaotfload.node_processor' at position 1 in `hpack_filter'.
Inserting `luaotfload.glyph_stream' at position 1 in `glyph_stream_provider'.
Inserting `luaotfload.define_font' at position 1 in `define_font'.
Lua-only attribute luaotfload_color_attribute = 3
luaotfload | conf : Root cache directory is "C:/Users/olikin/CloudStation/Travai
l/cross/chronoHB-devel/chronoHB/texlive/2020/texmf-var/luatex-cache/generic/name
s".
Inserting `luaotfload.harf.strip_prefix' at position 1 in `find_opentype_file'.
Inserting `luaotfload.harf.strip_prefix' at position 1 in `find_truetype_file'.
Inserting `luaotfload.harf.finalize_vlist' at position 1 in `post_linebreak_filt
er'.
Inserting `luaotfload.harf.finalize_hlist' at position 2 in `hpack_filter'.
Inserting `luaotfload.cleanup_files' at position 1 in `wrapup_run'.
Inserting `luaotfload.harf.finalize_unicode' at position 1 in `finish_pdffile'.
Inserting `luaotfload.glyphinfo' at position 1 in `glyph_info'.
Inserting `luaotfload.aux.set_sscale_dimens' at position 1 in `luaotfload.patch_
font'.
Inserting `luaotfload.aux.set_font_index' at position 2 in `luaotfload.patch_fon
t'.
Inserting `luaotfload.aux.patch_cambria_domh' at position 3 in `luaotfload.patch
_font'.
Inserting `luaotfload.aux.fixup_fontdata' at position 1 in `luaotfload.patch_fon
t_unsafe'.
Inserting `luaotfload.aux.set_capheight' at position 4 in `luaotfload.patch_font
'.
Inserting `luaotfload.aux.set_xheight' at position 5 in `luaotfload.patch_font'.
Inserting `luaotfload.rewrite_fontname' at position 6 in `luaotfload.patch_font'
. L3 programming layer <2021-02-18>
(c:/Users/olikin/CloudStation/Travail/cross/chronoHB-devel/chronoHB/texlive/202
0/texmf-dist/tex/latex/base/article.cls
Document Class: article 2020/04/10 v1.4m Standard LaTeX document class

(c:/Users/olikin/CloudStation/Travail/cross/chronoHB-devel/chronoHB/texlive/202
0/texmf-dist/tex/latex/base/size10.clo
File: size10.clo 2020/04/10 v1.4m Standard LaTeX file (size option)
luaotfload | db : Font names database not found, generating new one.
luaotfload | db : This can take several minutes; please be patient.)
\c@part=\count175
\c@section=\count176
\c@subsection=\count177
\c@subsubsection=\count178
\c@paragraph=\count179
\c@subparagraph=\count180
\c@figure=\count181
\c@table=\count182
\abovecaptionskip=\skip47
\belowcaptionskip=\skip48
\bibindent=\dimen138
)
(c:/Users/olikin/CloudStation/Travail/cross/chronoHB-devel/chronoHB/texlive/202
0/texmf-dist/tex/latex/geometry/geometry.sty
Package: geometry 2020/01/02 v5.9 Page Geometry

(c:/Users/olikin/CloudStation/Travail/cross/chronoHB-devel/chronoHB/texlive/202
0/texmf-dist/tex/latex/graphics/keyval.sty
Package: keyval 2014/10/28 v1.15 key=value parser (DPC)
\KV@toks@=\toks15
)
(c:/Users/olikin/CloudStation/Travail/cross/chronoHB-devel/chronoHB/texlive/202
0/texmf-dist/tex/generic/iftex/ifvtex.sty
Package: ifvtex 2019/10/25 v1.7 ifvtex legacy package. Use iftex instead.

(c:/Users/olikin/CloudStation/Travail/cross/chronoHB-devel/chronoHB/texlive/202
0/texmf-dist/tex/generic/iftex/iftex.sty
Package: iftex 2020/03/06 v1.0d TeX engine tests
))
\Gm@cnth=\count183
\Gm@cntv=\count184
\c@Gm@tempcnt=\count185
\Gm@bindingoffset=\dimen139
\Gm@wd@mp=\dimen140
\Gm@odd@mp=\dimen141
\Gm@even@mp=\dimen142
\Gm@layoutwidth=\dimen143
\Gm@layoutheight=\dimen144
\Gm@layouthoffset=\dimen145
\Gm@layoutvoffset=\dimen146
\Gm@dimlist=\toks16
)
(c:/Users/olikin/CloudStation/Travail/cross/chronoHB-devel/chronoHB/texlive/202
0/texmf-dist/tex/latex/graphics/graphicx.sty
Package: graphicx 2020/09/09 v1.2b Enhanced LaTeX Graphics (DPC,SPQR)

(c:/Users/olikin/CloudStation/Travail/cross/chronoHB-devel/chronoHB/texlive/202
0/texmf-dist/tex/latex/graphics/graphics.sty
Package: graphics 2020/08/30 v1.4c Standard LaTeX Graphics (DPC,SPQR)

(c:/Users/olikin/CloudStation/Travail/cross/chronoHB-devel/chronoHB/texlive/202
0/texmf-dist/tex/latex/graphics/trig.sty
Package: trig 2016/01/03 v1.10 sin cos tan (DPC)
)
(c:/Users/olikin/CloudStation/Travail/cross/chronoHB-devel/chronoHB/texlive/202
0/texmf-dist/tex/latex/graphics-cfg/graphics.cfg
File: graphics.cfg 2016/06/04 v1.11 sample graphics configuration
)
Package graphics Info: Driver file: luatex.def on input line 105.

(c:/Users/olikin/CloudStation/Travail/cross/chronoHB-devel/chronoHB/texlive/202
0/texmf-dist/tex/latex/graphics-def/luatex.def
File: luatex.def 2020/10/05 v1.2a Graphics/color driver for luatex
))
\Gin@req@height=\dimen147
\Gin@req@width=\dimen148
)cannot open dobble.lua: No such file or directory
stack traceback:
	[C]: in function 'dofile'
	[\directlua]:1: in main chunk.
l.11 }
    
The lua interpreter ran into a problem, so the
remainder of this lua chunk will be ignored.


(c:/Users/olikin/CloudStation/Travail/cross/chronoHB-devel/chronoHB/texlive/tex
mf-local/tex/latex/local/base/tex/tikz.sty
(c:/Users/olikin/CloudStation/Travail/cross/chronoHB-devel/chronoHB/texlive/tex
mf-local/tex/latex/local/base/tex/pgf.sty
(c:/Users/olikin/CloudStation/Travail/cross/chronoHB-devel/chronoHB/texlive/tex
mf-local/tex/latex/local/base/tex/pgfrcs.sty
(c:/Users/olikin/CloudStation/Travail/cross/chronoHB-devel/chronoHB/texlive/tex
mf-local/tex/latex/local/base/tex/pgfutil-common.tex
\pgfutil@everybye=\toks17
\pgfutil@tempdima=\dimen149
\pgfutil@tempdimb=\dimen150

(c:/Users/olikin/CloudStation/Travail/cross/chronoHB-devel/chronoHB/texlive/tex
mf-local/tex/latex/local/base/tex/pgfutil-common-lists.tex))
(c:/Users/olikin/CloudStation/Travail/cross/chronoHB-devel/chronoHB/texlive/tex
mf-local/tex/latex/local/base/tex/pgfutil-latex.def
\pgfutil@abb=\box47
)
(c:/Users/olikin/CloudStation/Travail/cross/chronoHB-devel/chronoHB/texlive/tex
mf-local/tex/latex/local/base/tex/pgfrcs.code.tex
(c:/Users/olikin/CloudStation/Travail/cross/chronoHB-devel/chronoHB/texlive/tex
mf-local/tex/latex/local/base/tex/pgf.revision.tex)
Package: pgfrcs 2020/12/27 v3.1.8b (3.1.8b)
))
Package: pgf 2020/12/27 v3.1.8b (3.1.8b)

(c:/Users/olikin/CloudStation/Travail/cross/chronoHB-devel/chronoHB/texlive/tex
mf-local/tex/latex/local/base/tex/pgfcore.sty
(c:/Users/olikin/CloudStation/Travail/cross/chronoHB-devel/chronoHB/texlive/tex
mf-local/tex/latex/local/base/tex/pgfsys.sty
(c:/Users/olikin/CloudStation/Travail/cross/chronoHB-devel/chronoHB/texlive/tex
mf-local/tex/latex/local/base/tex/pgfsys.code.tex
Package: pgfsys 2020/12/27 v3.1.8b (3.1.8b)

(c:/Users/olikin/CloudStation/Travail/cross/chronoHB-devel/chronoHB/texlive/tex
mf-local/tex/latex/local/base/tex/pgfkeys.code.tex
\pgfkeys@pathtoks=\toks18
\pgfkeys@temptoks=\toks19

(c:/Users/olikin/CloudStation/Travail/cross/chronoHB-devel/chronoHB/texlive/tex
mf-local/tex/latex/local/base/tex/pgfkeysfiltered.code.tex
\pgfkeys@tmptoks=\toks20
))
\pgf@x=\dimen151
\pgf@y=\dimen152
\pgf@xa=\dimen153
\pgf@ya=\dimen154
\pgf@xb=\dimen155
\pgf@yb=\dimen156
\pgf@xc=\dimen157
\pgf@yc=\dimen158
\pgf@xd=\dimen159
\pgf@yd=\dimen160
\w@pgf@writea=\write3
\r@pgf@reada=\read2
\c@pgf@counta=\count186
\c@pgf@countb=\count187
\c@pgf@countc=\count188
\c@pgf@countd=\count189
\t@pgf@toka=\toks21
\t@pgf@tokb=\toks22
\t@pgf@tokc=\toks23
\pgf@sys@id@count=\count190

(c:/Users/olikin/CloudStation/Travail/cross/chronoHB-devel/chronoHB/texlive/tex
mf-local/tex/latex/local/base/tex/pgf.cfg
File: pgf.cfg 2020/12/27 v3.1.8b (3.1.8b)
)
Driver file for pgf: pgfsys-luatex.def

(c:/Users/olikin/CloudStation/Travail/cross/chronoHB-devel/chronoHB/texlive/tex
mf-local/tex/latex/local/base/tex/pgfsys-luatex.def
File: pgfsys-luatex.def 2020/12/27 v3.1.8b (3.1.8b)

(c:/Users/olikin/CloudStation/Travail/cross/chronoHB-devel/chronoHB/texlive/tex
mf-local/tex/latex/local/base/tex/pgfsys-common-pdf.def
File: pgfsys-common-pdf.def 2020/12/27 v3.1.8b (3.1.8b)
)))
(c:/Users/olikin/CloudStation/Travail/cross/chronoHB-devel/chronoHB/texlive/tex
mf-local/tex/latex/local/base/tex/pgfsyssoftpath.code.tex
File: pgfsyssoftpath.code.tex 2020/12/27 v3.1.8b (3.1.8b)
\pgfsyssoftpath@smallbuffer@items=\count191
\pgfsyssoftpath@bigbuffer@items=\count192
)
(c:/Users/olikin/CloudStation/Travail/cross/chronoHB-devel/chronoHB/texlive/tex
mf-local/tex/latex/local/base/tex/pgfsysprotocol.code.tex
File: pgfsysprotocol.code.tex 2020/12/27 v3.1.8b (3.1.8b)
))
(c:/Users/olikin/CloudStation/Travail/cross/chronoHB-devel/chronoHB/texlive/202
0/texmf-dist/tex/latex/xcolor/xcolor.sty
Package: xcolor 2016/05/11 v2.12 LaTeX color extensions (UK)

(c:/Users/olikin/CloudStation/Travail/cross/chronoHB-devel/chronoHB/texlive/tex
mf-local/tex/latex/local/base/doc/version-for-dvisvgm/en/color.cfg)
Package xcolor Info: Driver file: luatex.def on input line 225.
Package xcolor Info: Model `cmy' substituted by `cmy0' on input line 1348.
Package xcolor Info: Model `hsb' substituted by `rgb' on input line 1352.
Package xcolor Info: Model `RGB' extended on input line 1364.
Package xcolor Info: Model `HTML' substituted by `rgb' on input line 1366.
Package xcolor Info: Model `Hsb' substituted by `hsb' on input line 1367.
Package xcolor Info: Model `tHsb' substituted by `hsb' on input line 1368.
Package xcolor Info: Model `HSB' substituted by `hsb' on input line 1369.
Package xcolor Info: Model `Gray' substituted by `gray' on input line 1370.
Package xcolor Info: Model `wave' substituted by `hsb' on input line 1371.
)
(c:/Users/olikin/CloudStation/Travail/cross/chronoHB-devel/chronoHB/texlive/tex
mf-local/tex/latex/local/base/tex/pgfcore.code.tex
Package: pgfcore 2020/12/27 v3.1.8b (3.1.8b)

(c:/Users/olikin/CloudStation/Travail/cross/chronoHB-devel/chronoHB/texlive/tex
mf-local/tex/latex/local/base/tex/pgfmath.code.tex
(c:/Users/olikin/CloudStation/Travail/cross/chronoHB-devel/chronoHB/texlive/tex
mf-local/tex/latex/local/base/tex/pgfmathcalc.code.tex
(c:/Users/olikin/CloudStation/Travail/cross/chronoHB-devel/chronoHB/texlive/tex
mf-local/tex/latex/local/base/tex/pgfmathutil.code.tex)
(c:/Users/olikin/CloudStation/Travail/cross/chronoHB-devel/chronoHB/texlive/tex
mf-local/tex/latex/local/base/tex/pgfmathparser.code.tex
\pgfmath@dimen=\dimen161
\pgfmath@count=\count193
\pgfmath@box=\box48
\pgfmath@toks=\toks24
\pgfmath@stack@operand=\toks25
\pgfmath@stack@operation=\toks26
)
(c:/Users/olikin/CloudStation/Travail/cross/chronoHB-devel/chronoHB/texlive/tex
mf-local/tex/latex/local/base/tex/pgfmathfunctions.code.tex
(c:/Users/olikin/CloudStation/Travail/cross/chronoHB-devel/chronoHB/texlive/tex
mf-local/tex/latex/local/base/tex/pgfmathfunctions.basic.code.tex)
(c:/Users/olikin/CloudStation/Travail/cross/chronoHB-devel/chronoHB/texlive/tex
mf-local/tex/latex/local/base/tex/pgfmathfunctions.trigonometric.code.tex)
(c:/Users/olikin/CloudStation/Travail/cross/chronoHB-devel/chronoHB/texlive/tex
mf-local/tex/latex/local/base/tex/pgfmathfunctions.random.code.tex)
(c:/Users/olikin/CloudStation/Travail/cross/chronoHB-devel/chronoHB/texlive/tex
mf-local/tex/latex/local/base/tex/pgfmathfunctions.comparison.code.tex)
(c:/Users/olikin/CloudStation/Travail/cross/chronoHB-devel/chronoHB/texlive/tex
mf-local/tex/latex/local/base/tex/pgfmathfunctions.base.code.tex)
(c:/Users/olikin/CloudStation/Travail/cross/chronoHB-devel/chronoHB/texlive/tex
mf-local/tex/latex/local/base/tex/pgfmathfunctions.round.code.tex)
(c:/Users/olikin/CloudStation/Travail/cross/chronoHB-devel/chronoHB/texlive/tex
mf-local/tex/latex/local/base/tex/pgfmathfunctions.misc.code.tex)
(c:/Users/olikin/CloudStation/Travail/cross/chronoHB-devel/chronoHB/texlive/tex
mf-local/tex/latex/local/base/tex/pgfmathfunctions.integerarithmetics.code.tex))
)
(c:/Users/olikin/CloudStation/Travail/cross/chronoHB-devel/chronoHB/texlive/tex
mf-local/tex/latex/local/base/tex/pgfmathfloat.code.tex
\c@pgfmathroundto@lastzeros=\count194
))
(c:/Users/olikin/CloudStation/Travail/cross/chronoHB-devel/chronoHB/texlive/tex
mf-local/tex/latex/local/base/tex/pgfint.code.tex)
(c:/Users/olikin/CloudStation/Travail/cross/chronoHB-devel/chronoHB/texlive/tex
mf-local/tex/latex/local/base/tex/pgfcorepoints.code.tex
File: pgfcorepoints.code.tex 2020/12/27 v3.1.8b (3.1.8b)
\pgf@picminx=\dimen162
\pgf@picmaxx=\dimen163
\pgf@picminy=\dimen164
\pgf@picmaxy=\dimen165
\pgf@pathminx=\dimen166
\pgf@pathmaxx=\dimen167
\pgf@pathminy=\dimen168
\pgf@pathmaxy=\dimen169
\pgf@xx=\dimen170
\pgf@xy=\dimen171
\pgf@yx=\dimen172
\pgf@yy=\dimen173
\pgf@zx=\dimen174
\pgf@zy=\dimen175
)
(c:/Users/olikin/CloudStation/Travail/cross/chronoHB-devel/chronoHB/texlive/tex
mf-local/tex/latex/local/base/tex/pgfcorepathconstruct.code.tex
File: pgfcorepathconstruct.code.tex 2020/12/27 v3.1.8b (3.1.8b)
\pgf@path@lastx=\dimen176
\pgf@path@lasty=\dimen177
)
(c:/Users/olikin/CloudStation/Travail/cross/chronoHB-devel/chronoHB/texlive/tex
mf-local/tex/latex/local/base/tex/pgfcorepathusage.code.tex
File: pgfcorepathusage.code.tex 2020/12/27 v3.1.8b (3.1.8b)
\pgf@shorten@end@additional=\dimen178
\pgf@shorten@start@additional=\dimen179
)
(c:/Users/olikin/CloudStation/Travail/cross/chronoHB-devel/chronoHB/texlive/tex
mf-local/tex/latex/local/base/tex/pgfcorescopes.code.tex
File: pgfcorescopes.code.tex 2020/12/27 v3.1.8b (3.1.8b)
\pgfpic=\box49
\pgf@hbox=\box50
\pgf@layerbox@main=\box51
\pgf@picture@serial@count=\count195
)
(c:/Users/olikin/CloudStation/Travail/cross/chronoHB-devel/chronoHB/texlive/tex
mf-local/tex/latex/local/base/tex/pgfcoregraphicstate.code.tex
File: pgfcoregraphicstate.code.tex 2020/12/27 v3.1.8b (3.1.8b)
\pgflinewidth=\dimen180
)
(c:/Users/olikin/CloudStation/Travail/cross/chronoHB-devel/chronoHB/texlive/tex
mf-local/tex/latex/local/base/tex/pgfcoretransformations.code.tex
File: pgfcoretransformations.code.tex 2020/12/27 v3.1.8b (3.1.8b)
\pgf@pt@x=\dimen181
\pgf@pt@y=\dimen182
\pgf@pt@temp=\dimen183
)
(c:/Users/olikin/CloudStation/Travail/cross/chronoHB-devel/chronoHB/texlive/tex
mf-local/tex/latex/local/base/tex/pgfcorequick.code.tex
File: pgfcorequick.code.tex 2020/12/27 v3.1.8b (3.1.8b)
)
(c:/Users/olikin/CloudStation/Travail/cross/chronoHB-devel/chronoHB/texlive/tex
mf-local/tex/latex/local/base/tex/pgfcoreobjects.code.tex
File: pgfcoreobjects.code.tex 2020/12/27 v3.1.8b (3.1.8b)
)
(c:/Users/olikin/CloudStation/Travail/cross/chronoHB-devel/chronoHB/texlive/tex
mf-local/tex/latex/local/base/tex/pgfcorepathprocessing.code.tex
File: pgfcorepathprocessing.code.tex 2020/12/27 v3.1.8b (3.1.8b)
)
(c:/Users/olikin/CloudStation/Travail/cross/chronoHB-devel/chronoHB/texlive/tex
mf-local/tex/latex/local/base/tex/pgfcorearrows.code.tex
File: pgfcorearrows.code.tex 2020/12/27 v3.1.8b (3.1.8b)
\pgfarrowsep=\dimen184
)
(c:/Users/olikin/CloudStation/Travail/cross/chronoHB-devel/chronoHB/texlive/tex
mf-local/tex/latex/local/base/tex/pgfcoreshade.code.tex
File: pgfcoreshade.code.tex 2020/12/27 v3.1.8b (3.1.8b)
\pgf@max=\dimen185
\pgf@sys@shading@range@num=\count196
\pgf@shadingcount=\count197
)
(c:/Users/olikin/CloudStation/Travail/cross/chronoHB-devel/chronoHB/texlive/tex
mf-local/tex/latex/local/base/tex/pgfcoreimage.code.tex
File: pgfcoreimage.code.tex 2020/12/27 v3.1.8b (3.1.8b)

(c:/Users/olikin/CloudStation/Travail/cross/chronoHB-devel/chronoHB/texlive/tex
mf-local/tex/latex/local/base/tex/pgfcoreexternal.code.tex
File: pgfcoreexternal.code.tex 2020/12/27 v3.1.8b (3.1.8b)
\pgfexternal@startupbox=\box52
))
(c:/Users/olikin/CloudStation/Travail/cross/chronoHB-devel/chronoHB/texlive/tex
mf-local/tex/latex/local/base/tex/pgfcorelayers.code.tex
File: pgfcorelayers.code.tex 2020/12/27 v3.1.8b (3.1.8b)
)
(c:/Users/olikin/CloudStation/Travail/cross/chronoHB-devel/chronoHB/texlive/tex
mf-local/tex/latex/local/base/tex/pgfcoretransparency.code.tex
File: pgfcoretransparency.code.tex 2020/12/27 v3.1.8b (3.1.8b)
)
(c:/Users/olikin/CloudStation/Travail/cross/chronoHB-devel/chronoHB/texlive/tex
mf-local/tex/latex/local/base/tex/pgfcorepatterns.code.tex
File: pgfcorepatterns.code.tex 2020/12/27 v3.1.8b (3.1.8b)
)
(c:/Users/olikin/CloudStation/Travail/cross/chronoHB-devel/chronoHB/texlive/tex
mf-local/tex/latex/local/base/tex/pgfcorerdf.code.tex
File: pgfcorerdf.code.tex 2020/12/27 v3.1.8b (3.1.8b)
)))
(c:/Users/olikin/CloudStation/Travail/cross/chronoHB-devel/chronoHB/texlive/tex
mf-local/tex/latex/local/base/tex/pgfmoduleshapes.code.tex
File: pgfmoduleshapes.code.tex 2020/12/27 v3.1.8b (3.1.8b)
\pgfnodeparttextbox=\box53
)
(c:/Users/olikin/CloudStation/Travail/cross/chronoHB-devel/chronoHB/texlive/tex
mf-local/tex/latex/local/base/tex/pgfmoduleplot.code.tex
File: pgfmoduleplot.code.tex 2020/12/27 v3.1.8b (3.1.8b)
)
(c:/Users/olikin/CloudStation/Travail/cross/chronoHB-devel/chronoHB/texlive/tex
mf-local/tex/latex/local/base/tex/pgfcomp-version-0-65.sty
Package: pgfcomp-version-0-65 2020/12/27 v3.1.8b (3.1.8b)
\pgf@nodesepstart=\dimen186
\pgf@nodesepend=\dimen187
)
(c:/Users/olikin/CloudStation/Travail/cross/chronoHB-devel/chronoHB/texlive/tex
mf-local/tex/latex/local/base/tex/pgfcomp-version-1-18.sty
Package: pgfcomp-version-1-18 2020/12/27 v3.1.8b (3.1.8b)
))
(c:/Users/olikin/CloudStation/Travail/cross/chronoHB-devel/chronoHB/texlive/tex
mf-local/tex/latex/local/base/tex/pgffor.sty
(c:/Users/olikin/CloudStation/Travail/cross/chronoHB-devel/chronoHB/texlive/tex
mf-local/tex/latex/local/base/tex/pgfkeys.sty
(c:/Users/olikin/CloudStation/Travail/cross/chronoHB-devel/chronoHB/texlive/tex
mf-local/tex/latex/local/base/tex/pgfkeys.code.tex))
(c:/Users/olikin/CloudStation/Travail/cross/chronoHB-devel/chronoHB/texlive/tex
mf-local/tex/latex/local/base/tex/pgfmath.sty
(c:/Users/olikin/CloudStation/Travail/cross/chronoHB-devel/chronoHB/texlive/tex
mf-local/tex/latex/local/base/tex/pgfmath.code.tex))
(c:/Users/olikin/CloudStation/Travail/cross/chronoHB-devel/chronoHB/texlive/tex
mf-local/tex/latex/local/base/tex/pgffor.code.tex
Package: pgffor 2020/12/27 v3.1.8b (3.1.8b)

(c:/Users/olikin/CloudStation/Travail/cross/chronoHB-devel/chronoHB/texlive/tex
mf-local/tex/latex/local/base/tex/pgfmath.code.tex)
\pgffor@iter=\dimen188
\pgffor@skip=\dimen189
\pgffor@stack=\toks27
\pgffor@toks=\toks28
))
(c:/Users/olikin/CloudStation/Travail/cross/chronoHB-devel/chronoHB/texlive/tex
mf-local/tex/latex/local/base/tex/tikz.code.tex
Package: tikz 2020/12/27 v3.1.8b (3.1.8b)

(c:/Users/olikin/CloudStation/Travail/cross/chronoHB-devel/chronoHB/texlive/tex
mf-local/tex/latex/local/base/tex/pgflibraryplothandlers.code.tex
File: pgflibraryplothandlers.code.tex 2020/12/27 v3.1.8b (3.1.8b)
\pgf@plot@mark@count=\count198
\pgfplotmarksize=\dimen190
)
\tikz@lastx=\dimen191
\tikz@lasty=\dimen192
\tikz@lastxsaved=\dimen193
\tikz@lastysaved=\dimen194
\tikz@lastmovetox=\dimen195
\tikz@lastmovetoy=\dimen196
\tikzleveldistance=\dimen197
\tikzsiblingdistance=\dimen198
\tikz@figbox=\box54
\tikz@figbox@bg=\box55
\tikz@tempbox=\box56
\tikz@tempbox@bg=\box57
\tikztreelevel=\count199
\tikznumberofchildren=\count266
\tikznumberofcurrentchild=\count267
\tikz@fig@count=\count268

(c:/Users/olikin/CloudStation/Travail/cross/chronoHB-devel/chronoHB/texlive/tex
mf-local/tex/latex/local/base/tex/pgfmodulematrix.code.tex
File: pgfmodulematrix.code.tex 2020/12/27 v3.1.8b (3.1.8b)
\pgfmatrixcurrentrow=\count269
\pgfmatrixcurrentcolumn=\count270
\pgf@matrix@numberofcolumns=\count271
)
\tikz@expandcount=\count272

(c:/Users/olikin/CloudStation/Travail/cross/chronoHB-devel/chronoHB/texlive/tex
mf-local/tex/latex/local/base/tex/tikzlibrarytopaths.code.tex
File: tikzlibrarytopaths.code.tex 2020/12/27 v3.1.8b (3.1.8b)
)))
(c:/Users/olikin/CloudStation/Travail/cross/chronoHB-devel/chronoHB/texlive/tex
mf-local/tex/latex/local/base/tex/tikzlibrarycalc.code.tex
File: tikzlibrarycalc.code.tex 2020/12/27 v3.1.8b (3.1.8b)
)
(c:/Users/olikin/CloudStation/Travail/cross/chronoHB-devel/chronoHB/texlive/202
0/texmf-dist/tex/latex/l3backend/l3backend-luatex.def
File: l3backend-luatex.def 2021-02-18 L3 backend support: PDF output (LuaTeX)
\l__color_backend_stack_int=\count273
\l__pdf_internal_box=\box58
)
No file dobble.aux.

\openout1 = dobble.aux
LaTeX Font Info:    Checking defaults for OML/cmm/m/it on input line 28.
LaTeX Font Info:    ... okay on input line 28.
LaTeX Font Info:    Checking defaults for OMS/cmsy/m/n on input line 28.
LaTeX Font Info:    ... okay on input line 28.
LaTeX Font Info:    Checking defaults for OT1/cmr/m/n on input line 28.
LaTeX Font Info:    ... okay on input line 28.
LaTeX Font Info:    Checking defaults for T1/cmr/m/n on input line 28.
LaTeX Font Info:    ... okay on input line 28.
LaTeX Font Info:    Checking defaults for TS1/cmr/m/n on input line 28.
LaTeX Font Info:    Trying to load font information for TS1+cmr on input line 28
.

(c:/Users/olikin/CloudStation/Travail/cross/chronoHB-devel/chronoHB/texlive/202
0/texmf-dist/tex/latex/base/ts1cmr.fd
File: ts1cmr.fd 2019/12/16 v2.5j Standard LaTeX font definitions
)
LaTeX Font Info:    ... okay on input line 28.
LaTeX Font Info:    Checking defaults for TU/lmr/m/n on input line 28.
LaTeX Font Info:    ... okay on input line 28.
LaTeX Font Info:    Checking defaults for OMX/cmex/m/n on input line 28.
LaTeX Font Info:    ... okay on input line 28.
LaTeX Font Info:    Checking defaults for U/cmr/m/n on input line 28.
LaTeX Font Info:    ... okay on input line 28.

*geometry* driver: auto-detecting
*geometry* detected driver: luatex
*geometry* verbose mode - [ preamble ] result:
* driver: luatex
* paper: custom
* layout: <same size as paper>
* layoutoffset:(h,v)=(0.0pt,0.0pt)
* modes: 
* h-part:(L,W,R)=(0.0pt, 227.62204pt, 0.0pt)
* v-part:(T,H,B)=(0.0pt, 227.62204pt, 0.0pt)
* \paperwidth=227.62204pt
* \paperheight=227.62204pt
* \textwidth=227.62204pt
* \textheight=227.62204pt
* \oddsidemargin=-72.26999pt
* \evensidemargin=-72.26999pt
* \topmargin=-109.26999pt
* \headheight=12.0pt
* \headsep=25.0pt
* \topskip=10.0pt
* \footskip=30.0pt
* \marginparwidth=65.0pt
* \marginparsep=11.0pt
* \columnsep=10.0pt
* \skip\footins=9.0pt plus 4.0pt minus 2.0pt
* \hoffset=0.0pt
* \voffset=0.0pt
* \mag=1000
* \@twocolumnfalse
* \@twosidefalse
* \@mparswitchfalse
* \@reversemarginfalse
* (1in=72.27pt=25.4mm, 1cm=28.453pt)


(c:/Users/olikin/CloudStation/Travail/cross/chronoHB-devel/chronoHB/texlive/202
0/texmf-dist/tex/context/base/mkii/supp-pdf.mkii
[Loading MPS to PDF converter (version 2006.09.02).]
\scratchcounter=\count274
\scratchdimen=\dimen199
\scratchbox=\box59
\nofMPsegments=\count275
\nofMParguments=\count276
\everyMPshowfont=\toks29
\MPscratchCnt=\count277
\MPscratchDim=\dimen256
\MPnumerator=\count278
\makeMPintoPDFobject=\count279
\everyMPtoPDFconversion=\toks30
)
(c:/Users/olikin/CloudStation/Travail/cross/chronoHB-devel/chronoHB/texlive/202
0/texmf-dist/tex/latex/epstopdf-pkg/epstopdf-base.sty
Package: epstopdf-base 2020-01-24 v2.11 Base part for package epstopdf
Package epstopdf-base Info: Redefining graphics rule for `.eps' on input line 48
5.

(c:/Users/olikin/CloudStation/Travail/cross/chronoHB-devel/chronoHB/texlive/202
0/texmf-dist/tex/latex/latexconfig/epstopdf-sys.cfg
File: epstopdf-sys.cfg 2010/07/13 v1.3 Configuration of (r)epstopdf for TeX Live

))[\directlua]:1: attempt to call a nil value (global 'dobble')
stack traceback:
	[\directlua]:1: in main chunk.
\dobble #1#2->\directlua { dobble("#1","#2"); }
                                                
l.29 \dobble{images/bclogo}{7}
                            
The lua interpreter ran into a problem, so the
remainder of this lua chunk will be ignored.

(./dobble.aux))

Here is how much of LuaTeX's memory you used:
 12384 strings out of 478543
 100000,662416 words of node,token memory allocated
 428 words of node memory still in use:
   3 hlist, 1 vlist, 1 rule, 2 glue, 3 kern, 1 glyph, 7 attribute, 48 glue_spec,
 7 attribute_list, 3 write, 1 pdf_colorstack nodes
   avail lists: 2:14,3:1,4:2,5:6,7:1,9:1
 31883 multiletter control sequences out of 65536+600000
 23 fonts using 2336263 bytes
 87i,1n,85p,414b,87s stack positions out of 5000i,500n,10000p,200000b,200000s

warning  (pdf backend): no pages of output.

PDF statistics: 4 PDF objects out of 1000 (max. 8388607)
 3 compressed objects within 1 object stream
 0 named destinations out of 1000 (max. 131072)
 16 words of extra memory for PDF output out of 10000 (max. 100000000)

