This is LuaTeX, Version 1.12.0 (TeX Live 2020/W32TeX)  (INITEX)  3 OCT 2021 13:22
 restricted system commands enabled.
**dvilualatex.ini

(c:/Users/olikin/CloudStation/Travail/cross/chronoHB-v1/chronoHB/texlive/2020/t
exmf-dist/tex/generic/tex-ini-files/dvilualatex.ini
(c:/Users/olikin/CloudStation/Travail/cross/chronoHB-v1/chronoHB/texlive/2020/t
exmf-dist/tex/generic/tex-ini-files/lualatex.ini
(c:/Users/olikin/CloudStation/Travail/cross/chronoHB-v1/chronoHB/texlive/2020/t
exmf-dist/tex/generic/tex-ini-files/luatexconfig.tex
(c:/Users/olikin/CloudStation/Travail/cross/chronoHB-v1/chronoHB/texlive/2020/t
exmf-config/tex/generic/tex-ini-files/pdftexconfig.tex))
(c:/Users/olikin/CloudStation/Travail/cross/chronoHB-v1/chronoHB/texlive/2020/t
exmf-dist/tex/latex/base/latex.ltx
(c:/Users/olikin/CloudStation/Travail/cross/chronoHB-v1/chronoHB/texlive/2020/t
exmf-dist/tex/latex/base/texsys.cfg)
\openout15 = texsys.aux

./texsys.aux found


\@currdir set to: ./.


Assuming \openin and \input 
have the same search path.


Defining UNIX/DOS style filename parser.

catcodes, registers,
\maxdimen=\dimen10
\hideskip=\skip10
\p@=\dimen11
\z@=\dimen12
\z@skip=\skip11
\voidb@x=\box10
 parameters,
\normalbaselineskip=\skip12
\normallineskip=\skip13
\normallineskiplimit=\dimen13
\interfootnotelinepenalty=\count23
\strutbox=\box11

LaTeX2e <2020-10-01> patch level 4
\catcodetable@initex=\catcodetable1
\catcodetable@string=\catcodetable2
\catcodetable@latex=\catcodetable3
\catcodetable@atletter=\catcodetable4

(c:/Users/olikin/CloudStation/Travail/cross/chronoHB-v1/chronoHB/texlive/2020/t
exmf-dist/tex/latex/l3kernel/expl3.ltx
(c:/Users/olikin/CloudStation/Travail/cross/chronoHB-v1/chronoHB/texlive/2020/t
exmf-dist/tex/latex/l3kernel/expl3-code.tex
Package: expl3 2021-02-18 L3 programming layer (code)
Lua function tex_strcmp:D = 1
Lua function tex_Ucharcat:D = 2
Lua function tex_filesize:D = 3
Lua function tex_mdfivesum:D = 4
Lua function tex_filemoddate:D = 5
Lua function tex_filedump:D = 6
Lua function __sys_shell_now:e = 7
Lua function __sys_shell_shipout:e = 8
Lua function __token_if_primitive_lua:N = 9
\c_max_int=\count24
\l_tmpa_int=\count25
\l_tmpb_int=\count26
\g_tmpa_int=\count27
\g_tmpb_int=\count28
\l__seq_internal_a_int=\count29
\l__seq_internal_b_int=\count30
\g__kernel_prg_map_int=\count31
\c__ior_term_noprompt_ior=\count32
\c_log_iow=\count33
\l_iow_line_count_int=\count34
\l__iow_line_target_int=\count35
\l__iow_one_indent_int=\count36
\l__iow_indent_int=\count37
\c_zero_dim=\dimen14
\c_max_dim=\dimen15
\l_tmpa_dim=\dimen16
\l_tmpb_dim=\dimen17
\g_tmpa_dim=\dimen18
\g_tmpb_dim=\dimen19
\c_zero_skip=\skip14
\c_max_skip=\skip15
\l_tmpa_skip=\skip16
\l_tmpb_skip=\skip17
\g_tmpa_skip=\skip18
\g_tmpb_skip=\skip19
\c_zero_muskip=\muskip10
\c_max_muskip=\muskip11
\l_tmpa_muskip=\muskip12
\l_tmpb_muskip=\muskip13
\g_tmpa_muskip=\muskip14
\g_tmpb_muskip=\muskip15
\l_keys_choice_int=\count38
\l__intarray_loop_int=\count39
\c__intarray_sp_dim=\dimen20
\g__intarray_font_int=\count40
\c__fp_leading_shift_int=\count41
\c__fp_middle_shift_int=\count42
\c__fp_trailing_shift_int=\count43
\c__fp_big_leading_shift_int=\count44
\c__fp_big_middle_shift_int=\count45
\c__fp_big_trailing_shift_int=\count46
\c__fp_Bigg_leading_shift_int=\count47
\c__fp_Bigg_middle_shift_int=\count48
\c__fp_Bigg_trailing_shift_int=\count49
\g__fp_array_int=\count50
\l__fp_array_loop_int=\count51
\g__cctab_allocate_int=\count52
\g__cctab_internal_cctab=\catcodetable5
\c_initex_cctab=\catcodetable6
\c_other_cctab=\catcodetable7
\g__cctab_internali_cctab=\catcodetable8
\c_str_cctab=\catcodetable9
\l__sort_length_int=\count53
\l__sort_min_int=\count54
\l__sort_top_int=\count55
\l__sort_max_int=\count56
\l__sort_true_max_int=\count57
\l__sort_block_int=\count58
\l__sort_begin_int=\count59
\l__sort_end_int=\count60
\l__sort_A_int=\count61
\l__sort_B_int=\count62
\l__sort_C_int=\count63
\l__str_modulo_int=\count64
\l__tl_analysis_normal_int=\count65
\l__tl_analysis_index_int=\count66
\l__tl_analysis_nesting_int=\count67
\l__tl_analysis_type_int=\count68
\l__tl_peek_charcode_int=\count69
\l__regex_internal_a_int=\count70
\l__regex_internal_b_int=\count71
\l__regex_internal_c_int=\count72
\l__regex_balance_int=\count73
\l__regex_group_level_int=\count74
\l__regex_mode_int=\count75
\c__regex_cs_in_class_mode_int=\count76
\c__regex_cs_mode_int=\count77
\l__regex_catcodes_int=\count78
\l__regex_default_catcodes_int=\count79
\c__regex_catcode_L_int=\count80
\c__regex_catcode_O_int=\count81
\c__regex_catcode_A_int=\count82
\c__regex_all_catcodes_int=\count83
\l__regex_show_lines_int=\count84
\l__regex_min_state_int=\count85
\l__regex_max_state_int=\count86
\l__regex_left_state_int=\count87
\l__regex_right_state_int=\count88
\l__regex_capturing_group_int=\count89
\l__regex_min_pos_int=\count90
\l__regex_max_pos_int=\count91
\l__regex_curr_pos_int=\count92
\l__regex_start_pos_int=\count93
\l__regex_success_pos_int=\count94
\l__regex_curr_char_int=\count95
\l__regex_curr_catcode_int=\count96
\l__regex_last_char_int=\count97
\l__regex_last_char_success_int=\count98
\l__regex_case_changed_char_int=\count99
\l__regex_curr_state_int=\count100
\l__regex_step_int=\count101
\l__regex_min_thread_int=\count102
\l__regex_max_thread_int=\count103
\l__regex_replacement_csnames_int=\count104
\l__regex_match_count_int=\count105
\l__regex_min_submatch_int=\count106
\l__regex_submatch_int=\count107
\l__regex_zeroth_submatch_int=\count108
\g__regex_trace_regex_int=\count109
\c_empty_box=\box12
\l_tmpa_box=\box13
\l_tmpb_box=\box14
\g_tmpa_box=\box15
\g_tmpb_box=\box16
\l__box_top_dim=\dimen21
\l__box_bottom_dim=\dimen22
\l__box_left_dim=\dimen23
\l__box_right_dim=\dimen24
\l__box_top_new_dim=\dimen25
\l__box_bottom_new_dim=\dimen26
\l__box_left_new_dim=\dimen27
\l__box_right_new_dim=\dimen28
\l__box_internal_box=\box17
\l__color_internal_int=\count110
\g__color_model_int=\count111
\l__coffin_internal_box=\box18
\l__coffin_internal_dim=\dimen29
\l__coffin_offset_x_dim=\dimen30
\l__coffin_offset_y_dim=\dimen31
\l__coffin_x_dim=\dimen32
\l__coffin_y_dim=\dimen33
\l__coffin_x_prime_dim=\dimen34
\l__coffin_y_prime_dim=\dimen35
\c_empty_coffin=\box19
\l__coffin_aligned_coffin=\box20
\l__coffin_aligned_internal_coffin=\box21
\l_tmpa_coffin=\box22
\l_tmpb_coffin=\box23
\g_tmpa_coffin=\box24
\g_tmpb_coffin=\box25
\l__coffin_bounding_shift_dim=\dimen36
\l__coffin_left_corner_dim=\dimen37
\l__coffin_right_corner_dim=\dimen38
\l__coffin_bottom_corner_dim=\dimen39
\l__coffin_top_corner_dim=\dimen40
\l__coffin_scaled_total_height_dim=\dimen41
\l__coffin_scaled_width_dim=\dimen42
\c__coffin_empty_coffin=\box26
\l__coffin_display_coffin=\box27
\l__coffin_display_coord_coffin=\box28
\l__coffin_display_pole_coffin=\box29
\l__coffin_display_offset_dim=\dimen43
\l__coffin_display_x_dim=\dimen44
\l__coffin_display_y_dim=\dimen45
\g__char_data_ior=\read0

(c:/Users/olikin/CloudStation/Travail/cross/chronoHB-v1/chronoHB/texlive/2020/t
exmf-dist/tex/latex/l3kernel/l3deprecation.def
File: l3deprecation.def 2019-04-06 v L3 Deprecated functions
)))
(c:/Users/olikin/CloudStation/Travail/cross/chronoHB-v1/chronoHB/texlive/2020/t
exmf-dist/tex/latex/l3packages/xparse/xparse.ltx
(c:/Users/olikin/CloudStation/Travail/cross/chronoHB-v1/chronoHB/texlive/2020/t
exmf-dist/tex/latex/l3packages/xparse/xparse-generic.tex
\l__xparse_current_arg_int=\count112
\g__xparse_grabber_int=\count113
\l__xparse_m_args_int=\count114
\l__xparse_v_nesting_int=\count115
)) hacks,
\l__hook_labels_int=\count116

LaTeX3 Info: Defining command \NewHook with sig. 'm' on line 2633.


LaTeX3 Info: Defining command \NewReversedHook with sig. 'm' on line 2634.


LaTeX3 Info: Defining command \NewMirroredHookPair with sig. 'mm' on line
(LaTeX3)     2635.


LaTeX3 Info: Defining command \AddToHook with sig. 'mo+m' on line 2637.


LaTeX3 Info: Defining command \AddToHookNext with sig. 'm+m' on line 2639.


LaTeX3 Info: Defining command \RemoveFromHook with sig. 'mo' on line 2641.


LaTeX3 Info: Defining command \SetDefaultHookLabel with sig. 'm' on line 2687.


LaTeX3 Info: Defining command \DeclareDefaultHookLabel with sig. 'm' on line
(LaTeX3)     2701.


LaTeX3 Info: Defining command \PushDefaultHookLabel with sig. 'm' on line
(LaTeX3)     2703.


LaTeX3 Info: Defining command \PopDefaultHookLabel with sig. '' on line 2705.


LaTeX3 Info: Defining command \DeclareHookRule with sig. 'mmmm' on line 2719.


LaTeX3 Info: Defining command \DeclareDefaultHookRule with sig. 'mmm' on line
(LaTeX3)     2721.


LaTeX3 Info: Defining command \ClearHookRule with sig. 'mmm' on line 2724.

\@tempcnta=\count117
\@tempcntb=\count118
\@tempdima=\dimen46
\@tempdimb=\dimen47
\@tempdimc=\dimen48
\@tempboxa=\box30
\@tempskipa=\skip20
\@tempskipb=\skip21
\@temptokena=\toks10
\@flushglue=\skip22
 control,
par, spacing,
\@savsk=\dimen49
\@savsf=\count119
\smallskipamount=\skip23
\medskipamount=\skip24
\bigskipamount=\skip25
\fill=\skip26
 files,
\@inputcheck=\read1
\@unused=\write0
\@mainaux=\write1
\@partaux=\write2
\@clubpenalty=\count120
LaTeX Info: Redefining \IfFileExists on input line 3467.
 font encodings, lengths,
\everymath=\toks11
\everydisplay=\toks12
\series@check@toks=\toks13
\every@math@size=\toks14
\lower@bound=\dimen50
\upper@bound=\dimen51
\c@mv@normal=\count121
\c@mv@bold=\count122

====================================

Local config file fonttext.cfg used

====================================

(c:/Users/olikin/CloudStation/Travail/cross/chronoHB-v1/chronoHB/texlive/2020/t
exmf-dist/tex/latex/base/fonttext.cfg
File: fonttext.cfg 2020/08/01 v3.0i LaTeX Kernel (Uncustomised text font setup)

(c:/Users/olikin/CloudStation/Travail/cross/chronoHB-v1/chronoHB/texlive/2020/t
exmf-dist/tex/latex/base/fonttext.ltx
File: fonttext.ltx 2020/08/01 v3.0i LaTeX Kernel (Text font setup)

=== Don't modify this file, use a .cfg file instead ===


(c:/Users/olikin/CloudStation/Travail/cross/chronoHB-v1/chronoHB/texlive/2020/t
exmf-dist/tex/latex/base/omlenc.def
File: omlenc.def 2020/08/10 v2.0s Standard LaTeX file
)
(c:/Users/olikin/CloudStation/Travail/cross/chronoHB-v1/chronoHB/texlive/2020/t
exmf-dist/tex/latex/base/omsenc.def
File: omsenc.def 2020/08/10 v2.0s Standard LaTeX file
)
(c:/Users/olikin/CloudStation/Travail/cross/chronoHB-v1/chronoHB/texlive/2020/t
exmf-dist/tex/latex/base/ot1enc.def
File: ot1enc.def 2020/08/10 v2.0s Standard LaTeX file
)
(c:/Users/olikin/CloudStation/Travail/cross/chronoHB-v1/chronoHB/texlive/2020/t
exmf-dist/tex/latex/base/t1enc.def
File: t1enc.def 2020/08/10 v2.0s Standard LaTeX file
)
(c:/Users/olikin/CloudStation/Travail/cross/chronoHB-v1/chronoHB/texlive/2020/t
exmf-dist/tex/latex/base/ts1enc.def
File: ts1enc.def 2001/06/05 v3.0e (jk/car/fm) Standard LaTeX file
)
(c:/Users/olikin/CloudStation/Travail/cross/chronoHB-v1/chronoHB/texlive/2020/t
exmf-dist/tex/latex/base/tuenc.def
File: tuenc.def 2020/08/10 v2.0s Standard LaTeX file
\@remove@tlig@@@@=\luafunction10
)
LaTeX Font Info:    Trying to load font information for TU+lmr on input line 61.


(c:/Users/olikin/CloudStation/Travail/cross/chronoHB-v1/chronoHB/texlive/2020/t
exmf-dist/tex/latex/base/tulmr.fd
File: tulmr.fd 2017/01/26 v1.8 Standard LaTeX font definitions for Latin Modern
)
LaTeX Font Info:    Trying to load font information for TU+lmss on input line 62
.

(c:/Users/olikin/CloudStation/Travail/cross/chronoHB-v1/chronoHB/texlive/2020/t
exmf-dist/tex/latex/base/tulmss.fd
File: tulmss.fd 2017/01/26 v1.8 Standard LaTeX font definitions for Latin Modern

)
LaTeX Font Info:    Trying to load font information for TU+lmtt on input line 63
.

(c:/Users/olikin/CloudStation/Travail/cross/chronoHB-v1/chronoHB/texlive/2020/t
exmf-dist/tex/latex/base/tulmtt.fd
File: tulmtt.fd 2017/01/26 v1.8 Standard LaTeX font definitions for Latin Modern

)
LaTeX Font Info:    Trying to load font information for TS1+lmr on input line 67
.

(c:/Users/olikin/CloudStation/Travail/cross/chronoHB-v1/chronoHB/texlive/2020/t
exmf-dist/tex/latex/lm/ts1lmr.fd
File: ts1lmr.fd 2009/10/30 v1.6 Font defs for Latin Modern
)
(c:/Users/olikin/CloudStation/Travail/cross/chronoHB-v1/chronoHB/texlive/2020/t
exmf-dist/tex/latex/base/t1cmr.fd
File: t1cmr.fd 2019/12/16 v2.5j Standard LaTeX font definitions
)
(c:/Users/olikin/CloudStation/Travail/cross/chronoHB-v1/chronoHB/texlive/2020/t
exmf-dist/tex/latex/base/ot1cmr.fd
File: ot1cmr.fd 2019/12/16 v2.5j Standard LaTeX font definitions
)
(c:/Users/olikin/CloudStation/Travail/cross/chronoHB-v1/chronoHB/texlive/2020/t
exmf-dist/tex/latex/base/ot1cmss.fd
File: ot1cmss.fd 2019/12/16 v2.5j Standard LaTeX font definitions
)
(c:/Users/olikin/CloudStation/Travail/cross/chronoHB-v1/chronoHB/texlive/2020/t
exmf-dist/tex/latex/base/ot1cmtt.fd
File: ot1cmtt.fd 2019/12/16 v2.5j Standard LaTeX font definitions
)))
====================================

Local config file fontmath.cfg used

====================================

(c:/Users/olikin/CloudStation/Travail/cross/chronoHB-v1/chronoHB/texlive/2020/t
exmf-dist/tex/latex/base/fontmath.cfg
File: fontmath.cfg 2020/08/01 v3.0i LaTeX Kernel (Uncustomised math font setup)

(c:/Users/olikin/CloudStation/Travail/cross/chronoHB-v1/chronoHB/texlive/2020/t
exmf-dist/tex/latex/base/fontmath.ltx
File: fontmath.ltx 2020/08/01 v3.0i LaTeX Kernel (Math font setup)

=== Don't modify this file, use a .cfg file instead ===

LaTeX Font Info:    Redeclaring font encoding OML on input line 44.
LaTeX Font Info:    Redeclaring font encoding OMS on input line 45.

(c:/Users/olikin/CloudStation/Travail/cross/chronoHB-v1/chronoHB/texlive/2020/t
exmf-dist/tex/latex/base/omlcmm.fd
File: omlcmm.fd 2019/12/16 v2.5j Standard LaTeX font definitions
)
(c:/Users/olikin/CloudStation/Travail/cross/chronoHB-v1/chronoHB/texlive/2020/t
exmf-dist/tex/latex/base/omscmsy.fd
File: omscmsy.fd 2019/12/16 v2.5j Standard LaTeX font definitions
)
(c:/Users/olikin/CloudStation/Travail/cross/chronoHB-v1/chronoHB/texlive/2020/t
exmf-dist/tex/latex/base/omxcmex.fd
File: omxcmex.fd 2019/12/16 v2.5j Standard LaTeX font definitions
)
(c:/Users/olikin/CloudStation/Travail/cross/chronoHB-v1/chronoHB/texlive/2020/t
exmf-dist/tex/latex/base/ucmr.fd
File: ucmr.fd 2019/12/16 v2.5j Standard LaTeX font definitions
)
\symoperators=\mathgroup0
\symletters=\mathgroup1
\symsymbols=\mathgroup2
\symlargesymbols=\mathgroup3
LaTeX Font Info:    Overwriting symbol font `operators' in version `bold'
(Font)                  OT1/cmr/m/n --> OT1/cmr/bx/n on input line 63.
LaTeX Font Info:    Overwriting symbol font `letters' in version `bold'
(Font)                  OML/cmm/m/it --> OML/cmm/b/it on input line 64.
LaTeX Font Info:    Overwriting symbol font `symbols' in version `bold'
(Font)                  OMS/cmsy/m/n --> OMS/cmsy/b/n on input line 65.
LaTeX Font Info:    Overwriting math alphabet `\mathsf' in version `bold'
(Font)                  OT1/cmss/m/n --> OT1/cmss/bx/n on input line 73.
LaTeX Font Info:    Overwriting math alphabet `\mathit' in version `bold'
(Font)                  OT1/cmr/m/it --> OT1/cmr/bx/it on input line 74.
))
====================================

Local config file preload.cfg used

=====================================

(c:/Users/olikin/CloudStation/Travail/cross/chronoHB-v1/chronoHB/texlive/2020/t
exmf-dist/tex/latex/base/preload.cfg
File: preload.cfg 2020/08/01 v3.0i LaTeX Kernel (Uncustomised preload font setup
)

(c:/Users/olikin/CloudStation/Travail/cross/chronoHB-v1/chronoHB/texlive/2020/t
exmf-dist/tex/latex/base/preload.ltx
File: preload.ltx 2014/09/29 v2.1g LaTeX Kernel (Font Preloading)
))
LaTeX Font Info:    Setting ? sub-encoding to TS1/9 on input line 7013.
LaTeX Font Info:    Setting ccr sub-encoding to TS1/0 on input line 7014.
LaTeX Font Info:    Setting cmbr sub-encoding to TS1/0 on input line 7015.
LaTeX Font Info:    Setting cmr sub-encoding to TS1/0 on input line 7016.
LaTeX Font Info:    Setting cmss sub-encoding to TS1/0 on input line 7017.
LaTeX Font Info:    Setting cmtl sub-encoding to TS1/0 on input line 7018.
LaTeX Font Info:    Setting cmtt sub-encoding to TS1/0 on input line 7019.
LaTeX Font Info:    Setting cmvtt sub-encoding to TS1/0 on input line 7020.
LaTeX Font Info:    Setting pxr sub-encoding to TS1/0 on input line 7021.
LaTeX Font Info:    Setting pxss sub-encoding to TS1/0 on input line 7022.
LaTeX Font Info:    Setting pxtt sub-encoding to TS1/0 on input line 7023.
LaTeX Font Info:    Setting qag sub-encoding to TS1/0 on input line 7024.
LaTeX Font Info:    Setting qbk sub-encoding to TS1/0 on input line 7025.
LaTeX Font Info:    Setting qcr sub-encoding to TS1/0 on input line 7026.
LaTeX Font Info:    Setting qcs sub-encoding to TS1/0 on input line 7027.
LaTeX Font Info:    Setting qhvc sub-encoding to TS1/0 on input line 7028.
LaTeX Font Info:    Setting qhv sub-encoding to TS1/0 on input line 7029.
LaTeX Font Info:    Setting qpl sub-encoding to TS1/0 on input line 7030.
LaTeX Font Info:    Setting qtm sub-encoding to TS1/0 on input line 7031.
LaTeX Font Info:    Setting qzc sub-encoding to TS1/0 on input line 7032.
LaTeX Font Info:    Setting txr sub-encoding to TS1/0 on input line 7033.
LaTeX Font Info:    Setting txss sub-encoding to TS1/0 on input line 7034.
LaTeX Font Info:    Setting txtt sub-encoding to TS1/0 on input line 7035.
LaTeX Font Info:    Setting lmr sub-encoding to TS1/1 on input line 7036.
LaTeX Font Info:    Setting lmdh sub-encoding to TS1/1 on input line 7037.
LaTeX Font Info:    Setting lmss sub-encoding to TS1/1 on input line 7038.
LaTeX Font Info:    Setting lmssq sub-encoding to TS1/1 on input line 7039.
LaTeX Font Info:    Setting lmvtt sub-encoding to TS1/1 on input line 7040.
LaTeX Font Info:    Setting lmtt sub-encoding to TS1/1 on input line 7041.
LaTeX Font Info:    Setting ptmx sub-encoding to TS1/2 on input line 7042.
LaTeX Font Info:    Setting ptmj sub-encoding to TS1/2 on input line 7043.
LaTeX Font Info:    Setting ul8 sub-encoding to TS1/2 on input line 7044.
LaTeX Font Info:    Setting bch sub-encoding to TS1/5 on input line 7045.
LaTeX Font Info:    Setting futj sub-encoding to TS1/5 on input line 7046.
LaTeX Font Info:    Setting futs sub-encoding to TS1/5 on input line 7047.
LaTeX Font Info:    Setting futx sub-encoding to TS1/5 on input line 7048.
LaTeX Font Info:    Setting pag sub-encoding to TS1/5 on input line 7049.
LaTeX Font Info:    Setting pbk sub-encoding to TS1/5 on input line 7050.
LaTeX Font Info:    Setting pcr sub-encoding to TS1/5 on input line 7051.
LaTeX Font Info:    Setting phv sub-encoding to TS1/5 on input line 7052.
LaTeX Font Info:    Setting pnc sub-encoding to TS1/5 on input line 7053.
LaTeX Font Info:    Setting pplj sub-encoding to TS1/5 on input line 7054.
LaTeX Font Info:    Setting pplx sub-encoding to TS1/5 on input line 7055.
LaTeX Font Info:    Setting ppl sub-encoding to TS1/5 on input line 7056.
LaTeX Font Info:    Setting ptm sub-encoding to TS1/5 on input line 7057.
LaTeX Font Info:    Setting pzc sub-encoding to TS1/5 on input line 7058.
LaTeX Font Info:    Setting ul9 sub-encoding to TS1/5 on input line 7059.
LaTeX Font Info:    Setting dayroms sub-encoding to TS1/6 on input line 7060.
LaTeX Font Info:    Setting dayrom sub-encoding to TS1/6 on input line 7061.
LaTeX Font Info:    Setting augie sub-encoding to TS1/8 on input line 7062.
LaTeX Font Info:    Setting put sub-encoding to TS1/8 on input line 7063.
LaTeX Font Info:    Setting uag sub-encoding to TS1/8 on input line 7064.
LaTeX Font Info:    Setting ugq sub-encoding to TS1/8 on input line 7065.
LaTeX Font Info:    Setting zi4 sub-encoding to TS1/9 on input line 7066.
LaTeX Font Info:    Setting hls sub-encoding to TS1/5 on input line 7067.
LaTeX Font Info:    Setting hlst sub-encoding to TS1/5 on input line 7068.
LaTeX Font Info:    Setting hlct sub-encoding to TS1/5 on input line 7069.
LaTeX Font Info:    Setting hlh sub-encoding to TS1/5 on input line 7070.
LaTeX Font Info:    Setting hlx sub-encoding to TS1/8 on input line 7071.
LaTeX Font Info:    Setting hlce sub-encoding to TS1/8 on input line 7072.
LaTeX Font Info:    Setting hlcn sub-encoding to TS1/8 on input line 7073.
LaTeX Font Info:    Setting hlcw sub-encoding to TS1/8 on input line 7074.
LaTeX Font Info:    Setting hlcf sub-encoding to TS1/8 on input line 7075.
LaTeX Font Info:    Setting lato-LF sub-encoding to TS1/0 on input line 7076.
LaTeX Font Info:    Setting lato-TLF sub-encoding to TS1/0 on input line 7076.
LaTeX Font Info:    Setting lato-OsF sub-encoding to TS1/0 on input line 7076.
LaTeX Font Info:    Setting lato-TOsF sub-encoding to TS1/0 on input line 7076.
LaTeX Font Info:    Setting opensans-LF sub-encoding to TS1/0 on input line 7077
.
LaTeX Font Info:    Setting opensans-TLF sub-encoding to TS1/0 on input line 707
7.
LaTeX Font Info:    Setting opensans-OsF sub-encoding to TS1/0 on input line 707
7.
LaTeX Font Info:    Setting opensans-TOsF sub-encoding to TS1/0 on input line 70
77.
LaTeX Font Info:    Setting cantarell-LF sub-encoding to TS1/0 on input line 707
8.
LaTeX Font Info:    Setting cantarell-TLF sub-encoding to TS1/0 on input line 70
78.
LaTeX Font Info:    Setting cantarell-OsF sub-encoding to TS1/0 on input line 70
78.
LaTeX Font Info:    Setting cantarell-TOsF sub-encoding to TS1/0 on input line 7
078.
LaTeX Font Info:    Setting fbb-LF sub-encoding to TS1/0 on input line 7079.
LaTeX Font Info:    Setting fbb-TLF sub-encoding to TS1/0 on input line 7079.
LaTeX Font Info:    Setting fbb-OsF sub-encoding to TS1/0 on input line 7079.
LaTeX Font Info:    Setting fbb-TOsF sub-encoding to TS1/0 on input line 7079.
LaTeX Font Info:    Setting tli sub-encoding to TS1/1 on input line 7080.
LaTeX Font Info:    Setting Alegreya-LF sub-encoding to TS1/2 on input line 7081
.
LaTeX Font Info:    Setting Alegreya-TLF sub-encoding to TS1/2 on input line 708
1.
LaTeX Font Info:    Setting Alegreya-OsF sub-encoding to TS1/2 on input line 708
1.
LaTeX Font Info:    Setting Alegreya-TOsF sub-encoding to TS1/2 on input line 70
81.
LaTeX Font Info:    Setting AlegreyaSans-LF sub-encoding to TS1/2 on input line 
7082.
LaTeX Font Info:    Setting AlegreyaSans-TLF sub-encoding to TS1/2 on input line
 7082.
LaTeX Font Info:    Setting AlegreyaSans-OsF sub-encoding to TS1/2 on input line
 7082.
LaTeX Font Info:    Setting AlegreyaSans-TOsF sub-encoding to TS1/2 on input lin
e 7082.
LaTeX Font Info:    Setting DejaVuSans-TLF sub-encoding to TS1/2 on input line 7
083.
LaTeX Font Info:    Setting DejaVuSansCondensed-TLF sub-encoding to TS1/2 on inp
ut line 7084.
LaTeX Font Info:    Setting DejaVuSansMono-TLF sub-encoding to TS1/2 on input li
ne 7085.
LaTeX Font Info:    Setting EBGaramond-LF sub-encoding to TS1/2 on input line 70
86.
LaTeX Font Info:    Setting EBGaramond-TLF sub-encoding to TS1/2 on input line 7
086.
LaTeX Font Info:    Setting EBGaramond-OsF sub-encoding to TS1/2 on input line 7
086.
LaTeX Font Info:    Setting EBGaramond-TOsF sub-encoding to TS1/2 on input line 
7086.
LaTeX Font Info:    Setting Tempora-TLF sub-encoding to TS1/2 on input line 7087
.
LaTeX Font Info:    Setting Tempora-TOsF sub-encoding to TS1/2 on input line 708
8.
LaTeX Font Info:    Setting Arimo-TLF sub-encoding to TS1/3 on input line 7089.
LaTeX Font Info:    Setting Carlito-LF sub-encoding to TS1/3 on input line 7090.

LaTeX Font Info:    Setting Carlito-TLF sub-encoding to TS1/3 on input line 7090
.
LaTeX Font Info:    Setting Carlito-OsF sub-encoding to TS1/3 on input line 7090
.
LaTeX Font Info:    Setting Carlito-TOsF sub-encoding to TS1/3 on input line 709
0.
LaTeX Font Info:    Setting FiraSans-LF sub-encoding to TS1/3 on input line 7091
.
LaTeX Font Info:    Setting FiraSans-TLF sub-encoding to TS1/3 on input line 709
1.
LaTeX Font Info:    Setting FiraSans-OsF sub-encoding to TS1/3 on input line 709
1.
LaTeX Font Info:    Setting FiraSans-TOsF sub-encoding to TS1/3 on input line 70
91.
LaTeX Font Info:    Setting IBMPlexSans-TLF sub-encoding to TS1/3 on input line 
7092.
LaTeX Font Info:    Setting Merriweather-OsF sub-encoding to TS1/3 on input line
 7093.
LaTeX Font Info:    Setting Montserrat-LF sub-encoding to TS1/3 on input line 70
94.
LaTeX Font Info:    Setting Montserrat-TLF sub-encoding to TS1/3 on input line 7
094.
LaTeX Font Info:    Setting Montserrat-OsF sub-encoding to TS1/3 on input line 7
094.
LaTeX Font Info:    Setting Montserrat-TOsF sub-encoding to TS1/3 on input line 
7094.
LaTeX Font Info:    Setting MontserratAlternates-LF sub-encoding to TS1/3 on inp
ut line 7095.
LaTeX Font Info:    Setting MontserratAlternates-TLF sub-encoding to TS1/3 on in
put line 7095.
LaTeX Font Info:    Setting MontserratAlternates-OsF sub-encoding to TS1/3 on in
put line 7095.
LaTeX Font Info:    Setting MontserratAlternates-TOsF sub-encoding to TS1/3 on i
nput line 7095.
LaTeX Font Info:    Setting SourceCodePro-TLF sub-encoding to TS1/3 on input lin
e 7096.
LaTeX Font Info:    Setting SourceCodePro-TOsF sub-encoding to TS1/3 on input li
ne 7097.
LaTeX Font Info:    Setting SourceSansPro-LF sub-encoding to TS1/3 on input line
 7098.
LaTeX Font Info:    Setting SourceSansPro-TLF sub-encoding to TS1/3 on input lin
e 7098.
LaTeX Font Info:    Setting SourceSansPro-OsF sub-encoding to TS1/3 on input lin
e 7098.
LaTeX Font Info:    Setting SourceSansPro-TOsF sub-encoding to TS1/3 on input li
ne 7098.
LaTeX Font Info:    Setting SourceSerifPro-LF sub-encoding to TS1/3 on input lin
e 7099.
LaTeX Font Info:    Setting SourceSerifPro-TLF sub-encoding to TS1/3 on input li
ne 7099.
LaTeX Font Info:    Setting SourceSerifPro-OsF sub-encoding to TS1/3 on input li
ne 7099.
LaTeX Font Info:    Setting SourceSerifPro-TOsF sub-encoding to TS1/3 on input l
ine 7099.
LaTeX Font Info:    Setting Tinos-TLF sub-encoding to TS1/3 on input line 7100.
LaTeX Font Info:    Setting AccanthisADFStdNoThree-LF sub-encoding to TS1/4 on i
nput line 7101.
LaTeX Font Info:    Setting Cabin-TLF sub-encoding to TS1/4 on input line 7102.
LaTeX Font Info:    Setting Caladea-TLF sub-encoding to TS1/4 on input line 7103
.
LaTeX Font Info:    Setting Chivo-LF sub-encoding to TS1/4 on input line 7104.
LaTeX Font Info:    Setting Chivo-TLF sub-encoding to TS1/4 on input line 7104.
LaTeX Font Info:    Setting Chivo-OsF sub-encoding to TS1/4 on input line 7104.
LaTeX Font Info:    Setting Chivo-TOsF sub-encoding to TS1/4 on input line 7104.

LaTeX Font Info:    Setting ClearSans-TLF sub-encoding to TS1/4 on input line 71
05.
LaTeX Font Info:    Setting Coelacanth-LF sub-encoding to TS1/4 on input line 71
06.
LaTeX Font Info:    Setting CrimsonPro-LF sub-encoding to TS1/4 on input line 71
07.
LaTeX Font Info:    Setting CrimsonPro-TLF sub-encoding to TS1/4 on input line 7
107.
LaTeX Font Info:    Setting CrimsonPro-OsF sub-encoding to TS1/4 on input line 7
107.
LaTeX Font Info:    Setting CrimsonPro-TOsF sub-encoding to TS1/4 on input line 
7107.
LaTeX Font Info:    Setting FiraMono-TLF sub-encoding to TS1/4 on input line 710
8.
LaTeX Font Info:    Setting FiraMono-TOsF sub-encoding to TS1/4 on input line 71
09.
LaTeX Font Info:    Setting Go-TLF sub-encoding to TS1/4 on input line 7110.
LaTeX Font Info:    Setting GoMono-TLF sub-encoding to TS1/4 on input line 7111.

LaTeX Font Info:    Setting InriaSans-LF sub-encoding to TS1/4 on input line 711
2.
LaTeX Font Info:    Setting InriaSans-TLF sub-encoding to TS1/4 on input line 71
12.
LaTeX Font Info:    Setting InriaSans-OsF sub-encoding to TS1/4 on input line 71
12.
LaTeX Font Info:    Setting InriaSans-TOsF sub-encoding to TS1/4 on input line 7
112.
LaTeX Font Info:    Setting InriaSerif-LF sub-encoding to TS1/4 on input line 71
13.
LaTeX Font Info:    Setting InriaSerif-TLF sub-encoding to TS1/4 on input line 7
113.
LaTeX Font Info:    Setting InriaSerif-OsF sub-encoding to TS1/4 on input line 7
113.
LaTeX Font Info:    Setting InriaSerif-TOsF sub-encoding to TS1/4 on input line 
7113.
LaTeX Font Info:    Setting LibertinusSans-LF sub-encoding to TS1/4 on input lin
e 7114.
LaTeX Font Info:    Setting LibertinusSans-TLF sub-encoding to TS1/4 on input li
ne 7114.
LaTeX Font Info:    Setting LibertinusSans-OsF sub-encoding to TS1/4 on input li
ne 7114.
LaTeX Font Info:    Setting LibertinusSans-TOsF sub-encoding to TS1/4 on input l
ine 7114.
LaTeX Font Info:    Setting LibertinusSerif-LF sub-encoding to TS1/4 on input li
ne 7115.
LaTeX Font Info:    Setting LibertinusSerif-TLF sub-encoding to TS1/4 on input l
ine 7115.
LaTeX Font Info:    Setting LibertinusSerif-OsF sub-encoding to TS1/4 on input l
ine 7115.
LaTeX Font Info:    Setting LibertinusSerif-TOsF sub-encoding to TS1/4 on input 
line 7115.
LaTeX Font Info:    Setting LibreBodoni-TLF sub-encoding to TS1/4 on input line 
7116.
LaTeX Font Info:    Setting LibreFranklin-TLF sub-encoding to TS1/4 on input lin
e 7117.
LaTeX Font Info:    Setting LinguisticsPro-LF sub-encoding to TS1/4 on input lin
e 7118.
LaTeX Font Info:    Setting LinguisticsPro-OsF sub-encoding to TS1/4 on input li
ne 7119.
LaTeX Font Info:    Setting LinuxBiolinumT-LF sub-encoding to TS1/4 on input lin
e 7120.
LaTeX Font Info:    Setting LinuxBiolinumT-TLF sub-encoding to TS1/4 on input li
ne 7120.
LaTeX Font Info:    Setting LinuxBiolinumT-OsF sub-encoding to TS1/4 on input li
ne 7120.
LaTeX Font Info:    Setting LinuxBiolinumT-TOsF sub-encoding to TS1/4 on input l
ine 7120.
LaTeX Font Info:    Setting LinuxLibertineT-LF sub-encoding to TS1/4 on input li
ne 7121.
LaTeX Font Info:    Setting LinuxLibertineT-TLF sub-encoding to TS1/4 on input l
ine 7121.
LaTeX Font Info:    Setting LinuxLibertineT-OsF sub-encoding to TS1/4 on input l
ine 7121.
LaTeX Font Info:    Setting LinuxLibertineT-TOsF sub-encoding to TS1/4 on input 
line 7121.
LaTeX Font Info:    Setting MerriweatherSans-OsF sub-encoding to TS1/4 on input 
line 7122.
LaTeX Font Info:    Setting MintSpirit-LF sub-encoding to TS1/4 on input line 71
23.
LaTeX Font Info:    Setting MintSpirit-TLF sub-encoding to TS1/4 on input line 7
123.
LaTeX Font Info:    Setting MintSpirit-OsF sub-encoding to TS1/4 on input line 7
123.
LaTeX Font Info:    Setting MintSpirit-TOsF sub-encoding to TS1/4 on input line 
7123.
LaTeX Font Info:    Setting MintSpiritNoTwo-LF sub-encoding to TS1/4 on input li
ne 7124.
LaTeX Font Info:    Setting MintSpiritNoTwo-TLF sub-encoding to TS1/4 on input l
ine 7124.
LaTeX Font Info:    Setting MintSpiritNoTwo-OsF sub-encoding to TS1/4 on input l
ine 7124.
LaTeX Font Info:    Setting MintSpiritNoTwo-TOsF sub-encoding to TS1/4 on input 
line 7124.
LaTeX Font Info:    Setting PTMono-TLF sub-encoding to TS1/4 on input line 7125.

LaTeX Font Info:    Setting PTSans-TLF sub-encoding to TS1/4 on input line 7126.

LaTeX Font Info:    Setting PTSansCaption-TLF sub-encoding to TS1/4 on input lin
e 7127.
LaTeX Font Info:    Setting PTSansNarrow-TLF sub-encoding to TS1/4 on input line
 7128.
LaTeX Font Info:    Setting PTSerif-TLF sub-encoding to TS1/4 on input line 7129
.
LaTeX Font Info:    Setting PTSerifCaption-TLF sub-encoding to TS1/4 on input li
ne 7130.
LaTeX Font Info:    Setting Raleway-TLF sub-encoding to TS1/4 on input line 7131
.
LaTeX Font Info:    Setting Raleway-TOsF sub-encoding to TS1/4 on input line 713
2.
LaTeX Font Info:    Setting Roboto-LF sub-encoding to TS1/4 on input line 7133.
LaTeX Font Info:    Setting Roboto-TLF sub-encoding to TS1/4 on input line 7133.

LaTeX Font Info:    Setting Roboto-OsF sub-encoding to TS1/4 on input line 7133.

LaTeX Font Info:    Setting Roboto-TOsF sub-encoding to TS1/4 on input line 7133
.
LaTeX Font Info:    Setting RobotoMono-TLF sub-encoding to TS1/4 on input line 7
134.
LaTeX Font Info:    Setting RobotoSlab-TLF sub-encoding to TS1/4 on input line 7
135.
LaTeX Font Info:    Setting Rosario-LF sub-encoding to TS1/4 on input line 7136.

LaTeX Font Info:    Setting Rosario-TLF sub-encoding to TS1/4 on input line 7136
.
LaTeX Font Info:    Setting Rosario-OsF sub-encoding to TS1/4 on input line 7136
.
LaTeX Font Info:    Setting Rosario-TOsF sub-encoding to TS1/4 on input line 713
6.
LaTeX Font Info:    Setting SticksTooText-LF sub-encoding to TS1/4 on input line
 7137.
LaTeX Font Info:    Setting SticksTooText-TLF sub-encoding to TS1/4 on input lin
e 7137.
LaTeX Font Info:    Setting SticksTooText-OsF sub-encoding to TS1/4 on input lin
e 7137.
LaTeX Font Info:    Setting SticksTooText-TOsF sub-encoding to TS1/4 on input li
ne 7137.
LaTeX Font Info:    Setting UniversalisADFStd-LF sub-encoding to TS1/4 on input 
line 7138.
LaTeX Font Info:    Setting Almendra-OsF sub-encoding to TS1/5 on input line 713
9.
LaTeX Font Info:    Setting Baskervaldx-LF sub-encoding to TS1/5 on input line 7
140.
LaTeX Font Info:    Setting Baskervaldx-TLF sub-encoding to TS1/5 on input line 
7140.
LaTeX Font Info:    Setting Baskervaldx-OsF sub-encoding to TS1/5 on input line 
7140.
LaTeX Font Info:    Setting Baskervaldx-TOsF sub-encoding to TS1/5 on input line
 7140.
LaTeX Font Info:    Setting BaskervilleF-LF sub-encoding to TS1/5 on input line 
7141.
LaTeX Font Info:    Setting BaskervilleF-TLF sub-encoding to TS1/5 on input line
 7141.
LaTeX Font Info:    Setting BaskervilleF-OsF sub-encoding to TS1/5 on input line
 7141.
LaTeX Font Info:    Setting BaskervilleF-TOsF sub-encoding to TS1/5 on input lin
e 7141.
LaTeX Font Info:    Setting Bitter-TLF sub-encoding to TS1/5 on input line 7142.

LaTeX Font Info:    Setting Cinzel-LF sub-encoding to TS1/5 on input line 7143.
LaTeX Font Info:    Setting CinzelDecorative-LF sub-encoding to TS1/5 on input l
ine 7144.
LaTeX Font Info:    Setting DejaVuSerif-TLF sub-encoding to TS1/5 on input line 
7145.
LaTeX Font Info:    Setting DejaVuSerifCondensed-TLF sub-encoding to TS1/5 on in
put line 7146.
LaTeX Font Info:    Setting GilliusADF-LF sub-encoding to TS1/5 on input line 71
47.
LaTeX Font Info:    Setting GilliusADFCond-LF sub-encoding to TS1/5 on input lin
e 7148.
LaTeX Font Info:    Setting GilliusADFNoTwo-LF sub-encoding to TS1/5 on input li
ne 7149.
LaTeX Font Info:    Setting GilliusADFNoTwoCond-LF sub-encoding to TS1/5 on inpu
t line 7150.
LaTeX Font Info:    Setting LobsterTwo-LF sub-encoding to TS1/5 on input line 71
51.
LaTeX Font Info:    Setting OldStandard-TLF sub-encoding to TS1/5 on input line 
7152.
LaTeX Font Info:    Setting PlayfairDisplay-TLF sub-encoding to TS1/5 on input l
ine 7153.
LaTeX Font Info:    Setting PlayfairDisplay-TOsF sub-encoding to TS1/5 on input 
line 7154.
LaTeX Font Info:    Setting TheanoDidot-TLF sub-encoding to TS1/5 on input line 
7155.
LaTeX Font Info:    Setting TheanoDidot-TOsF sub-encoding to TS1/5 on input line
 7156.
LaTeX Font Info:    Setting TheanoModern-TLF sub-encoding to TS1/5 on input line
 7157.
LaTeX Font Info:    Setting TheanoModern-TOsF sub-encoding to TS1/5 on input lin
e 7158.
LaTeX Font Info:    Setting TheanoOldStyle-TLF sub-encoding to TS1/5 on input li
ne 7159.
LaTeX Font Info:    Setting TheanoOldStyle-TOsF sub-encoding to TS1/5 on input l
ine 7160.
LaTeX Font Info:    Setting Crimson-TLF sub-encoding to TS1/6 on input line 7161
.
LaTeX Font Info:    Setting IBMPlexMono-TLF sub-encoding to TS1/6 on input line 
7162.
LaTeX Font Info:    Setting IBMPlexSerif-TLF sub-encoding to TS1/6 on input line
 7163.
LaTeX Font Info:    Setting LibertinusMono-TLF sub-encoding to TS1/6 on input li
ne 7164.
LaTeX Font Info:    Setting LibertinusSerifDisplay-LF sub-encoding to TS1/6 on i
nput line 7165.
LaTeX Font Info:    Setting LinuxLibertineDisplayT-LF sub-encoding to TS1/6 on i
nput line 7166.
LaTeX Font Info:    Setting LinuxLibertineDisplayT-TLF sub-encoding to TS1/6 on 
input line 7166.
LaTeX Font Info:    Setting LinuxLibertineDisplayT-OsF sub-encoding to TS1/6 on 
input line 7166.
LaTeX Font Info:    Setting LinuxLibertineDisplayT-TOsF sub-encoding to TS1/6 on
 input line 7166.
LaTeX Font Info:    Setting LinuxLibertineMonoT-LF sub-encoding to TS1/6 on inpu
t line 7167.
LaTeX Font Info:    Setting LinuxLibertineMonoT-TLF sub-encoding to TS1/6 on inp
ut line 7168.
LaTeX Font Info:    Setting Overlock-LF sub-encoding to TS1/6 on input line 7169
.
LaTeX Font Info:    Setting CormorantGaramond-LF sub-encoding to TS1/7 on input 
line 7170.
LaTeX Font Info:    Setting CormorantGaramond-TLF sub-encoding to TS1/7 on input
 line 7170.
LaTeX Font Info:    Setting CormorantGaramond-OsF sub-encoding to TS1/7 on input
 line 7170.
LaTeX Font Info:    Setting CormorantGaramond-TOsF sub-encoding to TS1/7 on inpu
t line 7170.
LaTeX Font Info:    Setting Heuristica-TLF sub-encoding to TS1/7 on input line 7
171.
LaTeX Font Info:    Setting Heuristica-TOsF sub-encoding to TS1/7 on input line 
7172.
LaTeX Font Info:    Setting IMFELLEnglish-TLF sub-encoding to TS1/7 on input lin
e 7173.
LaTeX Font Info:    Setting LibreBaskerville-TLF sub-encoding to TS1/7 on input 
line 7174.
LaTeX Font Info:    Setting LibreCaslon-LF sub-encoding to TS1/7 on input line 7
175.
LaTeX Font Info:    Setting LibreCaslon-TLF sub-encoding to TS1/7 on input line 
7175.
LaTeX Font Info:    Setting LibreCaslon-OsF sub-encoding to TS1/7 on input line 
7175.
LaTeX Font Info:    Setting LibreCaslon-TOsF sub-encoding to TS1/7 on input line
 7175.
LaTeX Font Info:    Setting Marcellus-LF sub-encoding to TS1/7 on input line 717
6.
LaTeX Font Info:    Setting NotoSans-LF sub-encoding to TS1/7 on input line 7177
.
LaTeX Font Info:    Setting NotoSans-TLF sub-encoding to TS1/7 on input line 717
7.
LaTeX Font Info:    Setting NotoSans-OsF sub-encoding to TS1/7 on input line 717
7.
LaTeX Font Info:    Setting NotoSans-TOsF sub-encoding to TS1/7 on input line 71
77.
LaTeX Font Info:    Setting NotoSansMono-TLF sub-encoding to TS1/7 on input line
 7178.
LaTeX Font Info:    Setting NotoSansMono-TOsF sub-encoding to TS1/7 on input lin
e 7179.
LaTeX Font Info:    Setting NotoSerif-LF sub-encoding to TS1/7 on input line 718
0.
LaTeX Font Info:    Setting NotoSerif-TLF sub-encoding to TS1/7 on input line 71
80.
LaTeX Font Info:    Setting NotoSerif-OsF sub-encoding to TS1/7 on input line 71
80.
LaTeX Font Info:    Setting NotoSerif-TOsF sub-encoding to TS1/7 on input line 7
180.
LaTeX Font Info:    Setting Quattrocento-TLF sub-encoding to TS1/7 on input line
 7181.
LaTeX Font Info:    Setting QuattrocentoSans-TLF sub-encoding to TS1/7 on input 
line 7182.
LaTeX Font Info:    Setting XCharter-TLF sub-encoding to TS1/7 on input line 718
3.
LaTeX Font Info:    Setting XCharter-TOsF sub-encoding to TS1/7 on input line 71
84.
LaTeX Font Info:    Setting erewhon-LF sub-encoding to TS1/7 on input line 7185.

LaTeX Font Info:    Setting erewhon-TLF sub-encoding to TS1/7 on input line 7185
.
LaTeX Font Info:    Setting erewhon-OsF sub-encoding to TS1/7 on input line 7185
.
LaTeX Font Info:    Setting erewhon-TOsF sub-encoding to TS1/7 on input line 718
5.
LaTeX Font Info:    Setting ComicNeue-TLF sub-encoding to TS1/7 on input line 71
86.
LaTeX Font Info:    Setting ComicNeueAngular-TLF sub-encoding to TS1/7 on input 
line 7187.
LaTeX Font Info:    Setting Forum-LF sub-encoding to TS1/7 on input line 7188.
LaTeX Font Info:    Setting Cochineal-LF sub-encoding to TS1/8 on input line 718
9.
LaTeX Font Info:    Setting Cochineal-TLF sub-encoding to TS1/8 on input line 71
89.
LaTeX Font Info:    Setting Cochineal-OsF sub-encoding to TS1/8 on input line 71
89.
LaTeX Font Info:    Setting Cochineal-TOsF sub-encoding to TS1/8 on input line 7
189.
LaTeX Font Info:    Setting AlgolRevived-TLF sub-encoding to TS1/9 on input line
 7190.
 page nos., x-ref, environments, center,
\@rightskip=\skip27

verbatim,
\@verbvisiblespacebox=\box31
 math definitions,
\jot=\dimen52
\interdisplaylinepenalty=\count123
\rootbox=\box32
LaTeX Info: Redefining \: on input line 7680.
\c@equation=\count124
\@eqcnt=\count125
\@eqpen=\count126
\@centering=\skip28
\topsep=\skip29
\partopsep=\skip30
\itemsep=\skip31
\parsep=\skip32
\@topsep=\skip33
\@topsepadd=\skip34
\@outerparskip=\skip35
\leftmargin=\dimen53
\rightmargin=\dimen54
\listparindent=\dimen55
\itemindent=\dimen56
\labelwidth=\dimen57
\labelsep=\dimen58
\linewidth=\dimen59
\@totalleftmargin=\dimen60
\leftmargini=\dimen61
\leftmarginii=\dimen62
\leftmarginiii=\dimen63
\leftmarginiv=\dimen64
\leftmarginv=\dimen65
\leftmarginvi=\dimen66
\@listdepth=\count127
\@itempenalty=\count128
\@beginparpenalty=\count129
\@endparpenalty=\count130
\@labels=\box33
\par@deathcycles=\count131
\@enumdepth=\count132
\c@enumi=\count133
\c@enumii=\count134
\c@enumiii=\count135
\c@enumiv=\count136
\@itemdepth=\count137
 boxes,
\fboxrule=\dimen67
\fboxsep=\dimen68
\@mplistdepth=\count138
\@mpfootins=\insert254
LaTeX Info: Redefining \underline on input line 8314.
\@gtempa=\dimen69
\@gtempa=\dimen70
\@gtempa=\dimen71
\@gtempa=\dimen72
\@gtempa=\dimen73
\@gtempa=\dimen74
\@gtempa=\dimen75
\@gtempa=\dimen76
\@gtempa=\dimen77
\@gtempa=\dimen78
\@gtempa=\dimen79
\@gtempa=\dimen80
\@gtempa=\dimen81
\@gtempa=\dimen82
\@nxttabmar=\count139
\@curtabmar=\count140
\@curtab=\count141
\@hightab=\count142
\@tabpush=\count143
\@curline=\box34
\@curfield=\box35
\@tabfbox=\box36
\tabbingsep=\dimen83
\@chclass=\count144
\@lastchclass=\count145
\@chnum=\count146
\arraycolsep=\dimen84
\tabcolsep=\dimen85
\arrayrulewidth=\dimen86
\doublerulesep=\dimen87
\@arstrutbox=\box37
\@wholewidth=\dimen88
\@halfwidth=\dimen89
\unitlength=\dimen90
\@picbox=\box38
\@picht=\dimen91
\@ovxx=\dimen92
\@ovyy=\dimen93
\@ovdx=\dimen94
\@ovdy=\dimen95
\@ovro=\dimen96
\@ovri=\dimen97
\@xarg=\count147
\@yarg=\count148
\@yyarg=\count149
\@multicnt=\count150
\@xdim=\dimen98
\@ydim=\dimen99
\@linechar=\box39
\@linelen=\dimen100
\@clnwd=\dimen101
\@clnht=\dimen102
\@dashdim=\dimen103
\@dashbox=\box40
\@dashcnt=\count151
LaTeX Info: The control sequence `\linethickness' is already robust on input lin
e 9103.
LaTeX Info: The control sequence `\thinlines' is already robust on input line 91
09.
 title, sectioning,
\@secpenalty=\count152
\c@secnumdepth=\count153
\c@tocdepth=\count154
 contents, floats,
\@floatpenalty=\count155

footnotes,
\footins=\insert253
\c@footnote=\count156
\c@mpfootnote=\count157
\footnotesep=\dimen104
 index, bibliography,
\pkgcls@targetdate=\count158
\l_shipout_box=\box41
\l_shipout_box_ht_dim=\dimen105
\l_shipout_box_dp_dim=\dimen106
\l_shipout_box_wd_dim=\dimen107
\l_shipout_box_ht_plus_dp_dim=\dimen108
\l__shipout_tmp_box=\box42
\g_shipout_readonly_int=\count159
\g_shipout_totalpages_int=\count160
 output,
\bx@A=\insert252
\bx@B=\insert251
\bx@C=\insert250
\bx@D=\insert249
\bx@E=\insert248
\bx@F=\insert247
\bx@G=\insert246
\bx@H=\insert245
\bx@I=\insert244
\bx@J=\insert243
\bx@K=\insert242
\bx@L=\insert241
\bx@M=\insert240
\bx@N=\insert239
\bx@O=\insert238
\bx@P=\insert237
\bx@Q=\insert236
\bx@R=\insert235
\bx@S=\insert234
\bx@T=\insert233
\bx@U=\insert232
\bx@V=\insert231
\bx@W=\insert230
\bx@X=\insert229
\bx@Y=\insert228
\bx@Z=\insert227
\bx@AA=\insert226
\bx@BB=\insert225
\bx@CC=\insert224
\bx@DD=\insert223
\bx@EE=\insert222
\bx@FF=\insert221
\bx@GG=\insert220
\bx@HH=\insert219
\bx@II=\insert218
\bx@JJ=\insert217
\bx@KK=\insert216
\bx@LL=\insert215
\bx@MM=\insert214
\bx@NN=\insert213
\bx@OO=\insert212
\bx@PP=\insert211
\bx@QQ=\insert210
\bx@RR=\insert209
\bx@SS=\insert208
\bx@TT=\insert207
\bx@UU=\insert206
\bx@VV=\insert205
\bx@WW=\insert204
\bx@XX=\insert203
\bx@YY=\insert202
\bx@ZZ=\insert201
\topmargin=\dimen109
\oddsidemargin=\dimen110
\evensidemargin=\dimen111
\headheight=\dimen112
\headsep=\dimen113
\footskip=\dimen114
\textheight=\dimen115
\textwidth=\dimen116
\columnwidth=\dimen117
\columnsep=\dimen118
\columnseprule=\dimen119
\marginparwidth=\dimen120
\marginparsep=\dimen121
\marginparpush=\dimen122
\@begindvibox=\box43
\@maxdepth=\dimen123
\paperheight=\dimen124
\paperwidth=\dimen125
\col@number=\count161
\@topnum=\count162
\@toproom=\dimen126
\@dbltopnum=\count163
\@dbltoproom=\dimen127
\@botnum=\count164
\@botroom=\dimen128
\@colnum=\count165
\@textmin=\dimen129
\@fpmin=\dimen130
\@colht=\dimen131
\@colroom=\dimen132
\@pageht=\dimen133
\@pagedp=\dimen134
\@mparbottom=\dimen135
\@currtype=\count166
\@outputbox=\box44
\@leftcolumn=\box45
\@holdpg=\box46
\@kludgeins=\insert200
\@fpstype=\count167
\@reqcolroom=\dimen136
\@textfloatsheight=\dimen137
\c@topnumber=\count168
\c@bottomnumber=\count169
\c@totalnumber=\count170
\c@dbltopnumber=\count171
\floatsep=\skip36
\textfloatsep=\skip37
\intextsep=\skip38
\dblfloatsep=\skip39
\dbltextfloatsep=\skip40
\@fptop=\skip41
\@fpsep=\skip42
\@fpbot=\skip43
\@dblfptop=\skip44
\@dblfpsep=\skip45
\@dblfpbot=\skip46
\@lowpenalty=\count172
\@medpenalty=\count173
\@highpenalty=\count174
  Unicode character data,
(c:/Users/olikin/CloudStation/Travail/cross/chronoHB-v1/chronoHB/texlive/2020/t
exmf-dist/tex/generic/unicode-data/load-unicode-data.tex 
load-unicode-data.tex v1.14 (2020-10-24)
Reading Unicode data
# UnicodeData-13.0.0.txt
# Modified 2020-03-12 11:00:00 GMT [JAW]
)
\c_code_cctab=\catcodetable10
\c_document_cctab=\catcodetable11

===========================================
Local configuration file hyphen.cfg used
===========================================

(c:/Users/olikin/CloudStation/Travail/cross/chronoHB-v1/chronoHB/texlive/2020/t
exmf-dist/tex/generic/babel/hyphen.cfg
File: hyphen.cfg 2021/02/22 3.54 Babel hyphens

(c:/Users/olikin/CloudStation/Travail/cross/chronoHB-v1/chronoHB/texlive/2020/t
exmf-dist/tex/generic/babel/luababel.def)
\l@english=\language0

(c:/Users/olikin/CloudStation/Travail/cross/chronoHB-v1/chronoHB/texlive/2020/t
exmf-dist/tex/generic/hyphen/hyphen.tex)
\l@usenglish=\language0
\l@USenglish=\language0
\l@american=\language0
)
\l@nohyphenation=\language1

(c:/Users/olikin/CloudStation/Travail/cross/chronoHB-v1/chronoHB/texlive/2020/t
exmf-dist/tex/latex/firstaid/latex2e-first-aid-for-external-files.ltx
File: latex2e-first-aid-for-external-files.ltx 2020/12/14 v1.0i LaTeX kernel fix
es to external files and packages
)
)))
Beginning to dump on file dvilualatex.fmt
 (format=dvilualatex 2021.10.3)
21462 strings using 351489 bytes
684471 memory locations dumped; current usage is 204&313319
20074 multiletter control sequences
\font\nullfont=nullfont
\font\c__fp_exp_intarray=cmr10 at 0.00002pt
\font\c__fp_trig_intarray=cmr10 at 0.00003pt
\font\g__regex_state_active_intarray=cmr10 at 0.00005pt
\font\g__regex_thread_info_intarray=cmr10 at 0.00006pt
\font\g__regex_submatch_prev_intarray=cmr10 at 0.00008pt
\font\g__regex_submatch_begin_intarray=cmr10 at 0.00009pt
\font\g__regex_submatch_end_intarray=cmr10 at 0.0001pt
\font\g__regex_balance_intarray=cmr10 at 0.00012pt
\font\OMX/cmex/m/n/10=cmex10
\font\tenln=line10
\font\tenlnw=linew10
\font\tencirc=lcircle10
\font\tencircw=lcirclew10
\font\OT1/cmr/m/n/5=cmr5
\font\OT1/cmr/m/n/7=cmr7
\font\OT1/cmr/m/n/10=cmr10
\font\OML/cmm/m/it/5=cmmi5
\font\OML/cmm/m/it/7=cmmi7
\font\OML/cmm/m/it/10=cmmi10
\font\OMS/cmsy/m/n/5=cmsy5
\font\OMS/cmsy/m/n/7=cmsy7
\font\OMS/cmsy/m/n/10=cmsy10
22 preloaded fonts
No pages of output.

